2026-06-08 06:12:30 [INFO] STEP 04c_exact_m_verification: Exact-M Jordan-Frame Acoustic Verification
2026-06-08 06:12:30 [PROCESS]   Patching background.c for M_exact = A*(1+alpha_A)...
2026-06-08 06:12:30 [SUCCESS]   Patched tep_M_factor to M_exact
2026-06-08 06:12:30 [PROCESS]   Recompiling hi_class...
2026-06-08 06:12:44 [SUCCESS]   hi_class compiled successfully
2026-06-08 06:12:44 [INFO]   Running exact-M scan (z_T = 5)...
2026-06-08 06:12:44 [PROCESS]     EdS + M_exact, epsilon_T = 0.00...
2026-06-08 06:12:46 [SUCCESS]       100*theta_s = 1.0403 (r_s = 144.5256 Mpc)
2026-06-08 06:12:46 [PROCESS]     EdS + M_exact, epsilon_T = 0.01...
2026-06-08 06:12:46 [SUCCESS]       100*theta_s = 1.0431 (r_s = 144.5243 Mpc)
2026-06-08 06:12:46 [PROCESS]     EdS + M_exact, epsilon_T = 0.02...
2026-06-08 06:12:46 [SUCCESS]       100*theta_s = 1.0459 (r_s = 144.523 Mpc)
2026-06-08 06:12:46 [PROCESS]     EdS + M_exact, epsilon_T = 0.03...
2026-06-08 06:12:47 [SUCCESS]       100*theta_s = 1.0485 (r_s = 144.5217 Mpc)
2026-06-08 06:12:47 [PROCESS]     EdS + M_exact, epsilon_T = 0.04...
2026-06-08 06:12:47 [SUCCESS]       100*theta_s = 1.0511 (r_s = 144.5204 Mpc)
2026-06-08 06:12:47 [PROCESS]     EdS + M_exact, epsilon_T = 0.05...
2026-06-08 06:12:48 [SUCCESS]       100*theta_s = 1.0535 (r_s = 144.5191 Mpc)
2026-06-08 06:12:48 [PROCESS]     EdS + M_exact, epsilon_T = 0.06...
2026-06-08 06:12:48 [SUCCESS]       100*theta_s = 1.0558 (r_s = 144.5178 Mpc)
2026-06-08 06:12:48 [PROCESS]   Restoring original background.c...
2026-06-08 06:12:48 [SUCCESS]   Restored original background.c
2026-06-08 06:12:48 [PROCESS]   Recompiling hi_class...
2026-06-08 06:12:57 [SUCCESS]   hi_class compiled successfully
2026-06-08 06:12:57 [PROCESS]   Comparing exact-M vs implemented-M...
2026-06-08 06:12:57 [SUCCESS]   Max |delta r_s| = 0.0 ppm; Max |delta theta_s| = 1796.4 ppm. Exact-M is indistinguishable from implemented-M in the screened CMB regime.
2026-06-08 06:12:57 [SUCCESS]   Saved verification results to /Users/matthewsmawfield/www/Temporal Equivalence Principle/TEP-HC/results/04c_exact_m_verification.json
