2026-05-25 02:40:59 [INFO] STEP 04_cmb: CMB Spectra Generation (Real Data)
2026-05-25 02:40:59 [PROCESS] Preparing hi_class input configurations...
2026-05-25 02:40:59 [PROCESS] Running hi_class C-engine (LambdaCDM)...
2026-05-25 02:41:00 [PROCESS] Running hi_class C-engine (TEP)...
2026-05-25 02:41:04 [PROCESS] Parsing Boltzmann-solved spectra...
2026-05-25 02:41:04 [SUCCESS]   ✓ Saved real results to /Users/matthewsmawfield/www/Temporal Equivalence Principle/TEP-HC/results/04_cmb_spectra.json
2026-05-25 02:41:04 [SUCCESS] 
Step 05 completed in 4.9s
2026-05-25 02:41:04 [INFO] 
2026-05-25 02:41:04 [INFO] ----------------------------------------------------------------------
2026-05-25 02:41:04 [INFO] 
2026-05-25 02:41:04 [INFO] >>> STEP 06: COBAYA MCMC SETUP
2026-05-25 02:41:04 [INFO] 
2026-05-25 03:43:38 [INFO] STEP 04_cmb: CMB Spectra Generation (Real Data)
2026-05-25 03:43:38 [PROCESS] Preparing hi_class input configurations...
2026-05-25 03:43:38 [PROCESS] Running hi_class C-engine (LambdaCDM)...
2026-05-25 03:43:39 [PROCESS] Running hi_class C-engine (TEP)...
2026-05-25 03:43:40 [PROCESS] Parsing Boltzmann-solved spectra...
2026-05-25 03:43:40 [SUCCESS]   ✓ Saved real results to /Users/matthewsmawfield/www/Temporal Equivalence Principle/TEP-HC/results/04_cmb_spectra.json
2026-05-25 03:43:40 [SUCCESS] 
Step 05 completed in 1.6s
2026-05-25 03:43:40 [INFO] 
2026-05-25 03:43:40 [INFO] ----------------------------------------------------------------------
2026-05-25 03:43:40 [INFO] 
2026-05-25 03:43:40 [INFO] >>> STEP 06: COBAYA MCMC SETUP
2026-05-25 03:43:40 [INFO] 
2026-05-25 03:45:53 [INFO] STEP 04_cmb: CMB Spectra Generation (Real Data)
2026-05-25 03:45:53 [PROCESS] Preparing hi_class input configurations...
2026-05-25 03:45:53 [PROCESS] Running hi_class C-engine (LambdaCDM)...
2026-05-25 03:45:54 [PROCESS] Running hi_class C-engine (TEP)...
2026-05-25 03:45:56 [PROCESS] Parsing Boltzmann-solved spectra...
2026-05-25 03:45:56 [SUCCESS]   ✓ Saved real results to /Users/matthewsmawfield/www/Temporal Equivalence Principle/TEP-HC/results/04_cmb_spectra.json
2026-05-25 03:45:56 [SUCCESS] 
Step 05 completed in 3.5s
2026-05-25 03:45:56 [INFO] 
2026-05-25 03:45:56 [INFO] ----------------------------------------------------------------------
2026-05-25 03:45:56 [INFO] 
2026-05-25 03:45:56 [INFO] >>> STEP 06: COBAYA MCMC SETUP
2026-05-25 03:45:56 [INFO] 
2026-05-25 03:55:37 [INFO] STEP 04_cmb: CMB Spectra Generation (Real Data)
2026-05-25 03:55:37 [PROCESS] Preparing hi_class input configurations...
2026-05-25 03:55:37 [PROCESS] Running hi_class C-engine (LambdaCDM)...
2026-05-25 03:55:37 [PROCESS] Running hi_class C-engine (TEP)...
2026-05-25 03:55:38 [PROCESS] Parsing Boltzmann-solved spectra...
2026-05-25 03:55:38 [SUCCESS]   ✓ Saved real results to /Users/matthewsmawfield/www/Temporal Equivalence Principle/TEP-HC/results/04_cmb_spectra.json
2026-05-25 03:55:38 [SUCCESS] 
Step 05 completed in 1.5s
2026-05-25 03:55:38 [INFO] 
2026-05-25 03:55:38 [INFO] ----------------------------------------------------------------------
2026-05-25 03:55:38 [INFO] 
2026-05-25 03:55:38 [INFO] >>> STEP 06: COBAYA MCMC SETUP
2026-05-25 03:55:38 [INFO] 
2026-05-25 04:01:20 [INFO] STEP 04_cmb: CMB Spectra Generation (Real Data)
2026-05-25 04:01:20 [PROCESS] Preparing hi_class input configurations...
2026-05-25 04:01:20 [PROCESS] Running hi_class C-engine (LambdaCDM)...
2026-05-25 04:01:21 [PROCESS] Running hi_class C-engine (TEP)...
2026-05-25 04:01:24 [PROCESS] Parsing Boltzmann-solved spectra...
2026-05-25 04:01:24 [SUCCESS]   ✓ Saved real results to /Users/matthewsmawfield/www/Temporal Equivalence Principle/TEP-HC/results/04_cmb_spectra.json
2026-05-25 04:01:24 [SUCCESS] 
Step 05 completed in 3.7s
2026-05-25 04:01:24 [INFO] 
2026-05-25 04:01:24 [INFO] ----------------------------------------------------------------------
2026-05-25 04:01:24 [INFO] 
2026-05-25 04:01:24 [INFO] >>> STEP 06: COBAYA MCMC SETUP
2026-05-25 04:01:24 [INFO] 
2026-05-25 05:44:25 [INFO] STEP 04_cmb: CMB Spectra Generation (Real Data)
2026-05-25 05:44:25 [PROCESS] Preparing hi_class input configurations...
2026-05-25 05:44:25 [PROCESS] Running hi_class C-engine (LambdaCDM)...
2026-05-25 05:44:26 [PROCESS] Running hi_class C-engine (TEP)...
2026-05-25 05:44:26 [PROCESS] Parsing Boltzmann-solved spectra...
2026-05-25 05:44:26 [SUCCESS]   ✓ Saved real results to /Users/matthewsmawfield/www/Temporal Equivalence Principle/TEP-HC/results/04_cmb_spectra.json
2026-05-25 05:44:26 [SUCCESS] 
Step 05 completed in 1.3s
2026-05-25 05:44:26 [INFO] 
2026-05-25 05:44:26 [INFO] ----------------------------------------------------------------------
2026-05-25 05:44:26 [INFO] 
2026-05-25 05:44:26 [INFO] >>> STEP 06: COBAYA MCMC SETUP
2026-05-25 05:44:26 [INFO] 
2026-06-02 00:13:39 [INFO] STEP 04_cmb: CMB Spectra Generation (Real Data)
2026-06-02 00:13:39 [PROCESS] Preparing hi_class input configurations...
2026-06-02 00:13:39 [INFO]   Native TEP: epsilon_T=0.0066, z_T=5.0, n_T=2.0
2026-06-02 00:13:39 [PROCESS] Running hi_class C-engine (LambdaCDM)...
2026-06-02 00:13:41 [PROCESS] Running hi_class C-engine (TEP)...
2026-06-02 00:13:41 [PROCESS] Parsing Boltzmann-solved spectra...
2026-06-02 00:13:41 [SUCCESS]   ✓ Saved real results to /Users/matthewsmawfield/www/Temporal Equivalence Principle/TEP-HC/results/04_cmb_spectra.json
2026-06-02 13:08:43 [INFO] STEP 04_cmb: CMB Spectra Generation (Real Data)
2026-06-02 13:08:43 [PROCESS] Preparing hi_class input configurations...
2026-06-02 13:08:43 [INFO]   Native TEP: epsilon_T=0.0066, z_T=5.0, n_T=2.0
2026-06-02 13:08:43 [PROCESS] Running hi_class C-engine (LambdaCDM)...
2026-06-02 13:08:44 [PROCESS] Running hi_class C-engine (TEP)...
2026-06-02 13:08:45 [PROCESS] Parsing Boltzmann-solved spectra...
2026-06-02 13:08:45 [PROCESS] Computing acoustic-scale preservation (r_s, theta_s)...
2026-06-02 13:08:45 [INFO]   r_s ratio = 1.0000000 (preservation), theta_s shift = +0.2688%
2026-06-02 13:08:45 [SUCCESS]   ✓ Saved real results to /Users/matthewsmawfield/www/Temporal Equivalence Principle/TEP-HC/results/04_cmb_spectra.json
2026-06-02 13:28:34 [INFO] STEP 04_cmb: CMB Spectra Generation (Real Data)
2026-06-02 13:28:34 [PROCESS] Preparing hi_class input configurations...
2026-06-02 13:28:35 [INFO]   Native TEP: epsilon_T=0.0066, z_T=5.0, n_T=2.0
2026-06-02 13:28:35 [PROCESS] Running hi_class C-engine (LambdaCDM)...
2026-06-02 13:28:36 [PROCESS] Running hi_class C-engine (TEP)...
2026-06-02 13:28:37 [PROCESS] Parsing Boltzmann-solved spectra...
2026-06-02 13:28:37 [PROCESS] Computing acoustic-scale preservation (r_s, theta_s)...
2026-06-02 13:28:37 [INFO]   r_s ratio = 1.0000000 (preservation), theta_s shift = +0.2688%
2026-06-02 13:28:37 [SUCCESS]   ✓ Saved real results to /Users/matthewsmawfield/www/Temporal Equivalence Principle/TEP-HC/results/04_cmb_spectra.json
2026-06-03 20:35:01 [INFO] STEP 04_cmb: CMB Spectra Generation (Real Data)
2026-06-03 20:35:01 [PROCESS] Preparing hi_class input configurations...
2026-06-03 20:35:02 [INFO]   Native TEP: epsilon_T=0.0066, z_T=5.0, n_T=2.0
2026-06-03 20:35:02 [PROCESS] Running hi_class C-engine (LambdaCDM)...
2026-06-03 20:35:03 [PROCESS] Running hi_class C-engine (TEP)...
2026-06-03 20:35:04 [PROCESS] Parsing Boltzmann-solved spectra...
2026-06-03 20:35:04 [PROCESS] Computing acoustic-scale preservation (r_s, theta_s)...
2026-06-03 20:35:04 [INFO]   r_s ratio = 1.0000059 (preservation), theta_s shift = -0.1875%
2026-06-03 20:35:04 [SUCCESS]   ✓ Saved real results to /Users/matthewsmawfield/www/Temporal Equivalence Principle/TEP-HC/results/04_cmb_spectra.json
2026-06-03 20:35:04 [SUCCESS] 
Step 05 completed in 2.7s
2026-06-03 20:35:04 [INFO] 
2026-06-03 20:35:04 [INFO] ----------------------------------------------------------------------
2026-06-03 20:35:04 [INFO] 
2026-06-03 20:35:04 [INFO] >>> STEP 06: JORDAN-FRAME NO-DARK-ENERGY RECONSTRUCTION
2026-06-03 20:35:04 [INFO] 
2026-06-03 21:10:35 [INFO] STEP 04_cmb: CMB Spectra Generation (Real Data)
2026-06-03 21:10:35 [PROCESS] Preparing hi_class input configurations...
2026-06-03 21:10:35 [INFO]   Native TEP: epsilon_T=0.0066, z_T=5.0, n_T=2.0
2026-06-03 21:10:35 [PROCESS] Running hi_class C-engine (LambdaCDM)...
2026-06-03 21:10:35 [PROCESS] Running hi_class C-engine (TEP)...
2026-06-03 21:10:36 [PROCESS] Parsing Boltzmann-solved spectra...
2026-06-03 21:10:36 [PROCESS] Computing acoustic-scale preservation (r_s, theta_s)...
2026-06-03 21:10:36 [INFO]   r_s ratio = 1.0000059 (preservation), theta_s shift = -0.1875%
2026-06-03 21:10:36 [SUCCESS]   ✓ Saved real results to /Users/matthewsmawfield/www/Temporal Equivalence Principle/TEP-HC/results/04_cmb_spectra.json
2026-06-03 21:10:36 [SUCCESS] 
Step 05 completed in 0.9s
2026-06-03 21:10:36 [INFO] 
2026-06-03 21:10:36 [INFO] ----------------------------------------------------------------------
2026-06-03 21:10:36 [INFO] 
2026-06-03 21:10:36 [INFO] >>> STEP 06: JORDAN-FRAME NO-DARK-ENERGY RECONSTRUCTION
2026-06-03 21:10:36 [INFO] 
2026-06-03 21:31:40 [INFO] STEP 04_cmb: CMB Spectra Generation (Real Data)
2026-06-03 21:31:40 [PROCESS] Preparing hi_class input configurations...
2026-06-03 21:31:40 [INFO]   Native TEP: epsilon_T=0.0066, z_T=5.0, n_T=2.0
2026-06-03 21:31:40 [PROCESS] Running hi_class C-engine (LambdaCDM)...
2026-06-03 21:31:41 [PROCESS] Running hi_class C-engine (TEP)...
2026-06-03 21:31:41 [PROCESS] Parsing Boltzmann-solved spectra...
2026-06-03 21:31:41 [PROCESS] Computing acoustic-scale preservation (r_s, theta_s)...
2026-06-03 21:31:41 [INFO]   r_s ratio = 0.9999941 (preservation), theta_s shift = +0.1851%
2026-06-03 21:31:41 [SUCCESS]   ✓ Saved real results to /Users/matthewsmawfield/www/Temporal Equivalence Principle/TEP-HC/results/04_cmb_spectra.json
2026-06-03 21:31:41 [SUCCESS] 
Step 05 completed in 1.4s
2026-06-03 21:31:41 [INFO] 
2026-06-03 21:31:41 [INFO] ----------------------------------------------------------------------
2026-06-03 21:31:41 [INFO] 
2026-06-03 21:31:41 [INFO] >>> STEP 06: JORDAN-FRAME NO-DARK-ENERGY RECONSTRUCTION
2026-06-03 21:31:41 [INFO] 
2026-06-03 21:36:19 [INFO] STEP 04_cmb: CMB Spectra Generation (Real Data)
2026-06-03 21:36:19 [PROCESS] Preparing hi_class input configurations...
2026-06-03 21:36:19 [INFO]   Native TEP: epsilon_T=0.0066, z_T=5.0, n_T=2.0
2026-06-03 21:36:19 [PROCESS] Running hi_class C-engine (LambdaCDM)...
2026-06-03 21:36:19 [PROCESS] Running hi_class C-engine (TEP)...
2026-06-03 21:36:20 [PROCESS] Parsing Boltzmann-solved spectra...
2026-06-03 21:36:20 [PROCESS] Computing acoustic-scale preservation (r_s, theta_s)...
2026-06-03 21:36:20 [INFO]   r_s ratio = 0.9999941 (preservation), theta_s shift = +0.1851%
2026-06-03 21:36:20 [SUCCESS]   ✓ Saved real results to /Users/matthewsmawfield/www/Temporal Equivalence Principle/TEP-HC/results/04_cmb_spectra.json
2026-06-03 21:36:20 [SUCCESS] 
Step 05 completed in 0.8s
2026-06-03 21:36:20 [INFO] 
2026-06-03 21:36:20 [INFO] ----------------------------------------------------------------------
2026-06-03 21:36:20 [INFO] 
2026-06-03 21:36:20 [INFO] >>> STEP 06: JORDAN-FRAME NO-DARK-ENERGY RECONSTRUCTION
2026-06-03 21:36:20 [INFO] 
2026-06-03 21:38:17 [INFO] STEP 04_cmb: CMB Spectra Generation (Real Data)
2026-06-03 21:38:17 [PROCESS] Preparing hi_class input configurations...
2026-06-03 21:38:17 [INFO]   Native TEP: epsilon_T=0.0066, z_T=5.0, n_T=2.0
2026-06-03 21:38:17 [PROCESS] Running hi_class C-engine (LambdaCDM)...
2026-06-03 21:38:18 [PROCESS] Running hi_class C-engine (TEP)...
2026-06-03 21:38:18 [PROCESS] Parsing Boltzmann-solved spectra...
2026-06-03 21:38:18 [PROCESS] Computing acoustic-scale preservation (r_s, theta_s)...
2026-06-03 21:38:18 [INFO]   r_s ratio = 0.9999941 (preservation), theta_s shift = +0.1851%
2026-06-03 21:38:18 [SUCCESS]   ✓ Saved real results to /Users/matthewsmawfield/www/Temporal Equivalence Principle/TEP-HC/results/04_cmb_spectra.json
2026-06-03 21:38:18 [SUCCESS] 
Step 05 completed in 0.8s
2026-06-03 21:38:18 [INFO] 
2026-06-03 21:38:18 [INFO] ----------------------------------------------------------------------
2026-06-03 21:38:18 [INFO] 
2026-06-03 21:38:18 [INFO] >>> STEP 06: JORDAN-FRAME NO-DARK-ENERGY RECONSTRUCTION
2026-06-03 21:38:18 [INFO] 
2026-06-03 21:40:15 [INFO] STEP 04_cmb: CMB Spectra Generation (Real Data)
2026-06-03 21:40:15 [PROCESS] Preparing hi_class input configurations...
2026-06-03 21:40:15 [INFO]   Native TEP: epsilon_T=0.0066, z_T=5.0, n_T=2.0
2026-06-03 21:40:15 [PROCESS] Running hi_class C-engine (LambdaCDM)...
2026-06-03 21:40:15 [PROCESS] Running hi_class C-engine (TEP)...
2026-06-03 21:40:15 [PROCESS] Parsing Boltzmann-solved spectra...
2026-06-03 21:40:15 [PROCESS] Computing acoustic-scale preservation (r_s, theta_s)...
2026-06-03 21:40:16 [INFO]   r_s ratio = 0.9999941 (preservation), theta_s shift = +0.1851%
2026-06-03 21:40:16 [SUCCESS]   ✓ Saved real results to /Users/matthewsmawfield/www/Temporal Equivalence Principle/TEP-HC/results/04_cmb_spectra.json
2026-06-03 21:40:16 [SUCCESS] 
Step 05 completed in 0.8s
2026-06-03 21:40:16 [INFO] 
2026-06-03 21:40:16 [INFO] ----------------------------------------------------------------------
2026-06-03 21:40:16 [INFO] 
2026-06-03 21:40:16 [INFO] >>> STEP 06: JORDAN-FRAME NO-DARK-ENERGY RECONSTRUCTION
2026-06-03 21:40:16 [INFO] 
2026-06-03 23:03:05 [INFO] STEP 04_cmb: CMB Spectra Generation (Real Data)
2026-06-03 23:03:05 [PROCESS] Preparing hi_class input configurations...
2026-06-03 23:03:05 [INFO]   Native TEP: epsilon_T=0.0066, z_T=5.0, n_T=2.0
2026-06-03 23:03:05 [PROCESS] Running hi_class C-engine (LambdaCDM)...
2026-06-03 23:03:06 [PROCESS] Running hi_class C-engine (TEP)...
2026-06-03 23:03:07 [PROCESS] Parsing Boltzmann-solved spectra...
2026-06-03 23:03:07 [PROCESS] Computing acoustic-scale preservation (r_s, theta_s)...
2026-06-03 23:03:07 [INFO]   r_s ratio = 0.9999941 (preservation), theta_s shift = +0.1851%
2026-06-03 23:03:07 [SUCCESS]   ✓ Saved real results to /Users/matthewsmawfield/www/Temporal Equivalence Principle/TEP-HC/results/04_cmb_spectra.json
2026-06-03 23:03:07 [SUCCESS] 
Step 05 completed in 1.3s
2026-06-03 23:03:07 [INFO] 
2026-06-03 23:03:07 [INFO] ----------------------------------------------------------------------
2026-06-03 23:03:07 [INFO] 
2026-06-03 23:03:07 [INFO] >>> STEP 06: JORDAN-FRAME NO-DARK-ENERGY RECONSTRUCTION
2026-06-03 23:03:07 [INFO] 
2026-06-05 20:03:31 [INFO] STEP 04_cmb: CMB Spectra Generation (Real Data)
2026-06-05 20:03:31 [PROCESS] Preparing hi_class input configurations...
2026-06-05 20:03:31 [INFO]   Native TEP: epsilon_T=0.0066, z_T=5.0, n_T=2.0
2026-06-05 20:03:31 [PROCESS] Running hi_class C-engine (LambdaCDM)...
2026-06-05 20:03:33 [PROCESS] Running hi_class C-engine (TEP)...
2026-06-05 20:03:34 [PROCESS] Parsing Boltzmann-solved spectra...
2026-06-05 20:03:34 [PROCESS] Computing acoustic-scale preservation (r_s, theta_s)...
2026-06-05 20:03:35 [INFO]   r_s ratio = 0.9999941 (preservation), theta_s shift = +0.1851%
2026-06-05 20:03:35 [SUCCESS]   ✓ Saved real results to /Users/matthewsmawfield/www/Temporal Equivalence Principle/TEP-HC/results/04_cmb_spectra.json
2026-06-05 20:42:14 [INFO] STEP 04_cmb: CMB Spectra Generation (Real Data)
2026-06-05 20:42:14 [PROCESS] Preparing hi_class input configurations...
2026-06-05 20:42:14 [INFO]   Native TEP: epsilon_T=0.0066, z_T=5.0, n_T=2.0
2026-06-05 20:42:14 [PROCESS] Running hi_class C-engine (LambdaCDM)...
2026-06-05 20:42:17 [PROCESS] Running hi_class C-engine (TEP)...
2026-06-05 20:42:20 [PROCESS] Parsing Boltzmann-solved spectra...
2026-06-05 20:42:20 [PROCESS] Computing acoustic-scale preservation (r_s, theta_s)...
2026-06-05 20:42:20 [INFO]   r_s ratio = 0.9999941 (preservation), theta_s shift = +0.1851%
2026-06-05 20:42:20 [SUCCESS]   ✓ Saved real results to /Users/matthewsmawfield/www/Temporal Equivalence Principle/TEP-HC/results/04_cmb_spectra.json
2026-06-05 20:42:20 [SUCCESS] 
Step 04 completed in 6.5s
2026-06-05 20:42:20 [INFO] 
2026-06-05 20:42:20 [INFO] ----------------------------------------------------------------------
2026-06-05 20:42:20 [INFO] 
2026-06-05 20:42:20 [INFO] >>> STEP 05: JORDAN-FRAME NO-DARK-ENERGY RECONSTRUCTION
2026-06-05 20:42:20 [INFO] 
