2026-05-25 02:40:59 [INFO] STEP 02_background: Background Evolution Analysis (Rigorous)
2026-05-25 02:40:59 [PROCESS] Solving scalar field ODE from action...
2026-05-25 02:40:59 [PROCESS] Computing exact Hubble expansion history...
2026-05-25 02:40:59 [SUCCESS]   ✓ Saved rigorous results to /Users/matthewsmawfield/www/Temporal Equivalence Principle/TEP-HC/results/02_background_evolution.json
2026-05-25 02:40:59 [SUCCESS] 
Step 03 completed in 0.0s
2026-05-25 02:40:59 [INFO] 
2026-05-25 02:40:59 [INFO] ----------------------------------------------------------------------
2026-05-25 02:40:59 [INFO] 
2026-05-25 02:40:59 [INFO] >>> STEP 04: ALPHA FUNCTIONS VALIDATION
2026-05-25 02:40:59 [INFO] 
2026-05-25 05:44:25 [INFO] STEP 02_background: Background Evolution Analysis (Rigorous)
2026-05-25 05:44:25 [PROCESS] Solving scalar field ODE from action...
2026-05-25 05:44:25 [PROCESS] Computing exact Hubble expansion history...
2026-05-25 05:44:25 [SUCCESS]   ✓ Saved rigorous results to /Users/matthewsmawfield/www/Temporal Equivalence Principle/TEP-HC/results/02_background_evolution.json
2026-05-25 05:44:25 [SUCCESS] 
Step 03 completed in 0.0s
2026-05-25 05:44:25 [INFO] 
2026-05-25 05:44:25 [INFO] ----------------------------------------------------------------------
2026-05-25 05:44:25 [INFO] 
2026-05-25 05:44:25 [INFO] >>> STEP 04: ALPHA FUNCTIONS VALIDATION
2026-05-25 05:44:25 [INFO] 
2026-06-03 20:35:01 [INFO] STEP 02_background: Background Evolution Analysis (Rigorous)
2026-06-03 20:35:01 [PROCESS] Solving scalar field ODE from action...
2026-06-03 20:35:01 [PROCESS] Computing exact Hubble expansion history...
2026-06-03 20:35:01 [SUCCESS]   ✓ Saved rigorous results to /Users/matthewsmawfield/www/Temporal Equivalence Principle/TEP-HC/results/02_background_evolution.json
2026-06-03 20:35:01 [SUCCESS] 
Step 03 completed in 0.0s
2026-06-03 20:35:01 [INFO] 
2026-06-03 20:35:01 [INFO] ----------------------------------------------------------------------
2026-06-03 20:35:01 [INFO] 
2026-06-03 20:35:01 [INFO] >>> STEP 04: ALPHA FUNCTIONS VALIDATION
2026-06-03 20:35:01 [INFO] 
2026-06-03 21:10:35 [INFO] STEP 02_background: Background Evolution Analysis (Rigorous)
2026-06-03 21:10:35 [PROCESS] Solving scalar field ODE from action...
2026-06-03 21:10:35 [PROCESS] Computing exact Hubble expansion history...
2026-06-03 21:10:35 [SUCCESS]   ✓ Saved rigorous results to /Users/matthewsmawfield/www/Temporal Equivalence Principle/TEP-HC/results/02_background_evolution.json
2026-06-03 21:10:35 [SUCCESS] 
Step 03 completed in 0.0s
2026-06-03 21:10:35 [INFO] 
2026-06-03 21:10:35 [INFO] ----------------------------------------------------------------------
2026-06-03 21:10:35 [INFO] 
2026-06-03 21:10:35 [INFO] >>> STEP 04: ALPHA FUNCTIONS VALIDATION
2026-06-03 21:10:35 [INFO] 
2026-06-03 21:31:40 [INFO] STEP 02_background: Background Evolution Analysis (Rigorous)
2026-06-03 21:31:40 [PROCESS] Solving scalar field ODE from action...
2026-06-03 21:31:40 [PROCESS] Computing exact Hubble expansion history...
2026-06-03 21:31:40 [SUCCESS]   ✓ Saved rigorous results to /Users/matthewsmawfield/www/Temporal Equivalence Principle/TEP-HC/results/02_background_evolution.json
2026-06-03 21:31:40 [SUCCESS] 
Step 03 completed in 0.0s
2026-06-03 21:31:40 [INFO] 
2026-06-03 21:31:40 [INFO] ----------------------------------------------------------------------
2026-06-03 21:31:40 [INFO] 
2026-06-03 21:31:40 [INFO] >>> STEP 04: ALPHA FUNCTIONS VALIDATION
2026-06-03 21:31:40 [INFO] 
2026-06-03 21:36:19 [INFO] STEP 02_background: Background Evolution Analysis (Rigorous)
2026-06-03 21:36:19 [PROCESS] Solving scalar field ODE from action...
2026-06-03 21:36:19 [PROCESS] Computing exact Hubble expansion history...
2026-06-03 21:36:19 [SUCCESS]   ✓ Saved rigorous results to /Users/matthewsmawfield/www/Temporal Equivalence Principle/TEP-HC/results/02_background_evolution.json
2026-06-03 21:36:19 [SUCCESS] 
Step 03 completed in 0.0s
2026-06-03 21:36:19 [INFO] 
2026-06-03 21:36:19 [INFO] ----------------------------------------------------------------------
2026-06-03 21:36:19 [INFO] 
2026-06-03 21:36:19 [INFO] >>> STEP 04: ALPHA FUNCTIONS VALIDATION
2026-06-03 21:36:19 [INFO] 
2026-06-03 21:38:17 [INFO] STEP 02_background: Background Evolution Analysis (Rigorous)
2026-06-03 21:38:17 [PROCESS] Solving scalar field ODE from action...
2026-06-03 21:38:17 [PROCESS] Computing exact Hubble expansion history...
2026-06-03 21:38:17 [SUCCESS]   ✓ Saved rigorous results to /Users/matthewsmawfield/www/Temporal Equivalence Principle/TEP-HC/results/02_background_evolution.json
2026-06-03 21:38:17 [SUCCESS] 
Step 03 completed in 0.0s
2026-06-03 21:38:17 [INFO] 
2026-06-03 21:38:17 [INFO] ----------------------------------------------------------------------
2026-06-03 21:38:17 [INFO] 
2026-06-03 21:38:17 [INFO] >>> STEP 04: ALPHA FUNCTIONS VALIDATION
2026-06-03 21:38:17 [INFO] 
2026-06-03 21:40:15 [INFO] STEP 02_background: Background Evolution Analysis (Rigorous)
2026-06-03 21:40:15 [PROCESS] Solving scalar field ODE from action...
2026-06-03 21:40:15 [PROCESS] Computing exact Hubble expansion history...
2026-06-03 21:40:15 [SUCCESS]   ✓ Saved rigorous results to /Users/matthewsmawfield/www/Temporal Equivalence Principle/TEP-HC/results/02_background_evolution.json
2026-06-03 21:40:15 [SUCCESS] 
Step 03 completed in 0.0s
2026-06-03 21:40:15 [INFO] 
2026-06-03 21:40:15 [INFO] ----------------------------------------------------------------------
2026-06-03 21:40:15 [INFO] 
2026-06-03 21:40:15 [INFO] >>> STEP 04: ALPHA FUNCTIONS VALIDATION
2026-06-03 21:40:15 [INFO] 
2026-06-03 23:01:17 [INFO] STEP 02_background: Background Evolution Analysis (Rigorous)
2026-06-03 23:01:17 [PROCESS] Solving scalar field ODE from action...
2026-06-03 23:01:17 [PROCESS] Computing exact Hubble expansion history...
2026-06-03 23:01:17 [SUCCESS]   ✓ Saved rigorous results to /Users/matthewsmawfield/www/Temporal Equivalence Principle/TEP-HC/results/02_background_evolution.json
2026-06-03 23:03:05 [INFO] STEP 02_background: Background Evolution Analysis (Rigorous)
2026-06-03 23:03:05 [PROCESS] Solving scalar field ODE from action...
2026-06-03 23:03:05 [PROCESS] Computing exact Hubble expansion history...
2026-06-03 23:03:05 [SUCCESS]   ✓ Saved rigorous results to /Users/matthewsmawfield/www/Temporal Equivalence Principle/TEP-HC/results/02_background_evolution.json
2026-06-03 23:03:05 [SUCCESS] 
Step 03 completed in 0.0s
2026-06-03 23:03:05 [INFO] 
2026-06-03 23:03:05 [INFO] ----------------------------------------------------------------------
2026-06-03 23:03:05 [INFO] 
2026-06-03 23:03:05 [INFO] >>> STEP 04: ALPHA FUNCTIONS VALIDATION
2026-06-03 23:03:05 [INFO] 
2026-06-05 20:42:14 [INFO] STEP 02_background: Background Evolution Analysis (Rigorous)
2026-06-05 20:42:14 [PROCESS] Solving scalar field ODE from action...
2026-06-05 20:42:14 [PROCESS] Computing exact Hubble expansion history...
2026-06-05 20:42:14 [SUCCESS]   ✓ Saved rigorous results to /Users/matthewsmawfield/www/Temporal Equivalence Principle/TEP-HC/results/02_background_evolution.json
2026-06-05 20:42:14 [SUCCESS] 
Step 02 completed in 0.1s
2026-06-05 20:42:14 [INFO] 
2026-06-05 20:42:14 [INFO] ----------------------------------------------------------------------
2026-06-05 20:42:14 [INFO] 
2026-06-05 20:42:14 [INFO] >>> STEP 03: ALPHA FUNCTIONS VALIDATION
2026-06-05 20:42:14 [INFO] 
