2026-06-02 17:35:42 [INFO] STEP 04b_jordan_frame: Jordan-Frame No-Dark-Energy theta_s Reconstruction
2026-06-02 17:35:42 [PROCESS]   Running EdS + tep_mode, epsilon_T = 0.00...
2026-06-02 17:35:44 [SUCCESS]     100*theta_s = 1.0403 (r_s = 144.5256 Mpc)
2026-06-02 17:35:44 [PROCESS]   Running EdS + tep_mode, epsilon_T = 0.01...
2026-06-02 17:35:45 [SUCCESS]     100*theta_s = 1.0445 (r_s = 144.5256 Mpc)
2026-06-02 17:35:45 [PROCESS]   Running EdS + tep_mode, epsilon_T = 0.02...
2026-06-02 17:35:46 [SUCCESS]     100*theta_s = 1.0487 (r_s = 144.5256 Mpc)
2026-06-02 17:35:46 [PROCESS]   Running EdS + tep_mode, epsilon_T = 0.03...
2026-06-02 17:35:47 [SUCCESS]     100*theta_s = 1.0529 (r_s = 144.5256 Mpc)
2026-06-02 17:35:47 [PROCESS]   Running EdS + tep_mode, epsilon_T = 0.04...
2026-06-02 17:35:48 [SUCCESS]     100*theta_s = 1.057 (r_s = 144.5256 Mpc)
2026-06-02 17:35:48 [PROCESS]   Running EdS + tep_mode, epsilon_T = 0.05...
2026-06-02 17:35:49 [SUCCESS]     100*theta_s = 1.0612 (r_s = 144.5256 Mpc)
2026-06-02 17:35:49 [PROCESS]   Running EdS + tep_mode, epsilon_T = 0.06...
2026-06-02 17:35:50 [SUCCESS]     100*theta_s = 1.0653 (r_s = 144.5256 Mpc)
2026-06-02 17:35:51 [SUCCESS]   ✓ Saved figure to /Users/matthewsmawfield/www/Temporal Equivalence Principle/TEP-HC/results/figures/figure_5_jordan_theta_s.png
2026-06-02 17:35:51 [SUCCESS]   ✓ Saved scan results to /Users/matthewsmawfield/www/Temporal Equivalence Principle/TEP-HC/results/04b_jordan_frame_scan.json
2026-06-02 18:03:05 [INFO] STEP 04b_jordan_frame: Jordan-Frame No-Dark-Energy theta_s Reconstruction
2026-06-02 18:03:05 [PROCESS]   Running EdS + tep_mode, epsilon_T = 0.00...
2026-06-02 18:03:06 [SUCCESS]     100*theta_s = 1.0403 (r_s = 144.5256 Mpc)
2026-06-02 18:03:06 [PROCESS]   Running EdS + tep_mode, epsilon_T = 0.01...
2026-06-02 18:03:07 [SUCCESS]     100*theta_s = 1.0469 (r_s = 144.5256 Mpc)
2026-06-02 18:03:07 [PROCESS]   Running EdS + tep_mode, epsilon_T = 0.02...
2026-06-02 18:03:07 [SUCCESS]     100*theta_s = 1.0535 (r_s = 144.5256 Mpc)
2026-06-02 18:03:07 [PROCESS]   Running EdS + tep_mode, epsilon_T = 0.03...
2026-06-02 18:03:08 [SUCCESS]     100*theta_s = 1.0601 (r_s = 144.5256 Mpc)
2026-06-02 18:03:08 [PROCESS]   Running EdS + tep_mode, epsilon_T = 0.04...
2026-06-02 18:03:08 [SUCCESS]     100*theta_s = 1.0667 (r_s = 144.5256 Mpc)
2026-06-02 18:03:08 [PROCESS]   Running EdS + tep_mode, epsilon_T = 0.05...
2026-06-02 18:03:08 [SUCCESS]     100*theta_s = 1.0732 (r_s = 144.5256 Mpc)
2026-06-02 18:03:08 [PROCESS]   Running EdS + tep_mode, epsilon_T = 0.06...
2026-06-02 18:03:09 [SUCCESS]     100*theta_s = 1.0798 (r_s = 144.5256 Mpc)
2026-06-02 18:03:09 [SUCCESS]   ✓ Saved figure to /Users/matthewsmawfield/www/Temporal Equivalence Principle/TEP-HC/results/figures/figure_5_jordan_theta_s.png
2026-06-02 18:03:09 [SUCCESS]   ✓ Saved scan results to /Users/matthewsmawfield/www/Temporal Equivalence Principle/TEP-HC/results/04b_jordan_frame_scan.json
2026-06-02 18:04:41 [INFO] STEP 04b_jordan_frame: Jordan-Frame No-Dark-Energy theta_s Reconstruction
2026-06-02 18:04:41 [PROCESS]   Running EdS + tep_mode, epsilon_T = 0.00...
2026-06-02 18:04:42 [SUCCESS]     100*theta_s = 1.0403 (r_s = 144.5256 Mpc)
2026-06-02 18:04:42 [PROCESS]   Running EdS + tep_mode, epsilon_T = 0.01...
2026-06-02 18:04:43 [SUCCESS]     100*theta_s = 1.0469 (r_s = 144.5256 Mpc)
2026-06-02 18:04:43 [PROCESS]   Running EdS + tep_mode, epsilon_T = 0.02...
2026-06-02 18:04:43 [SUCCESS]     100*theta_s = 1.0535 (r_s = 144.5256 Mpc)
2026-06-02 18:04:43 [PROCESS]   Running EdS + tep_mode, epsilon_T = 0.03...
2026-06-02 18:04:43 [SUCCESS]     100*theta_s = 1.0601 (r_s = 144.5256 Mpc)
2026-06-02 18:04:43 [PROCESS]   Running EdS + tep_mode, epsilon_T = 0.04...
2026-06-02 18:04:44 [SUCCESS]     100*theta_s = 1.0667 (r_s = 144.5256 Mpc)
2026-06-02 18:04:44 [PROCESS]   Running EdS + tep_mode, epsilon_T = 0.05...
2026-06-02 18:04:44 [SUCCESS]     100*theta_s = 1.0732 (r_s = 144.5256 Mpc)
2026-06-02 18:04:44 [PROCESS]   Running EdS + tep_mode, epsilon_T = 0.06...
2026-06-02 18:04:45 [SUCCESS]     100*theta_s = 1.0798 (r_s = 144.5256 Mpc)
2026-06-02 18:04:45 [SUCCESS]   ✓ Saved figure to /Users/matthewsmawfield/www/Temporal Equivalence Principle/TEP-HC/results/figures/figure_5_jordan_theta_s.png
2026-06-02 18:04:45 [SUCCESS]   ✓ Saved scan results to /Users/matthewsmawfield/www/Temporal Equivalence Principle/TEP-HC/results/04b_jordan_frame_scan.json
2026-06-02 18:14:11 [INFO] STEP 04b_jordan_frame: Jordan-Frame No-Dark-Energy theta_s Reconstruction
2026-06-02 18:14:11 [INFO]   === Standard Scan (z_T = 5.0) ===
2026-06-02 18:14:11 [PROCESS]   Running EdS + tep_mode, z_T=5.0, epsilon_T = 0.00...
2026-06-02 18:14:13 [SUCCESS]     100*theta_s = 1.0403 (r_s = 144.5256 Mpc)
2026-06-02 18:14:13 [PROCESS]   Running EdS + tep_mode, z_T=5.0, epsilon_T = 0.01...
2026-06-02 18:14:14 [SUCCESS]     100*theta_s = 1.0469 (r_s = 144.5256 Mpc)
2026-06-02 18:14:14 [PROCESS]   Running EdS + tep_mode, z_T=5.0, epsilon_T = 0.02...
2026-06-02 18:14:15 [SUCCESS]     100*theta_s = 1.0535 (r_s = 144.5256 Mpc)
2026-06-02 18:14:15 [PROCESS]   Running EdS + tep_mode, z_T=5.0, epsilon_T = 0.03...
2026-06-02 18:14:16 [SUCCESS]     100*theta_s = 1.0601 (r_s = 144.5256 Mpc)
2026-06-02 18:14:16 [PROCESS]   Running EdS + tep_mode, z_T=5.0, epsilon_T = 0.04...
2026-06-02 18:14:17 [SUCCESS]     100*theta_s = 1.0667 (r_s = 144.5256 Mpc)
2026-06-02 18:14:17 [PROCESS]   Running EdS + tep_mode, z_T=5.0, epsilon_T = 0.05...
2026-06-02 18:14:18 [SUCCESS]     100*theta_s = 1.0732 (r_s = 144.5256 Mpc)
2026-06-02 18:14:18 [PROCESS]   Running EdS + tep_mode, z_T=5.0, epsilon_T = 0.06...
2026-06-02 18:14:20 [SUCCESS]     100*theta_s = 1.0798 (r_s = 144.5256 Mpc)
2026-06-02 18:14:20 [INFO]   === Unscreened Limit Scan (z_T = 1e+06) ===
2026-06-02 18:14:20 [PROCESS]   Running EdS + tep_mode, z_T=1e+06, epsilon_T = 0.00...
2026-06-02 18:14:21 [SUCCESS]     100*theta_s = 1.0403 (r_s = 144.5256 Mpc)
2026-06-02 18:14:21 [PROCESS]   Running EdS + tep_mode, z_T=1e+06, epsilon_T = 0.01...
2026-06-02 18:14:21 [WARNING]     100*theta_s = N/A (r_s = N/A Mpc)
2026-06-02 18:14:21 [PROCESS]   Running EdS + tep_mode, z_T=1e+06, epsilon_T = 0.02...
2026-06-02 18:14:21 [WARNING]     100*theta_s = N/A (r_s = N/A Mpc)
2026-06-02 18:14:21 [PROCESS]   Running EdS + tep_mode, z_T=1e+06, epsilon_T = 0.03...
2026-06-02 18:14:21 [WARNING]     100*theta_s = N/A (r_s = N/A Mpc)
2026-06-02 18:14:21 [PROCESS]   Running EdS + tep_mode, z_T=1e+06, epsilon_T = 0.04...
2026-06-02 18:14:21 [WARNING]     100*theta_s = N/A (r_s = N/A Mpc)
2026-06-02 18:14:21 [PROCESS]   Running EdS + tep_mode, z_T=1e+06, epsilon_T = 0.05...
2026-06-02 18:14:21 [WARNING]     100*theta_s = N/A (r_s = N/A Mpc)
2026-06-02 18:14:21 [PROCESS]   Running EdS + tep_mode, z_T=1e+06, epsilon_T = 0.06...
2026-06-02 18:14:21 [WARNING]     100*theta_s = N/A (r_s = N/A Mpc)
2026-06-02 18:14:22 [SUCCESS]   ✓ Saved figure to /Users/matthewsmawfield/www/Temporal Equivalence Principle/TEP-HC/results/figures/figure_5_jordan_theta_s.png
2026-06-02 18:14:22 [SUCCESS]   ✓ Saved scan results to /Users/matthewsmawfield/www/Temporal Equivalence Principle/TEP-HC/results/04b_jordan_frame_scan.json
2026-06-02 19:00:16 [INFO] STEP 04b_jordan_frame: Jordan-Frame No-Dark-Energy theta_s Reconstruction
2026-06-02 19:00:16 [INFO]   === Standard Scan (z_T = 5.0) ===
2026-06-02 19:00:16 [PROCESS]   Running EdS + tep_mode, z_T=5.0, epsilon_T = 0.00...
2026-06-02 19:00:18 [SUCCESS]     100*theta_s = 1.0403 (r_s = 144.5256 Mpc)
2026-06-02 19:00:18 [PROCESS]   Running EdS + tep_mode, z_T=5.0, epsilon_T = 0.01...
2026-06-02 19:00:19 [SUCCESS]     100*theta_s = 1.0469 (r_s = 144.5256 Mpc)
2026-06-02 19:00:19 [PROCESS]   Running EdS + tep_mode, z_T=5.0, epsilon_T = 0.02...
2026-06-02 19:00:20 [SUCCESS]     100*theta_s = 1.0536 (r_s = 144.5256 Mpc)
2026-06-02 19:00:20 [PROCESS]   Running EdS + tep_mode, z_T=5.0, epsilon_T = 0.03...
2026-06-02 19:00:21 [SUCCESS]     100*theta_s = 1.0603 (r_s = 144.5256 Mpc)
2026-06-02 19:00:21 [PROCESS]   Running EdS + tep_mode, z_T=5.0, epsilon_T = 0.04...
2026-06-02 19:00:22 [SUCCESS]     100*theta_s = 1.0671 (r_s = 144.5256 Mpc)
2026-06-02 19:00:22 [PROCESS]   Running EdS + tep_mode, z_T=5.0, epsilon_T = 0.05...
2026-06-02 19:00:23 [SUCCESS]     100*theta_s = 1.0738 (r_s = 144.5256 Mpc)
2026-06-02 19:00:23 [PROCESS]   Running EdS + tep_mode, z_T=5.0, epsilon_T = 0.06...
2026-06-02 19:00:24 [SUCCESS]     100*theta_s = 1.0807 (r_s = 144.5256 Mpc)
2026-06-02 19:00:24 [INFO]   === Unscreened Limit Scan (z_T = 1e+06) ===
2026-06-02 19:00:24 [PROCESS]   Running EdS + tep_mode, z_T=1e+06, epsilon_T = 0.00...
2026-06-02 19:00:25 [SUCCESS]     100*theta_s = 1.0403 (r_s = 144.5256 Mpc)
2026-06-02 19:00:25 [PROCESS]   Running EdS + tep_mode, z_T=1e+06, epsilon_T = 0.01...
2026-06-02 19:00:25 [WARNING]     100*theta_s = N/A (r_s = N/A Mpc)
2026-06-02 19:00:25 [PROCESS]   Running EdS + tep_mode, z_T=1e+06, epsilon_T = 0.02...
2026-06-02 19:00:25 [WARNING]     100*theta_s = N/A (r_s = N/A Mpc)
2026-06-02 19:00:25 [PROCESS]   Running EdS + tep_mode, z_T=1e+06, epsilon_T = 0.03...
2026-06-02 19:00:25 [WARNING]     100*theta_s = N/A (r_s = N/A Mpc)
2026-06-02 19:00:25 [PROCESS]   Running EdS + tep_mode, z_T=1e+06, epsilon_T = 0.04...
2026-06-02 19:00:25 [WARNING]     100*theta_s = N/A (r_s = N/A Mpc)
2026-06-02 19:00:25 [PROCESS]   Running EdS + tep_mode, z_T=1e+06, epsilon_T = 0.05...
2026-06-02 19:00:25 [WARNING]     100*theta_s = N/A (r_s = N/A Mpc)
2026-06-02 19:00:25 [PROCESS]   Running EdS + tep_mode, z_T=1e+06, epsilon_T = 0.06...
2026-06-02 19:00:26 [WARNING]     100*theta_s = N/A (r_s = N/A Mpc)
2026-06-02 19:00:26 [SUCCESS]   ✓ Saved figure to /Users/matthewsmawfield/www/Temporal Equivalence Principle/TEP-HC/results/figures/figure_5_jordan_theta_s.png
2026-06-02 19:00:26 [SUCCESS]   ✓ Saved scan results to /Users/matthewsmawfield/www/Temporal Equivalence Principle/TEP-HC/results/04b_jordan_frame_scan.json
2026-06-02 19:06:36 [INFO] STEP 04b_jordan_frame: Jordan-Frame No-Dark-Energy theta_s Reconstruction
2026-06-02 19:06:36 [INFO]   === Standard Scan (z_T = 5.0) ===
2026-06-02 19:06:36 [PROCESS]   Running EdS + tep_mode, z_T=5.0, epsilon_T = 0.00...
2026-06-02 19:06:38 [SUCCESS]     100*theta_s = 1.0403 (r_s = 144.5256 Mpc)
2026-06-02 19:06:38 [PROCESS]   Running EdS + tep_mode, z_T=5.0, epsilon_T = 0.01...
2026-06-02 19:06:39 [SUCCESS]     100*theta_s = 1.0432 (r_s = 144.5243 Mpc)
2026-06-02 19:06:39 [PROCESS]   Running EdS + tep_mode, z_T=5.0, epsilon_T = 0.02...
2026-06-02 19:06:39 [SUCCESS]     100*theta_s = 1.0461 (r_s = 144.523 Mpc)
2026-06-02 19:06:39 [PROCESS]   Running EdS + tep_mode, z_T=5.0, epsilon_T = 0.03...
2026-06-02 19:06:40 [SUCCESS]     100*theta_s = 1.049 (r_s = 144.5217 Mpc)
2026-06-02 19:06:40 [PROCESS]   Running EdS + tep_mode, z_T=5.0, epsilon_T = 0.04...
2026-06-02 19:06:41 [SUCCESS]     100*theta_s = 1.0519 (r_s = 144.5204 Mpc)
2026-06-02 19:06:41 [PROCESS]   Running EdS + tep_mode, z_T=5.0, epsilon_T = 0.05...
2026-06-02 19:06:42 [SUCCESS]     100*theta_s = 1.0548 (r_s = 144.5191 Mpc)
2026-06-02 19:06:42 [PROCESS]   Running EdS + tep_mode, z_T=5.0, epsilon_T = 0.06...
2026-06-02 19:06:43 [SUCCESS]     100*theta_s = 1.0577 (r_s = 144.5178 Mpc)
2026-06-02 19:06:43 [INFO]   === Unscreened Limit Scan (z_T = 1e+06) ===
2026-06-02 19:06:43 [PROCESS]   Running EdS + tep_mode, z_T=1e+06, epsilon_T = 0.00...
2026-06-02 19:06:44 [SUCCESS]     100*theta_s = 1.0403 (r_s = 144.5256 Mpc)
2026-06-02 19:06:44 [PROCESS]   Running EdS + tep_mode, z_T=1e+06, epsilon_T = 0.01...
2026-06-02 19:06:45 [SUCCESS]     100*theta_s = 0.9763 (r_s = 134.4117 Mpc)
2026-06-02 19:06:45 [PROCESS]   Running EdS + tep_mode, z_T=1e+06, epsilon_T = 0.02...
2026-06-02 19:06:46 [SUCCESS]     100*theta_s = 0.9161 (r_s = 125.009 Mpc)
2026-06-02 19:06:46 [PROCESS]   Running EdS + tep_mode, z_T=1e+06, epsilon_T = 0.03...
2026-06-02 19:06:46 [SUCCESS]     100*theta_s = 0.8596 (r_s = 116.2674 Mpc)
2026-06-02 19:06:46 [PROCESS]   Running EdS + tep_mode, z_T=1e+06, epsilon_T = 0.04...
2026-06-02 19:06:47 [SUCCESS]     100*theta_s = 0.8065 (r_s = 108.14 Mpc)
2026-06-02 19:06:47 [PROCESS]   Running EdS + tep_mode, z_T=1e+06, epsilon_T = 0.05...
2026-06-02 19:06:49 [SUCCESS]     100*theta_s = 0.7565 (r_s = 100.5835 Mpc)
2026-06-02 19:06:49 [PROCESS]   Running EdS + tep_mode, z_T=1e+06, epsilon_T = 0.06...
2026-06-02 19:06:51 [SUCCESS]     100*theta_s = 0.7096 (r_s = 93.5575 Mpc)
2026-06-02 19:06:52 [SUCCESS]   ✓ Saved figure to /Users/matthewsmawfield/www/Temporal Equivalence Principle/TEP-HC/results/figures/figure_5_jordan_theta_s.png
2026-06-02 19:06:52 [SUCCESS]   ✓ Saved scan results to /Users/matthewsmawfield/www/Temporal Equivalence Principle/TEP-HC/results/04b_jordan_frame_scan.json
2026-06-03 20:28:43 [INFO] STEP 04b_jordan_frame: Jordan-Frame No-Dark-Energy theta_s Reconstruction
2026-06-03 20:28:43 [INFO]   === Standard Scan (z_T = 5.0) ===
2026-06-03 20:28:43 [PROCESS]   Running EdS + tep_mode, z_T=5.0, epsilon_T = 0.00...
2026-06-03 20:28:47 [SUCCESS]     100*theta_s = 1.0403 (r_s = 144.5256 Mpc)
2026-06-03 20:28:47 [PROCESS]   Running EdS + tep_mode, z_T=5.0, epsilon_T = 0.01...
2026-06-03 20:28:51 [SUCCESS]     100*theta_s = 1.0373 (r_s = 144.5269 Mpc)
2026-06-03 20:28:51 [PROCESS]   Running EdS + tep_mode, z_T=5.0, epsilon_T = 0.02...
2026-06-03 20:28:56 [SUCCESS]     100*theta_s = 1.0342 (r_s = 144.5282 Mpc)
2026-06-03 20:28:56 [PROCESS]   Running EdS + tep_mode, z_T=5.0, epsilon_T = 0.03...
2026-06-03 20:29:00 [SUCCESS]     100*theta_s = 1.031 (r_s = 144.5295 Mpc)
2026-06-03 20:29:00 [PROCESS]   Running EdS + tep_mode, z_T=5.0, epsilon_T = 0.04...
2026-06-03 20:29:04 [SUCCESS]     100*theta_s = 1.0277 (r_s = 144.5308 Mpc)
2026-06-03 20:29:04 [PROCESS]   Running EdS + tep_mode, z_T=5.0, epsilon_T = 0.05...
2026-06-03 20:29:08 [SUCCESS]     100*theta_s = 1.0243 (r_s = 144.5321 Mpc)
2026-06-03 20:29:08 [PROCESS]   Running EdS + tep_mode, z_T=5.0, epsilon_T = 0.06...
2026-06-03 20:29:11 [SUCCESS]     100*theta_s = 1.0208 (r_s = 144.5334 Mpc)
2026-06-03 20:29:11 [INFO]   === Unscreened Limit Scan (z_T = 1e+06) ===
2026-06-03 20:29:11 [PROCESS]   Running EdS + tep_mode, z_T=1e+06, epsilon_T = 0.00...
2026-06-03 20:29:14 [SUCCESS]     100*theta_s = 1.0403 (r_s = 144.5256 Mpc)
2026-06-03 20:29:14 [PROCESS]   Running EdS + tep_mode, z_T=1e+06, epsilon_T = 0.01...
2026-06-03 20:29:17 [SUCCESS]     100*theta_s = 1.1084 (r_s = 155.4231 Mpc)
2026-06-03 20:29:17 [PROCESS]   Running EdS + tep_mode, z_T=1e+06, epsilon_T = 0.02...
2026-06-03 20:29:20 [SUCCESS]     100*theta_s = 1.1808 (r_s = 167.1869 Mpc)
2026-06-03 20:29:20 [PROCESS]   Running EdS + tep_mode, z_T=1e+06, epsilon_T = 0.03...
2026-06-03 20:29:22 [SUCCESS]     100*theta_s = 1.2579 (r_s = 179.8914 Mpc)
2026-06-03 20:29:22 [PROCESS]   Running EdS + tep_mode, z_T=1e+06, epsilon_T = 0.04...
2026-06-03 20:29:25 [SUCCESS]     100*theta_s = 1.34 (r_s = 193.6191 Mpc)
2026-06-03 20:29:25 [PROCESS]   Running EdS + tep_mode, z_T=1e+06, epsilon_T = 0.05...
2026-06-03 20:29:28 [SUCCESS]     100*theta_s = 1.4274 (r_s = 208.4626 Mpc)
2026-06-03 20:29:28 [PROCESS]   Running EdS + tep_mode, z_T=1e+06, epsilon_T = 0.06...
2026-06-03 20:29:31 [SUCCESS]     100*theta_s = 1.5206 (r_s = 224.5291 Mpc)
2026-06-03 20:29:32 [SUCCESS]   ✓ Saved figure to /Users/matthewsmawfield/www/Temporal Equivalence Principle/TEP-HC/results/figures/figure_5_jordan_theta_s.png
2026-06-03 20:29:32 [SUCCESS]   ✓ Saved scan results to /Users/matthewsmawfield/www/Temporal Equivalence Principle/TEP-HC/results/04b_jordan_frame_scan.json
2026-06-03 20:35:04 [INFO] STEP 04b_jordan_frame: Jordan-Frame No-Dark-Energy theta_s Reconstruction
2026-06-03 20:35:04 [INFO]   === Standard Scan (z_T = 5.0) ===
2026-06-03 20:35:04 [PROCESS]   Running EdS + tep_mode, z_T=5.0, epsilon_T = 0.00...
2026-06-03 20:35:05 [SUCCESS]     100*theta_s = 1.0403 (r_s = 144.5256 Mpc)
2026-06-03 20:35:05 [PROCESS]   Running EdS + tep_mode, z_T=5.0, epsilon_T = 0.01...
2026-06-03 20:35:07 [SUCCESS]     100*theta_s = 1.0373 (r_s = 144.5269 Mpc)
2026-06-03 20:35:07 [PROCESS]   Running EdS + tep_mode, z_T=5.0, epsilon_T = 0.02...
2026-06-03 20:35:09 [SUCCESS]     100*theta_s = 1.0342 (r_s = 144.5282 Mpc)
2026-06-03 20:35:09 [PROCESS]   Running EdS + tep_mode, z_T=5.0, epsilon_T = 0.03...
2026-06-03 20:35:10 [SUCCESS]     100*theta_s = 1.031 (r_s = 144.5295 Mpc)
2026-06-03 20:35:10 [PROCESS]   Running EdS + tep_mode, z_T=5.0, epsilon_T = 0.04...
2026-06-03 20:35:11 [SUCCESS]     100*theta_s = 1.0277 (r_s = 144.5308 Mpc)
2026-06-03 20:35:11 [PROCESS]   Running EdS + tep_mode, z_T=5.0, epsilon_T = 0.05...
2026-06-03 20:35:13 [SUCCESS]     100*theta_s = 1.0243 (r_s = 144.5321 Mpc)
2026-06-03 20:35:13 [PROCESS]   Running EdS + tep_mode, z_T=5.0, epsilon_T = 0.06...
2026-06-03 20:35:14 [SUCCESS]     100*theta_s = 1.0208 (r_s = 144.5334 Mpc)
2026-06-03 20:35:14 [INFO]   === Unscreened Limit Scan (z_T = 1e+06) ===
2026-06-03 20:35:14 [PROCESS]   Running EdS + tep_mode, z_T=1e+06, epsilon_T = 0.00...
2026-06-03 20:35:15 [SUCCESS]     100*theta_s = 1.0403 (r_s = 144.5256 Mpc)
2026-06-03 20:35:15 [PROCESS]   Running EdS + tep_mode, z_T=1e+06, epsilon_T = 0.01...
2026-06-03 20:35:16 [SUCCESS]     100*theta_s = 1.1084 (r_s = 155.4231 Mpc)
2026-06-03 20:35:16 [PROCESS]   Running EdS + tep_mode, z_T=1e+06, epsilon_T = 0.02...
2026-06-03 20:35:18 [SUCCESS]     100*theta_s = 1.1808 (r_s = 167.1869 Mpc)
2026-06-03 20:35:18 [PROCESS]   Running EdS + tep_mode, z_T=1e+06, epsilon_T = 0.03...
2026-06-03 20:35:19 [SUCCESS]     100*theta_s = 1.2579 (r_s = 179.8914 Mpc)
2026-06-03 20:35:19 [PROCESS]   Running EdS + tep_mode, z_T=1e+06, epsilon_T = 0.04...
2026-06-03 20:35:21 [SUCCESS]     100*theta_s = 1.34 (r_s = 193.6191 Mpc)
2026-06-03 20:35:21 [PROCESS]   Running EdS + tep_mode, z_T=1e+06, epsilon_T = 0.05...
2026-06-03 20:35:22 [SUCCESS]     100*theta_s = 1.4274 (r_s = 208.4626 Mpc)
2026-06-03 20:35:22 [PROCESS]   Running EdS + tep_mode, z_T=1e+06, epsilon_T = 0.06...
2026-06-03 20:35:24 [SUCCESS]     100*theta_s = 1.5206 (r_s = 224.5291 Mpc)
2026-06-03 20:35:26 [SUCCESS]   ✓ Saved figure to /Users/matthewsmawfield/www/Temporal Equivalence Principle/TEP-HC/results/figures/figure_5_jordan_theta_s.png
2026-06-03 20:35:26 [SUCCESS]   ✓ Saved scan results to /Users/matthewsmawfield/www/Temporal Equivalence Principle/TEP-HC/results/04b_jordan_frame_scan.json
2026-06-03 20:35:26 [SUCCESS] 
Step 06 completed in 21.7s
2026-06-03 20:35:26 [INFO] 
2026-06-03 20:35:26 [INFO] ----------------------------------------------------------------------
2026-06-03 20:35:26 [INFO] 
2026-06-03 20:35:26 [INFO] >>> STEP 07: COBAYA MCMC SETUP
2026-06-03 20:35:26 [INFO] 
2026-06-03 21:10:36 [INFO] STEP 04b_jordan_frame: Jordan-Frame No-Dark-Energy theta_s Reconstruction
2026-06-03 21:10:36 [INFO]   === Standard Scan (z_T = 5.0) ===
2026-06-03 21:10:36 [PROCESS]   Running EdS + tep_mode, z_T=5.0, epsilon_T = 0.00...
2026-06-03 21:10:36 [SUCCESS]     100*theta_s = 1.0403 (r_s = 144.5256 Mpc)
2026-06-03 21:10:36 [PROCESS]   Running EdS + tep_mode, z_T=5.0, epsilon_T = 0.01...
2026-06-03 21:10:37 [SUCCESS]     100*theta_s = 1.0373 (r_s = 144.5269 Mpc)
2026-06-03 21:10:37 [PROCESS]   Running EdS + tep_mode, z_T=5.0, epsilon_T = 0.02...
2026-06-03 21:10:37 [SUCCESS]     100*theta_s = 1.0342 (r_s = 144.5282 Mpc)
2026-06-03 21:10:37 [PROCESS]   Running EdS + tep_mode, z_T=5.0, epsilon_T = 0.03...
2026-06-03 21:10:38 [SUCCESS]     100*theta_s = 1.031 (r_s = 144.5295 Mpc)
2026-06-03 21:10:38 [PROCESS]   Running EdS + tep_mode, z_T=5.0, epsilon_T = 0.04...
2026-06-03 21:10:38 [SUCCESS]     100*theta_s = 1.0277 (r_s = 144.5308 Mpc)
2026-06-03 21:10:38 [PROCESS]   Running EdS + tep_mode, z_T=5.0, epsilon_T = 0.05...
2026-06-03 21:10:39 [SUCCESS]     100*theta_s = 1.0243 (r_s = 144.5321 Mpc)
2026-06-03 21:10:39 [PROCESS]   Running EdS + tep_mode, z_T=5.0, epsilon_T = 0.06...
2026-06-03 21:10:39 [SUCCESS]     100*theta_s = 1.0208 (r_s = 144.5334 Mpc)
2026-06-03 21:10:39 [INFO]   === Unscreened Limit Scan (z_T = 1e+06) ===
2026-06-03 21:10:39 [PROCESS]   Running EdS + tep_mode, z_T=1e+06, epsilon_T = 0.00...
2026-06-03 21:10:39 [SUCCESS]     100*theta_s = 1.0403 (r_s = 144.5256 Mpc)
2026-06-03 21:10:39 [PROCESS]   Running EdS + tep_mode, z_T=1e+06, epsilon_T = 0.01...
2026-06-03 21:10:40 [SUCCESS]     100*theta_s = 1.1084 (r_s = 155.4231 Mpc)
2026-06-03 21:10:40 [PROCESS]   Running EdS + tep_mode, z_T=1e+06, epsilon_T = 0.02...
2026-06-03 21:10:41 [SUCCESS]     100*theta_s = 1.1808 (r_s = 167.1869 Mpc)
2026-06-03 21:10:41 [PROCESS]   Running EdS + tep_mode, z_T=1e+06, epsilon_T = 0.03...
2026-06-03 21:10:41 [SUCCESS]     100*theta_s = 1.2579 (r_s = 179.8914 Mpc)
2026-06-03 21:10:41 [PROCESS]   Running EdS + tep_mode, z_T=1e+06, epsilon_T = 0.04...
2026-06-03 21:10:42 [SUCCESS]     100*theta_s = 1.34 (r_s = 193.6191 Mpc)
2026-06-03 21:10:42 [PROCESS]   Running EdS + tep_mode, z_T=1e+06, epsilon_T = 0.05...
2026-06-03 21:10:42 [SUCCESS]     100*theta_s = 1.4274 (r_s = 208.4626 Mpc)
2026-06-03 21:10:42 [PROCESS]   Running EdS + tep_mode, z_T=1e+06, epsilon_T = 0.06...
2026-06-03 21:10:42 [SUCCESS]     100*theta_s = 1.5206 (r_s = 224.5291 Mpc)
2026-06-03 21:10:43 [SUCCESS]   ✓ Saved figure to /Users/matthewsmawfield/www/Temporal Equivalence Principle/TEP-HC/results/figures/figure_5_jordan_theta_s.png
2026-06-03 21:10:43 [SUCCESS]   ✓ Saved scan results to /Users/matthewsmawfield/www/Temporal Equivalence Principle/TEP-HC/results/04b_jordan_frame_scan.json
2026-06-03 21:10:43 [SUCCESS] 
Step 06 completed in 6.9s
2026-06-03 21:10:43 [INFO] 
2026-06-03 21:10:43 [INFO] ----------------------------------------------------------------------
2026-06-03 21:10:43 [INFO] 
2026-06-03 21:10:43 [INFO] >>> STEP 07: COBAYA MCMC SETUP
2026-06-03 21:10:43 [INFO] 
2026-06-03 21:31:41 [INFO] STEP 04b_jordan_frame: Jordan-Frame No-Dark-Energy theta_s Reconstruction
2026-06-03 21:31:41 [INFO]   === Standard Scan (z_T = 5.0) ===
2026-06-03 21:31:41 [PROCESS]   Running EdS + tep_mode, z_T=5.0, epsilon_T = 0.00...
2026-06-03 21:31:42 [SUCCESS]     100*theta_s = 1.0403 (r_s = 144.5256 Mpc)
2026-06-03 21:31:42 [PROCESS]   Running EdS + tep_mode, z_T=5.0, epsilon_T = 0.01...
2026-06-03 21:31:42 [SUCCESS]     100*theta_s = 1.0432 (r_s = 144.5243 Mpc)
2026-06-03 21:31:42 [PROCESS]   Running EdS + tep_mode, z_T=5.0, epsilon_T = 0.02...
2026-06-03 21:31:43 [SUCCESS]     100*theta_s = 1.0461 (r_s = 144.523 Mpc)
2026-06-03 21:31:43 [PROCESS]   Running EdS + tep_mode, z_T=5.0, epsilon_T = 0.03...
2026-06-03 21:31:43 [SUCCESS]     100*theta_s = 1.049 (r_s = 144.5217 Mpc)
2026-06-03 21:31:43 [PROCESS]   Running EdS + tep_mode, z_T=5.0, epsilon_T = 0.04...
2026-06-03 21:31:43 [SUCCESS]     100*theta_s = 1.0519 (r_s = 144.5204 Mpc)
2026-06-03 21:31:43 [PROCESS]   Running EdS + tep_mode, z_T=5.0, epsilon_T = 0.05...
2026-06-03 21:31:44 [SUCCESS]     100*theta_s = 1.0548 (r_s = 144.5191 Mpc)
2026-06-03 21:31:44 [PROCESS]   Running EdS + tep_mode, z_T=5.0, epsilon_T = 0.06...
2026-06-03 21:31:44 [SUCCESS]     100*theta_s = 1.0577 (r_s = 144.5178 Mpc)
2026-06-03 21:31:44 [INFO]   === Unscreened Limit Scan (z_T = 1e+06) ===
2026-06-03 21:31:44 [PROCESS]   Running EdS + tep_mode, z_T=1e+06, epsilon_T = 0.00...
2026-06-03 21:31:44 [SUCCESS]     100*theta_s = 1.0403 (r_s = 144.5256 Mpc)
2026-06-03 21:31:44 [PROCESS]   Running EdS + tep_mode, z_T=1e+06, epsilon_T = 0.01...
2026-06-03 21:31:45 [SUCCESS]     100*theta_s = 0.9763 (r_s = 134.4117 Mpc)
2026-06-03 21:31:45 [PROCESS]   Running EdS + tep_mode, z_T=1e+06, epsilon_T = 0.02...
2026-06-03 21:31:45 [SUCCESS]     100*theta_s = 0.9161 (r_s = 125.009 Mpc)
2026-06-03 21:31:45 [PROCESS]   Running EdS + tep_mode, z_T=1e+06, epsilon_T = 0.03...
2026-06-03 21:31:46 [SUCCESS]     100*theta_s = 0.8596 (r_s = 116.2674 Mpc)
2026-06-03 21:31:46 [PROCESS]   Running EdS + tep_mode, z_T=1e+06, epsilon_T = 0.04...
2026-06-03 21:31:46 [SUCCESS]     100*theta_s = 0.8065 (r_s = 108.14 Mpc)
2026-06-03 21:31:46 [PROCESS]   Running EdS + tep_mode, z_T=1e+06, epsilon_T = 0.05...
2026-06-03 21:31:46 [SUCCESS]     100*theta_s = 0.7565 (r_s = 100.5835 Mpc)
2026-06-03 21:31:46 [PROCESS]   Running EdS + tep_mode, z_T=1e+06, epsilon_T = 0.06...
2026-06-03 21:31:47 [SUCCESS]     100*theta_s = 0.7096 (r_s = 93.5575 Mpc)
2026-06-03 21:31:47 [SUCCESS]   ✓ Saved figure to /Users/matthewsmawfield/www/Temporal Equivalence Principle/TEP-HC/results/figures/figure_5_jordan_theta_s.png
2026-06-03 21:31:47 [SUCCESS]   ✓ Saved scan results to /Users/matthewsmawfield/www/Temporal Equivalence Principle/TEP-HC/results/04b_jordan_frame_scan.json
2026-06-03 21:31:47 [SUCCESS] 
Step 06 completed in 5.8s
2026-06-03 21:31:47 [INFO] 
2026-06-03 21:31:47 [INFO] ----------------------------------------------------------------------
2026-06-03 21:31:47 [INFO] 
2026-06-03 21:31:47 [INFO] >>> STEP 07: COBAYA MCMC SETUP
2026-06-03 21:31:47 [INFO] 
2026-06-03 21:36:20 [INFO] STEP 04b_jordan_frame: Jordan-Frame No-Dark-Energy theta_s Reconstruction
2026-06-03 21:36:20 [INFO]   === Standard Scan (z_T = 5.0) ===
2026-06-03 21:36:20 [PROCESS]   Running EdS + tep_mode, z_T=5.0, epsilon_T = 0.00...
2026-06-03 21:36:20 [SUCCESS]     100*theta_s = 1.0403 (r_s = 144.5256 Mpc)
2026-06-03 21:36:20 [PROCESS]   Running EdS + tep_mode, z_T=5.0, epsilon_T = 0.01...
2026-06-03 21:36:21 [SUCCESS]     100*theta_s = 1.0432 (r_s = 144.5243 Mpc)
2026-06-03 21:36:21 [PROCESS]   Running EdS + tep_mode, z_T=5.0, epsilon_T = 0.02...
2026-06-03 21:36:21 [SUCCESS]     100*theta_s = 1.0461 (r_s = 144.523 Mpc)
2026-06-03 21:36:21 [PROCESS]   Running EdS + tep_mode, z_T=5.0, epsilon_T = 0.03...
2026-06-03 21:36:21 [SUCCESS]     100*theta_s = 1.049 (r_s = 144.5217 Mpc)
2026-06-03 21:36:21 [PROCESS]   Running EdS + tep_mode, z_T=5.0, epsilon_T = 0.04...
2026-06-03 21:36:22 [SUCCESS]     100*theta_s = 1.0519 (r_s = 144.5204 Mpc)
2026-06-03 21:36:22 [PROCESS]   Running EdS + tep_mode, z_T=5.0, epsilon_T = 0.05...
2026-06-03 21:36:22 [SUCCESS]     100*theta_s = 1.0548 (r_s = 144.5191 Mpc)
2026-06-03 21:36:22 [PROCESS]   Running EdS + tep_mode, z_T=5.0, epsilon_T = 0.06...
2026-06-03 21:36:23 [SUCCESS]     100*theta_s = 1.0577 (r_s = 144.5178 Mpc)
2026-06-03 21:36:23 [INFO]   === Unscreened Limit Scan (z_T = 1e+06) ===
2026-06-03 21:36:23 [PROCESS]   Running EdS + tep_mode, z_T=1e+06, epsilon_T = 0.00...
2026-06-03 21:36:23 [SUCCESS]     100*theta_s = 1.0403 (r_s = 144.5256 Mpc)
2026-06-03 21:36:23 [PROCESS]   Running EdS + tep_mode, z_T=1e+06, epsilon_T = 0.01...
2026-06-03 21:36:23 [SUCCESS]     100*theta_s = 0.9763 (r_s = 134.4117 Mpc)
2026-06-03 21:36:23 [PROCESS]   Running EdS + tep_mode, z_T=1e+06, epsilon_T = 0.02...
2026-06-03 21:36:24 [SUCCESS]     100*theta_s = 0.9161 (r_s = 125.009 Mpc)
2026-06-03 21:36:24 [PROCESS]   Running EdS + tep_mode, z_T=1e+06, epsilon_T = 0.03...
2026-06-03 21:36:24 [SUCCESS]     100*theta_s = 0.8596 (r_s = 116.2674 Mpc)
2026-06-03 21:36:24 [PROCESS]   Running EdS + tep_mode, z_T=1e+06, epsilon_T = 0.04...
2026-06-03 21:36:25 [SUCCESS]     100*theta_s = 0.8065 (r_s = 108.14 Mpc)
2026-06-03 21:36:25 [PROCESS]   Running EdS + tep_mode, z_T=1e+06, epsilon_T = 0.05...
2026-06-03 21:36:25 [SUCCESS]     100*theta_s = 0.7565 (r_s = 100.5835 Mpc)
2026-06-03 21:36:25 [PROCESS]   Running EdS + tep_mode, z_T=1e+06, epsilon_T = 0.06...
2026-06-03 21:36:25 [SUCCESS]     100*theta_s = 0.7096 (r_s = 93.5575 Mpc)
2026-06-03 21:36:26 [SUCCESS]   ✓ Saved figure to /Users/matthewsmawfield/www/Temporal Equivalence Principle/TEP-HC/results/figures/figure_5_jordan_theta_s.png
2026-06-03 21:36:26 [SUCCESS]   ✓ Saved scan results to /Users/matthewsmawfield/www/Temporal Equivalence Principle/TEP-HC/results/04b_jordan_frame_scan.json
2026-06-03 21:36:26 [SUCCESS] 
Step 06 completed in 5.8s
2026-06-03 21:36:26 [INFO] 
2026-06-03 21:36:26 [INFO] ----------------------------------------------------------------------
2026-06-03 21:36:26 [INFO] 
2026-06-03 21:36:26 [INFO] >>> STEP 07: COBAYA MCMC SETUP
2026-06-03 21:36:26 [INFO] 
2026-06-03 21:38:18 [INFO] STEP 04b_jordan_frame: Jordan-Frame No-Dark-Energy theta_s Reconstruction
2026-06-03 21:38:18 [INFO]   === Standard Scan (z_T = 5.0) ===
2026-06-03 21:38:18 [PROCESS]   Running EdS + tep_mode, z_T=5.0, epsilon_T = 0.00...
2026-06-03 21:38:19 [SUCCESS]     100*theta_s = 1.0403 (r_s = 144.5256 Mpc)
2026-06-03 21:38:19 [PROCESS]   Running EdS + tep_mode, z_T=5.0, epsilon_T = 0.01...
2026-06-03 21:38:19 [SUCCESS]     100*theta_s = 1.0432 (r_s = 144.5243 Mpc)
2026-06-03 21:38:19 [PROCESS]   Running EdS + tep_mode, z_T=5.0, epsilon_T = 0.02...
2026-06-03 21:38:19 [SUCCESS]     100*theta_s = 1.0461 (r_s = 144.523 Mpc)
2026-06-03 21:38:19 [PROCESS]   Running EdS + tep_mode, z_T=5.0, epsilon_T = 0.03...
2026-06-03 21:38:20 [SUCCESS]     100*theta_s = 1.049 (r_s = 144.5217 Mpc)
2026-06-03 21:38:20 [PROCESS]   Running EdS + tep_mode, z_T=5.0, epsilon_T = 0.04...
2026-06-03 21:38:20 [SUCCESS]     100*theta_s = 1.0519 (r_s = 144.5204 Mpc)
2026-06-03 21:38:20 [PROCESS]   Running EdS + tep_mode, z_T=5.0, epsilon_T = 0.05...
2026-06-03 21:38:21 [SUCCESS]     100*theta_s = 1.0548 (r_s = 144.5191 Mpc)
2026-06-03 21:38:21 [PROCESS]   Running EdS + tep_mode, z_T=5.0, epsilon_T = 0.06...
2026-06-03 21:38:21 [SUCCESS]     100*theta_s = 1.0577 (r_s = 144.5178 Mpc)
2026-06-03 21:38:21 [INFO]   === Unscreened Limit Scan (z_T = 1e+06) ===
2026-06-03 21:38:21 [PROCESS]   Running EdS + tep_mode, z_T=1e+06, epsilon_T = 0.00...
2026-06-03 21:38:21 [SUCCESS]     100*theta_s = 1.0403 (r_s = 144.5256 Mpc)
2026-06-03 21:38:21 [PROCESS]   Running EdS + tep_mode, z_T=1e+06, epsilon_T = 0.01...
2026-06-03 21:38:22 [SUCCESS]     100*theta_s = 0.9763 (r_s = 134.4117 Mpc)
2026-06-03 21:38:22 [PROCESS]   Running EdS + tep_mode, z_T=1e+06, epsilon_T = 0.02...
2026-06-03 21:38:22 [SUCCESS]     100*theta_s = 0.9161 (r_s = 125.009 Mpc)
2026-06-03 21:38:22 [PROCESS]   Running EdS + tep_mode, z_T=1e+06, epsilon_T = 0.03...
2026-06-03 21:38:22 [SUCCESS]     100*theta_s = 0.8596 (r_s = 116.2674 Mpc)
2026-06-03 21:38:22 [PROCESS]   Running EdS + tep_mode, z_T=1e+06, epsilon_T = 0.04...
2026-06-03 21:38:23 [SUCCESS]     100*theta_s = 0.8065 (r_s = 108.14 Mpc)
2026-06-03 21:38:23 [PROCESS]   Running EdS + tep_mode, z_T=1e+06, epsilon_T = 0.05...
2026-06-03 21:38:23 [SUCCESS]     100*theta_s = 0.7565 (r_s = 100.5835 Mpc)
2026-06-03 21:38:23 [PROCESS]   Running EdS + tep_mode, z_T=1e+06, epsilon_T = 0.06...
2026-06-03 21:38:24 [SUCCESS]     100*theta_s = 0.7096 (r_s = 93.5575 Mpc)
2026-06-03 21:38:24 [SUCCESS]   ✓ Saved figure to /Users/matthewsmawfield/www/Temporal Equivalence Principle/TEP-HC/results/figures/figure_5_jordan_theta_s.png
2026-06-03 21:38:24 [SUCCESS]   ✓ Saved scan results to /Users/matthewsmawfield/www/Temporal Equivalence Principle/TEP-HC/results/04b_jordan_frame_scan.json
2026-06-03 21:38:24 [SUCCESS] 
Step 06 completed in 5.8s
2026-06-03 21:38:24 [INFO] 
2026-06-03 21:38:24 [INFO] ----------------------------------------------------------------------
2026-06-03 21:38:24 [INFO] 
2026-06-03 21:38:24 [INFO] >>> STEP 07: COBAYA MCMC SETUP
2026-06-03 21:38:24 [INFO] 
2026-06-03 21:40:16 [INFO] STEP 04b_jordan_frame: Jordan-Frame No-Dark-Energy theta_s Reconstruction
2026-06-03 21:40:16 [INFO]   === Standard Scan (z_T = 5.0) ===
2026-06-03 21:40:16 [PROCESS]   Running EdS + tep_mode, z_T=5.0, epsilon_T = 0.00...
2026-06-03 21:40:16 [SUCCESS]     100*theta_s = 1.0403 (r_s = 144.5256 Mpc)
2026-06-03 21:40:16 [PROCESS]   Running EdS + tep_mode, z_T=5.0, epsilon_T = 0.01...
2026-06-03 21:40:16 [SUCCESS]     100*theta_s = 1.0432 (r_s = 144.5243 Mpc)
2026-06-03 21:40:16 [PROCESS]   Running EdS + tep_mode, z_T=5.0, epsilon_T = 0.02...
2026-06-03 21:40:17 [SUCCESS]     100*theta_s = 1.0461 (r_s = 144.523 Mpc)
2026-06-03 21:40:17 [PROCESS]   Running EdS + tep_mode, z_T=5.0, epsilon_T = 0.03...
2026-06-03 21:40:17 [SUCCESS]     100*theta_s = 1.049 (r_s = 144.5217 Mpc)
2026-06-03 21:40:17 [PROCESS]   Running EdS + tep_mode, z_T=5.0, epsilon_T = 0.04...
2026-06-03 21:40:18 [SUCCESS]     100*theta_s = 1.0519 (r_s = 144.5204 Mpc)
2026-06-03 21:40:18 [PROCESS]   Running EdS + tep_mode, z_T=5.0, epsilon_T = 0.05...
2026-06-03 21:40:18 [SUCCESS]     100*theta_s = 1.0548 (r_s = 144.5191 Mpc)
2026-06-03 21:40:18 [PROCESS]   Running EdS + tep_mode, z_T=5.0, epsilon_T = 0.06...
2026-06-03 21:40:18 [SUCCESS]     100*theta_s = 1.0577 (r_s = 144.5178 Mpc)
2026-06-03 21:40:18 [INFO]   === Unscreened Limit Scan (z_T = 1e+06) ===
2026-06-03 21:40:18 [PROCESS]   Running EdS + tep_mode, z_T=1e+06, epsilon_T = 0.00...
2026-06-03 21:40:19 [SUCCESS]     100*theta_s = 1.0403 (r_s = 144.5256 Mpc)
2026-06-03 21:40:19 [PROCESS]   Running EdS + tep_mode, z_T=1e+06, epsilon_T = 0.01...
2026-06-03 21:40:19 [SUCCESS]     100*theta_s = 0.9763 (r_s = 134.4117 Mpc)
2026-06-03 21:40:19 [PROCESS]   Running EdS + tep_mode, z_T=1e+06, epsilon_T = 0.02...
2026-06-03 21:40:20 [SUCCESS]     100*theta_s = 0.9161 (r_s = 125.009 Mpc)
2026-06-03 21:40:20 [PROCESS]   Running EdS + tep_mode, z_T=1e+06, epsilon_T = 0.03...
2026-06-03 21:40:20 [SUCCESS]     100*theta_s = 0.8596 (r_s = 116.2674 Mpc)
2026-06-03 21:40:20 [PROCESS]   Running EdS + tep_mode, z_T=1e+06, epsilon_T = 0.04...
2026-06-03 21:40:20 [SUCCESS]     100*theta_s = 0.8065 (r_s = 108.14 Mpc)
2026-06-03 21:40:20 [PROCESS]   Running EdS + tep_mode, z_T=1e+06, epsilon_T = 0.05...
2026-06-03 21:40:21 [SUCCESS]     100*theta_s = 0.7565 (r_s = 100.5835 Mpc)
2026-06-03 21:40:21 [PROCESS]   Running EdS + tep_mode, z_T=1e+06, epsilon_T = 0.06...
2026-06-03 21:40:21 [SUCCESS]     100*theta_s = 0.7096 (r_s = 93.5575 Mpc)
2026-06-03 21:40:21 [SUCCESS]   ✓ Saved figure to /Users/matthewsmawfield/www/Temporal Equivalence Principle/TEP-HC/results/figures/figure_5_jordan_theta_s.png
2026-06-03 21:40:21 [SUCCESS]   ✓ Saved scan results to /Users/matthewsmawfield/www/Temporal Equivalence Principle/TEP-HC/results/04b_jordan_frame_scan.json
2026-06-03 21:40:21 [SUCCESS] 
Step 06 completed in 5.8s
2026-06-03 21:40:21 [INFO] 
2026-06-03 21:40:21 [INFO] ----------------------------------------------------------------------
2026-06-03 21:40:21 [INFO] 
2026-06-03 21:40:21 [INFO] >>> STEP 07: COBAYA MCMC SETUP
2026-06-03 21:40:21 [INFO] 
2026-06-03 23:03:07 [INFO] STEP 04b_jordan_frame: Jordan-Frame No-Dark-Energy theta_s Reconstruction
2026-06-03 23:03:07 [INFO]   === Standard Scan (z_T = 5.0) ===
2026-06-03 23:03:07 [PROCESS]   Running EdS + tep_mode, z_T=5.0, epsilon_T = 0.00...
2026-06-03 23:03:07 [SUCCESS]     100*theta_s = 1.0403 (r_s = 144.5256 Mpc)
2026-06-03 23:03:07 [PROCESS]   Running EdS + tep_mode, z_T=5.0, epsilon_T = 0.01...
2026-06-03 23:03:07 [SUCCESS]     100*theta_s = 1.0432 (r_s = 144.5243 Mpc)
2026-06-03 23:03:07 [PROCESS]   Running EdS + tep_mode, z_T=5.0, epsilon_T = 0.02...
2026-06-03 23:03:08 [SUCCESS]     100*theta_s = 1.0461 (r_s = 144.523 Mpc)
2026-06-03 23:03:08 [PROCESS]   Running EdS + tep_mode, z_T=5.0, epsilon_T = 0.03...
2026-06-03 23:03:08 [SUCCESS]     100*theta_s = 1.049 (r_s = 144.5217 Mpc)
2026-06-03 23:03:08 [PROCESS]   Running EdS + tep_mode, z_T=5.0, epsilon_T = 0.04...
2026-06-03 23:03:09 [SUCCESS]     100*theta_s = 1.0519 (r_s = 144.5204 Mpc)
2026-06-03 23:03:09 [PROCESS]   Running EdS + tep_mode, z_T=5.0, epsilon_T = 0.05...
2026-06-03 23:03:09 [SUCCESS]     100*theta_s = 1.0548 (r_s = 144.5191 Mpc)
2026-06-03 23:03:09 [PROCESS]   Running EdS + tep_mode, z_T=5.0, epsilon_T = 0.06...
2026-06-03 23:03:09 [SUCCESS]     100*theta_s = 1.0577 (r_s = 144.5178 Mpc)
2026-06-03 23:03:09 [INFO]   === Unscreened Limit Scan (z_T = 1e+06) ===
2026-06-03 23:03:09 [PROCESS]   Running EdS + tep_mode, z_T=1e+06, epsilon_T = 0.00...
2026-06-03 23:03:10 [SUCCESS]     100*theta_s = 1.0403 (r_s = 144.5256 Mpc)
2026-06-03 23:03:10 [PROCESS]   Running EdS + tep_mode, z_T=1e+06, epsilon_T = 0.01...
2026-06-03 23:03:10 [SUCCESS]     100*theta_s = 0.9763 (r_s = 134.4117 Mpc)
2026-06-03 23:03:10 [PROCESS]   Running EdS + tep_mode, z_T=1e+06, epsilon_T = 0.02...
2026-06-03 23:03:11 [SUCCESS]     100*theta_s = 0.9161 (r_s = 125.009 Mpc)
2026-06-03 23:03:11 [PROCESS]   Running EdS + tep_mode, z_T=1e+06, epsilon_T = 0.03...
2026-06-03 23:03:11 [SUCCESS]     100*theta_s = 0.8596 (r_s = 116.2674 Mpc)
2026-06-03 23:03:11 [PROCESS]   Running EdS + tep_mode, z_T=1e+06, epsilon_T = 0.04...
2026-06-03 23:03:11 [SUCCESS]     100*theta_s = 0.8065 (r_s = 108.14 Mpc)
2026-06-03 23:03:11 [PROCESS]   Running EdS + tep_mode, z_T=1e+06, epsilon_T = 0.05...
2026-06-03 23:03:12 [SUCCESS]     100*theta_s = 0.7565 (r_s = 100.5835 Mpc)
2026-06-03 23:03:12 [PROCESS]   Running EdS + tep_mode, z_T=1e+06, epsilon_T = 0.06...
2026-06-03 23:03:12 [SUCCESS]     100*theta_s = 0.7096 (r_s = 93.5575 Mpc)
2026-06-03 23:03:13 [SUCCESS]   ✓ Saved figure to /Users/matthewsmawfield/www/Temporal Equivalence Principle/TEP-HC/results/figures/figure_5_jordan_theta_s.png
2026-06-03 23:03:13 [SUCCESS]   ✓ Saved scan results to /Users/matthewsmawfield/www/Temporal Equivalence Principle/TEP-HC/results/04b_jordan_frame_scan.json
2026-06-03 23:03:13 [SUCCESS] 
Step 06 completed in 5.9s
2026-06-03 23:03:13 [INFO] 
2026-06-03 23:03:13 [INFO] ----------------------------------------------------------------------
2026-06-03 23:03:13 [INFO] 
2026-06-03 23:03:13 [INFO] >>> STEP 07: COBAYA MCMC SETUP
2026-06-03 23:03:13 [INFO] 
2026-06-05 20:42:20 [INFO] STEP 04b_jordan_frame: Jordan-Frame No-Dark-Energy theta_s Reconstruction
2026-06-05 20:42:20 [INFO]   === Standard Scan (z_T = 5.0) ===
2026-06-05 20:42:20 [PROCESS]   Running EdS + tep_mode, z_T=5.0, epsilon_T = 0.00...
2026-06-05 20:42:22 [SUCCESS]     100*theta_s = 1.0403 (r_s = 144.5256 Mpc)
2026-06-05 20:42:22 [PROCESS]   Running EdS + tep_mode, z_T=5.0, epsilon_T = 0.01...
2026-06-05 20:42:23 [SUCCESS]     100*theta_s = 1.0432 (r_s = 144.5243 Mpc)
2026-06-05 20:42:23 [PROCESS]   Running EdS + tep_mode, z_T=5.0, epsilon_T = 0.02...
2026-06-05 20:42:23 [SUCCESS]     100*theta_s = 1.0461 (r_s = 144.523 Mpc)
2026-06-05 20:42:23 [PROCESS]   Running EdS + tep_mode, z_T=5.0, epsilon_T = 0.03...
2026-06-05 20:42:24 [SUCCESS]     100*theta_s = 1.049 (r_s = 144.5217 Mpc)
2026-06-05 20:42:24 [PROCESS]   Running EdS + tep_mode, z_T=5.0, epsilon_T = 0.04...
2026-06-05 20:42:25 [SUCCESS]     100*theta_s = 1.0519 (r_s = 144.5204 Mpc)
2026-06-05 20:42:25 [PROCESS]   Running EdS + tep_mode, z_T=5.0, epsilon_T = 0.05...
2026-06-05 20:42:26 [SUCCESS]     100*theta_s = 1.0548 (r_s = 144.5191 Mpc)
2026-06-05 20:42:26 [PROCESS]   Running EdS + tep_mode, z_T=5.0, epsilon_T = 0.06...
2026-06-05 20:42:27 [SUCCESS]     100*theta_s = 1.0577 (r_s = 144.5178 Mpc)
2026-06-05 20:42:27 [INFO]   === Unscreened Limit Scan (z_T = 1e+06) ===
2026-06-05 20:42:27 [PROCESS]   Running EdS + tep_mode, z_T=1e+06, epsilon_T = 0.00...
2026-06-05 20:42:28 [SUCCESS]     100*theta_s = 1.0403 (r_s = 144.5256 Mpc)
2026-06-05 20:42:28 [PROCESS]   Running EdS + tep_mode, z_T=1e+06, epsilon_T = 0.01...
2026-06-05 20:42:29 [SUCCESS]     100*theta_s = 0.9763 (r_s = 134.4117 Mpc)
2026-06-05 20:42:29 [PROCESS]   Running EdS + tep_mode, z_T=1e+06, epsilon_T = 0.02...
2026-06-05 20:42:29 [SUCCESS]     100*theta_s = 0.9161 (r_s = 125.009 Mpc)
2026-06-05 20:42:29 [PROCESS]   Running EdS + tep_mode, z_T=1e+06, epsilon_T = 0.03...
2026-06-05 20:42:30 [SUCCESS]     100*theta_s = 0.8596 (r_s = 116.2674 Mpc)
2026-06-05 20:42:30 [PROCESS]   Running EdS + tep_mode, z_T=1e+06, epsilon_T = 0.04...
2026-06-05 20:42:31 [SUCCESS]     100*theta_s = 0.8065 (r_s = 108.14 Mpc)
2026-06-05 20:42:31 [PROCESS]   Running EdS + tep_mode, z_T=1e+06, epsilon_T = 0.05...
2026-06-05 20:42:32 [SUCCESS]     100*theta_s = 0.7565 (r_s = 100.5835 Mpc)
2026-06-05 20:42:32 [PROCESS]   Running EdS + tep_mode, z_T=1e+06, epsilon_T = 0.06...
2026-06-05 20:42:33 [SUCCESS]     100*theta_s = 0.7096 (r_s = 93.5575 Mpc)
2026-06-05 20:42:35 [SUCCESS]   ✓ Saved figure to /Users/matthewsmawfield/www/Temporal Equivalence Principle/TEP-HC/results/figures/figure_5_jordan_theta_s.png
2026-06-05 20:42:35 [SUCCESS]   ✓ Saved scan results to /Users/matthewsmawfield/www/Temporal Equivalence Principle/TEP-HC/results/04b_jordan_frame_scan.json
2026-06-05 20:42:35 [SUCCESS] 
Step 05 completed in 15.0s
2026-06-05 20:42:35 [INFO] 
2026-06-05 20:42:35 [INFO] ----------------------------------------------------------------------
2026-06-05 20:42:35 [INFO] 
2026-06-05 20:42:35 [INFO] >>> STEP 06: COBAYA MCMC SETUP
2026-06-05 20:42:35 [INFO] 
