2026-05-25 02:41:04 [INFO] STEP 06_mcmc: MCMC Execution with hi_class (Real Data Only)
2026-05-25 02:41:04 [INFO]   Removing old chain: tep_hiclass_suite.2.txt
2026-05-25 02:41:04 [INFO]   Removing old chain: tep_hiclass_suite.1.txt
2026-05-25 02:41:05 [PROCESS] Launching Cobaya MCMC with REAL Planck + BAO + SN...
2026-05-25 02:41:05 [INFO]   Config: /Users/matthewsmawfield/www/Temporal Equivalence Principle/TEP-HC/data/cobaya/tep_hiclass_suite.yaml
2026-05-25 02:41:05 [INFO]   Hardware: M4 Pro detected, using 10 performance cores
2026-05-25 02:41:05 [WARNING]   WARNING: This requires real Planck likelihood data.
2026-05-25 02:41:05 [ERROR]   NO FALLBACK. NO MOCK DATA. NO SYNTHETIC DATA. EVER.
2026-05-25 02:41:05 [INFO]   Running MPI parallel with 10 chains
2026-05-25 02:41:10 [INFO]     [Cobaya] [0 : output] Output to be read-from/written-into folder 'results/mcmc_chains', with prefix 'tep_hiclass_suite'
2026-05-25 02:41:28 [INFO]     [Cobaya] [0 : classy] `classy` module loaded successfully from /Users/matthewsmawfield/www/Temporal Equivalence Principle/TEP-HC/external/hi_class/hi_class/python/build/lib.macosx-11.1-arm64-cpython-313
2026-05-25 02:41:28 [INFO]     [Cobaya] [0 : classy] *WARNING* Detected an old CLASS version (<3.3). Please update: support for this will be deprecated soon.
2026-05-25 02:41:28 [INFO]     [Cobaya] [8 : classy] *WARNING* Detected an old CLASS version (<3.3). Please update: support for this will be deprecated soon.
2026-05-25 02:41:28 [INFO]     [Cobaya] [5 : classy] *WARNING* Detected an old CLASS version (<3.3). Please update: support for this will be deprecated soon.
2026-05-25 02:41:28 [INFO]     [Cobaya] [6 : classy] *WARNING* Detected an old CLASS version (<3.3). Please update: support for this will be deprecated soon.
2026-05-25 02:41:28 [INFO]     [Cobaya] [4 : classy] *WARNING* Detected an old CLASS version (<3.3). Please update: support for this will be deprecated soon.
2026-05-25 02:41:28 [INFO]     [Cobaya] [1 : classy] *WARNING* Detected an old CLASS version (<3.3). Please update: support for this will be deprecated soon.
2026-05-25 02:41:28 [INFO]     [Cobaya] [2 : classy] *WARNING* Detected an old CLASS version (<3.3). Please update: support for this will be deprecated soon.
2026-05-25 02:41:28 [INFO]     [Cobaya] [9 : classy] *WARNING* Detected an old CLASS version (<3.3). Please update: support for this will be deprecated soon.
2026-05-25 02:41:28 [INFO]     [Cobaya] [3 : classy] *WARNING* Detected an old CLASS version (<3.3). Please update: support for this will be deprecated soon.
2026-05-25 02:41:28 [INFO]     [Cobaya] [0 : bao.sdss_dr12_consensus_final] Initialized.
2026-05-25 02:41:28 [INFO]     [Cobaya] [8 : bao.sdss_dr12_consensus_final] Initialized.
2026-05-25 02:41:28 [INFO]     [Cobaya] [5 : bao.sdss_dr12_consensus_final] Initialized.
2026-05-25 02:41:28 [INFO]     [Cobaya] [1 : bao.sdss_dr12_consensus_final] Initialized.
2026-05-25 02:41:28 [INFO]     [Cobaya] [6 : bao.sdss_dr12_consensus_final] Initialized.
2026-05-25 02:41:28 [INFO]     [Cobaya] [7 : classy] *WARNING* Detected an old CLASS version (<3.3). Please update: support for this will be deprecated soon.
2026-05-25 02:41:28 [INFO]     [Cobaya] [4 : bao.sdss_dr12_consensus_final] Initialized.
2026-05-25 02:41:28 [INFO]     [Cobaya] [2 : bao.sdss_dr12_consensus_final] Initialized.
2026-05-25 02:41:29 [INFO]     [Cobaya] [9 : bao.sdss_dr12_consensus_final] Initialized.
2026-05-25 02:41:29 [INFO]     [Cobaya] [3 : bao.sdss_dr12_consensus_final] Initialized.
2026-05-25 02:41:29 [INFO]     [Cobaya] [7 : bao.sdss_dr12_consensus_final] Initialized.
2026-05-25 02:41:29 [INFO]     [Cobaya] [9 : mcmc] Getting initial point... (this may take a few seconds)
2026-05-25 02:41:29 [INFO]     [Cobaya] [5 : mcmc] Getting initial point... (this may take a few seconds)
2026-05-25 02:41:29 [INFO]     [Cobaya] [1 : mcmc] Getting initial point... (this may take a few seconds)
2026-05-25 02:41:29 [INFO]     [Cobaya] [3 : mcmc] Getting initial point... (this may take a few seconds)
2026-05-25 02:41:29 [INFO]     [Cobaya] [2 : mcmc] Getting initial point... (this may take a few seconds)
2026-05-25 02:41:29 [INFO]     [Cobaya] [0 : mcmc] Getting initial point... (this may take a few seconds)
2026-05-25 02:41:29 [INFO]     [Cobaya] [6 : mcmc] Getting initial point... (this may take a few seconds)
2026-05-25 02:41:29 [INFO]     [Cobaya] [4 : mcmc] Getting initial point... (this may take a few seconds)
2026-05-25 02:41:29 [INFO]     [Cobaya] [8 : mcmc] Getting initial point... (this may take a few seconds)
2026-05-25 02:41:29 [INFO]     [Cobaya] [7 : mcmc] Getting initial point... (this may take a few seconds)
2026-05-25 02:41:43 [INFO]     [Cobaya] WARNING: Currently HMcode is implemented only for Brans-Dicke.
2026-05-25 02:41:43 [INFO]     [Cobaya] WARNING: Currently HMcode is implemented only for Brans-Dicke.
2026-05-25 02:41:43 [INFO]     [Cobaya] WARNING: Currently HMcode is implemented only for Brans-Dicke.
2026-05-25 02:41:43 [INFO]     [Cobaya] WARNING: Currently HMcode is implemented only for Brans-Dicke.
2026-05-25 02:41:43 [INFO]     [Cobaya] WARNING: Currently HMcode is implemented only for Brans-Dicke.
2026-05-25 02:41:43 [INFO]     [Cobaya] WARNING: Currently HMcode is implemented only for Brans-Dicke.
2026-05-25 02:41:43 [INFO]     [Cobaya] WARNING: Currently HMcode is implemented only for Brans-Dicke.
2026-05-25 02:41:43 [INFO]     [Cobaya] WARNING: Currently HMcode is implemented only for Brans-Dicke.
2026-05-25 02:41:43 [INFO]     [Cobaya] WARNING: Currently HMcode is implemented only for Brans-Dicke.
2026-05-25 02:41:43 [INFO]     [Cobaya] WARNING: Currently HMcode is implemented only for Brans-Dicke.
2026-05-25 02:41:44 [INFO]     [Cobaya] WARNING: Currently HMcode is implemented only for Brans-Dicke.
2026-05-25 02:41:44 [INFO]     [Cobaya] WARNING: Currently HMcode is implemented only for Brans-Dicke.
2026-05-25 02:41:44 [INFO]     [Cobaya] WARNING: Currently HMcode is implemented only for Brans-Dicke.
2026-05-25 02:41:44 [INFO]     [Cobaya] WARNING: Currently HMcode is implemented only for Brans-Dicke.
2026-05-25 02:41:44 [INFO]     [Cobaya] WARNING: Currently HMcode is implemented only for Brans-Dicke.
2026-05-25 02:41:44 [INFO]     [Cobaya] WARNING: Currently HMcode is implemented only for Brans-Dicke.
2026-05-25 02:41:44 [INFO]     [Cobaya] WARNING: Currently HMcode is implemented only for Brans-Dicke.
2026-05-25 02:41:44 [INFO]     [Cobaya] WARNING: Currently HMcode is implemented only for Brans-Dicke.
2026-05-25 02:41:44 [INFO]     [Cobaya] WARNING: Currently HMcode is implemented only for Brans-Dicke.
2026-05-25 02:41:44 [INFO]     [Cobaya] WARNING: Currently HMcode is implemented only for Brans-Dicke.
2026-05-25 02:41:44 [INFO]     [Cobaya] WARNING: Currently HMcode is implemented only for Brans-Dicke.
2026-05-25 02:41:44 [INFO]     [Cobaya] WARNING: Currently HMcode is implemented only for Brans-Dicke.
2026-05-25 02:41:44 [INFO]     [Cobaya] WARNING: Currently HMcode is implemented only for Brans-Dicke.
2026-05-25 02:41:44 [INFO]     [Cobaya] WARNING: Currently HMcode is implemented only for Brans-Dicke.
2026-05-25 02:41:44 [INFO]     [Cobaya] WARNING: Currently HMcode is implemented only for Brans-Dicke.
2026-05-25 02:41:44 [INFO]     [Cobaya] WARNING: Currently HMcode is implemented only for Brans-Dicke.
2026-05-25 02:41:44 [INFO]     [Cobaya] WARNING: Currently HMcode is implemented only for Brans-Dicke.
2026-05-25 02:41:44 [INFO]     [Cobaya] WARNING: Currently HMcode is implemented only for Brans-Dicke.
2026-05-25 02:41:44 [INFO]     [Cobaya] WARNING: Currently HMcode is implemented only for Brans-Dicke.
2026-05-25 02:41:44 [INFO]     [Cobaya] WARNING: Currently HMcode is implemented only for Brans-Dicke.
2026-05-25 02:41:44 [INFO]     [Cobaya] WARNING: Currently HMcode is implemented only for Brans-Dicke.
2026-05-25 02:41:44 [INFO]     [Cobaya] WARNING: Currently HMcode is implemented only for Brans-Dicke.
2026-05-25 02:41:44 [INFO]     [Cobaya] WARNING: Currently HMcode is implemented only for Brans-Dicke.
2026-05-25 02:41:44 [INFO]     [Cobaya] WARNING: Currently HMcode is implemented only for Brans-Dicke.
2026-05-25 02:41:44 [INFO]     [Cobaya] WARNING: Currently HMcode is implemented only for Brans-Dicke.
2026-05-25 02:41:44 [INFO]     [Cobaya] WARNING: Currently HMcode is implemented only for Brans-Dicke.
2026-05-25 02:41:44 [INFO]     [Cobaya] WARNING: Currently HMcode is implemented only for Brans-Dicke.
2026-05-25 02:41:44 [INFO]     [Cobaya] WARNING: Currently HMcode is implemented only for Brans-Dicke.
2026-05-25 02:41:44 [INFO]     [Cobaya] WARNING: Currently HMcode is implemented only for Brans-Dicke.
2026-05-25 02:41:44 [INFO]     [Cobaya] WARNING: Currently HMcode is implemented only for Brans-Dicke.
2026-05-25 02:41:44 [INFO]     [Cobaya] WARNING: Currently HMcode is implemented only for Brans-Dicke.
2026-05-25 02:41:44 [INFO]     [Cobaya] WARNING: Currently HMcode is implemented only for Brans-Dicke.
2026-05-25 02:41:44 [INFO]     [Cobaya] WARNING: Currently HMcode is implemented only for Brans-Dicke.
2026-05-25 02:41:44 [INFO]     [Cobaya] WARNING: Currently HMcode is implemented only for Brans-Dicke.
2026-05-25 02:41:44 [INFO]     [Cobaya] WARNING: Currently HMcode is implemented only for Brans-Dicke.
2026-05-25 02:41:44 [INFO]     [Cobaya] WARNING: Currently HMcode is implemented only for Brans-Dicke.
2026-05-25 02:41:44 [INFO]     [Cobaya] WARNING: Currently HMcode is implemented only for Brans-Dicke.
2026-05-25 02:41:44 [INFO]     [Cobaya] WARNING: Currently HMcode is implemented only for Brans-Dicke.
2026-05-25 02:41:44 [INFO]     [Cobaya] WARNING: Currently HMcode is implemented only for Brans-Dicke.
2026-05-25 02:41:44 [INFO]     [Cobaya] WARNING: Currently HMcode is implemented only for Brans-Dicke.
2026-05-25 02:41:44 [INFO]     [Cobaya] WARNING: Currently HMcode is implemented only for Brans-Dicke.
2026-05-25 02:41:44 [INFO]     [Cobaya] WARNING: Currently HMcode is implemented only for Brans-Dicke.
2026-05-25 02:41:44 [INFO]     [Cobaya] WARNING: Currently HMcode is implemented only for Brans-Dicke.
2026-05-25 02:41:44 [INFO]     [Cobaya] WARNING: Currently HMcode is implemented only for Brans-Dicke.
2026-05-25 02:41:44 [INFO]     [Cobaya] WARNING: Currently HMcode is implemented only for Brans-Dicke.
2026-05-25 02:41:44 [INFO]     [Cobaya] WARNING: Currently HMcode is implemented only for Brans-Dicke.
2026-05-25 02:41:44 [INFO]     [Cobaya] WARNING: Currently HMcode is implemented only for Brans-Dicke.
2026-05-25 02:41:44 [INFO]     [Cobaya] WARNING: Currently HMcode is implemented only for Brans-Dicke.
2026-05-25 02:41:44 [INFO]     [Cobaya] WARNING: Currently HMcode is implemented only for Brans-Dicke.
2026-05-25 02:41:44 [INFO]     [Cobaya] WARNING: Currently HMcode is implemented only for Brans-Dicke.
2026-05-25 02:41:44 [INFO]     [Cobaya] WARNING: Currently HMcode is implemented only for Brans-Dicke.
2026-05-25 02:41:44 [INFO]     [Cobaya] WARNING: Currently HMcode is implemented only for Brans-Dicke.
2026-05-25 02:41:44 [INFO]     [Cobaya] WARNING: Currently HMcode is implemented only for Brans-Dicke.
2026-05-25 02:41:44 [INFO]     [Cobaya] WARNING: Currently HMcode is implemented only for Brans-Dicke.
2026-05-25 02:41:44 [INFO]     [Cobaya] WARNING: Currently HMcode is implemented only for Brans-Dicke.
2026-05-25 02:41:44 [INFO]     [Cobaya] WARNING: Currently HMcode is implemented only for Brans-Dicke.
2026-05-25 02:41:44 [INFO]     [Cobaya] WARNING: Currently HMcode is implemented only for Brans-Dicke.
2026-05-25 02:41:44 [INFO]     [Cobaya] WARNING: Currently HMcode is implemented only for Brans-Dicke.
2026-05-25 03:08:54 [INFO]     [Cobaya] [1 : samplecollection] *ERROR* Output file results/mcmc_chains/tep_hiclass_suite.2.txt already exists (report bug)
2026-05-25 03:08:54 [ERROR]   ✗ Cobaya reported ERROR: [1 : samplecollection] *ERROR* Output file results/mcmc_chains/tep_hiclass_suite.2.txt already exists (report bug)
2026-05-25 03:08:54 [PROCESS]   Waiting for MCMC to complete...
2026-05-25 03:08:56 [ERROR] 
  ✗ Step FAILED (no fallback used): Cobaya exited with code 1.
Likely cause: Planck likelihood not installed.
Install with: cobaya-install planck_2018_highl_plik.TTTEEE planck_2018_lowl.TT planck_2018_lowl.EE planck_2018_lensing.native -p /path/to/packages
2026-05-25 03:08:56 [ERROR] 
Step 07 failed after 1671.3s
2026-05-25 03:08:56 [ERROR] Error: Cobaya exited with code 1.
Likely cause: Planck likelihood not installed.
Install with: cobaya-install planck_2018_highl_plik.TTTEEE planck_2018_lowl.TT planck_2018_lowl.EE planck_2018_lensing.native -p /path/to/packages
2026-05-25 03:08:56 [WARNING] 
Pipeline halted. Use --continue-on-error to proceed.
2026-05-25 03:08:56 [INFO] ======================================================================
2026-05-25 03:08:56 [INFO] PIPELINE EXECUTION SUMMARY
2026-05-25 03:08:56 [INFO] ======================================================================
2026-05-25 03:08:56 [INFO] 
2026-05-25 03:08:56 [INFO] 
Execution Statistics
2026-05-25 03:08:56 [INFO] ====================
2026-05-25 03:08:56 [INFO] Metric          | Count | Time (s)
2026-05-25 03:08:56 [INFO] ----------------------------------
2026-05-25 03:08:56 [INFO] Steps Completed | 7     | -       
2026-05-25 03:08:56 [INFO] Steps Skipped   | 0     | -       
2026-05-25 03:08:56 [INFO] Steps Failed    | 1     | -       
2026-05-25 03:08:56 [INFO] Total Time      | -     | 1680.3  
2026-05-25 03:08:56 [INFO] 
2026-05-25 03:08:56 [INFO] Step Timing Breakdown:
2026-05-25 03:08:56 [INFO]   00_setup            :    1.7s
2026-05-25 03:08:56 [INFO]   00b_install         :    2.4s
2026-05-25 03:08:56 [INFO]   01_tep_module       :    0.0s
2026-05-25 03:08:56 [INFO]   02_background       :    0.0s
2026-05-25 03:08:56 [INFO]   03_alphas           :    0.0s
2026-05-25 03:08:56 [INFO]   04_cmb              :    4.9s
2026-05-25 03:08:56 [INFO]   05_cobaya           :    0.0s
2026-05-25 03:08:56 [INFO]   06_mcmc             : 1671.3s
2026-05-25 03:08:56 [INFO] 
2026-05-25 03:08:56 [WARNING] Status: FAILED
2026-05-25 03:08:56 [INFO] 
2026-05-25 03:08:56 [INFO] Results directory: /Users/matthewsmawfield/www/Temporal Equivalence Principle/TEP-HC/results
2026-05-25 03:08:56 [INFO] Logs directory: /Users/matthewsmawfield/www/Temporal Equivalence Principle/TEP-HC/logs
2026-05-25 03:08:56 [INFO] 
2026-05-25 03:08:56 [INFO] ======================================================================
2026-05-25 03:08:56 [INFO] Pipeline results saved to: /Users/matthewsmawfield/www/Temporal Equivalence Principle/TEP-HC/results/pipeline_results.json
2026-05-25 03:43:40 [INFO] STEP 06_mcmc: MCMC Execution with hi_class (Real Data Only)
2026-05-25 03:43:40 [PROCESS] Launching Cobaya MCMC with REAL Planck + BAO + SN...
2026-05-25 03:43:40 [INFO]   Config: /Users/matthewsmawfield/www/Temporal Equivalence Principle/TEP-HC/data/cobaya/tep_hiclass_suite.yaml
2026-05-25 03:43:40 [INFO]   Hardware: M4 Pro detected, using 10 performance cores
2026-05-25 03:43:40 [WARNING]   WARNING: This requires real Planck likelihood data.
2026-05-25 03:43:40 [ERROR]   NO FALLBACK. NO MOCK DATA. NO SYNTHETIC DATA. EVER.
2026-05-25 03:43:40 [INFO]   Running single-threaded (1 chain mode)
2026-05-25 03:43:40 [INFO]     [Cobaya] Fatal Python error: init_sys_streams: can't initialize sys standard streams
2026-05-25 03:43:40 [INFO]     [Cobaya] Python runtime state: core initialized
2026-05-25 03:43:40 [INFO]     [Cobaya] OSError: [Errno 9] Bad file descriptor
2026-05-25 03:43:40 [INFO]     [Cobaya] 
2026-05-25 03:43:40 [INFO]     [Cobaya] Current thread 0x00000001fc3b3100 (most recent call first):
2026-05-25 03:43:40 [INFO]     [Cobaya] <no Python frame>
2026-05-25 03:43:40 [PROCESS]   Waiting for MCMC to complete...
2026-05-25 03:43:40 [ERROR] 
  ✗ Step FAILED (no fallback used): Cobaya exited with code 1.
Likely cause: Planck likelihood not installed.
Install with: cobaya-install planck_2018_highl_plik.TTTEEE planck_2018_lowl.TT planck_2018_lowl.EE planck_2018_lensing.native -p /path/to/packages
2026-05-25 03:43:40 [ERROR] 
Step 07 failed after 0.0s
2026-05-25 03:43:40 [ERROR] Error: Cobaya exited with code 1.
Likely cause: Planck likelihood not installed.
Install with: cobaya-install planck_2018_highl_plik.TTTEEE planck_2018_lowl.TT planck_2018_lowl.EE planck_2018_lensing.native -p /path/to/packages
2026-05-25 03:43:40 [WARNING] 
Pipeline halted. Use --continue-on-error to proceed.
2026-05-25 03:43:40 [INFO] ======================================================================
2026-05-25 03:43:40 [INFO] PIPELINE EXECUTION SUMMARY
2026-05-25 03:43:40 [INFO] ======================================================================
2026-05-25 03:43:40 [INFO] 
2026-05-25 03:43:40 [INFO] 
Execution Statistics
2026-05-25 03:43:40 [INFO] ====================
2026-05-25 03:43:40 [INFO] Metric          | Count | Time (s)
2026-05-25 03:43:40 [INFO] ----------------------------------
2026-05-25 03:43:40 [INFO] Steps Completed | 2     | -       
2026-05-25 03:43:40 [INFO] Steps Skipped   | 0     | -       
2026-05-25 03:43:40 [INFO] Steps Failed    | 1     | -       
2026-05-25 03:43:40 [INFO] Total Time      | -     | 1.6     
2026-05-25 03:43:40 [INFO] 
2026-05-25 03:43:40 [INFO] Step Timing Breakdown:
2026-05-25 03:43:40 [INFO]   04_cmb              :    1.6s
2026-05-25 03:43:40 [INFO]   05_cobaya           :    0.0s
2026-05-25 03:43:40 [INFO]   06_mcmc             :    0.0s
2026-05-25 03:43:40 [INFO] 
2026-05-25 03:43:40 [WARNING] Status: FAILED
2026-05-25 03:43:40 [INFO] 
2026-05-25 03:43:40 [INFO] Results directory: /Users/matthewsmawfield/www/Temporal Equivalence Principle/TEP-HC/results
2026-05-25 03:43:40 [INFO] Logs directory: /Users/matthewsmawfield/www/Temporal Equivalence Principle/TEP-HC/logs
2026-05-25 03:43:40 [INFO] 
2026-05-25 03:43:40 [INFO] ======================================================================
2026-05-25 03:43:40 [INFO] Pipeline results saved to: /Users/matthewsmawfield/www/Temporal Equivalence Principle/TEP-HC/results/pipeline_results.json
2026-05-25 03:45:56 [INFO] STEP 06_mcmc: MCMC Execution with hi_class (Real Data Only)
2026-05-25 03:45:56 [PROCESS] Launching Cobaya MCMC with REAL Planck + BAO + SN...
2026-05-25 03:45:56 [INFO]   Config: /Users/matthewsmawfield/www/Temporal Equivalence Principle/TEP-HC/data/cobaya/tep_hiclass_suite.yaml
2026-05-25 03:45:56 [INFO]   Hardware: M4 Pro detected, using 10 performance cores
2026-05-25 03:45:56 [WARNING]   WARNING: This requires real Planck likelihood data.
2026-05-25 03:45:56 [ERROR]   NO FALLBACK. NO MOCK DATA. NO SYNTHETIC DATA. EVER.
2026-05-25 03:45:56 [INFO]   Running single-threaded (1 chain mode)
2026-05-25 03:46:00 [INFO]     [Cobaya] [output] Output to be read-from/written-into folder 'results/mcmc_chains', with prefix 'tep_hiclass_suite'
2026-05-25 03:46:09 [INFO]     [Cobaya] [input] *ERROR* sampler 'mcmc' does not recognize some options: 'chains' (did you mean 'oversample_thin'|'class'?). Check the documentation for 'sampler'.
2026-05-25 03:46:09 [ERROR]   ✗ Cobaya reported ERROR: [input] *ERROR* sampler 'mcmc' does not recognize some options: 'chains' (did you mean 'oversample_thin'|'class'?). Check the documentation for 'sampler'.
2026-05-25 03:46:09 [PROCESS]   Waiting for MCMC to complete...
2026-05-25 03:46:09 [ERROR] 
  ✗ Step FAILED (no fallback used): Cobaya exited with code -15.
Likely cause: Planck likelihood not installed.
Install with: cobaya-install planck_2018_highl_plik.TTTEEE planck_2018_lowl.TT planck_2018_lowl.EE planck_2018_lensing.native -p /path/to/packages
2026-05-25 03:46:09 [ERROR] 
Step 07 failed after 12.3s
2026-05-25 03:46:09 [ERROR] Error: Cobaya exited with code -15.
Likely cause: Planck likelihood not installed.
Install with: cobaya-install planck_2018_highl_plik.TTTEEE planck_2018_lowl.TT planck_2018_lowl.EE planck_2018_lensing.native -p /path/to/packages
2026-05-25 03:46:09 [WARNING] 
Pipeline halted. Use --continue-on-error to proceed.
2026-05-25 03:46:09 [INFO] ======================================================================
2026-05-25 03:46:09 [INFO] PIPELINE EXECUTION SUMMARY
2026-05-25 03:46:09 [INFO] ======================================================================
2026-05-25 03:46:09 [INFO] 
2026-05-25 03:46:09 [INFO] 
Execution Statistics
2026-05-25 03:46:09 [INFO] ====================
2026-05-25 03:46:09 [INFO] Metric          | Count | Time (s)
2026-05-25 03:46:09 [INFO] ----------------------------------
2026-05-25 03:46:09 [INFO] Steps Completed | 2     | -       
2026-05-25 03:46:09 [INFO] Steps Skipped   | 0     | -       
2026-05-25 03:46:09 [INFO] Steps Failed    | 1     | -       
2026-05-25 03:46:09 [INFO] Total Time      | -     | 15.8    
2026-05-25 03:46:09 [INFO] 
2026-05-25 03:46:09 [INFO] Step Timing Breakdown:
2026-05-25 03:46:09 [INFO]   04_cmb              :    3.5s
2026-05-25 03:46:09 [INFO]   05_cobaya           :    0.0s
2026-05-25 03:46:09 [INFO]   06_mcmc             :   12.2s
2026-05-25 03:46:09 [INFO] 
2026-05-25 03:46:09 [WARNING] Status: FAILED
2026-05-25 03:46:09 [INFO] 
2026-05-25 03:46:09 [INFO] Results directory: /Users/matthewsmawfield/www/Temporal Equivalence Principle/TEP-HC/results
2026-05-25 03:46:09 [INFO] Logs directory: /Users/matthewsmawfield/www/Temporal Equivalence Principle/TEP-HC/logs
2026-05-25 03:46:09 [INFO] 
2026-05-25 03:46:09 [INFO] ======================================================================
2026-05-25 03:46:09 [INFO] Pipeline results saved to: /Users/matthewsmawfield/www/Temporal Equivalence Principle/TEP-HC/results/pipeline_results.json
2026-05-25 03:55:38 [INFO] STEP 06_mcmc: MCMC Execution with hi_class (Real Data Only)
2026-05-25 03:55:38 [INFO]   Removing old file: tep_hiclass_suite.2.txt
2026-05-25 03:55:38 [INFO]   Removing old file: tep_hiclass_suite.1.txt
2026-05-25 03:55:38 [INFO]   Removing old file: tep_hiclass_suite.progress
2026-05-25 03:55:38 [INFO]   Removing old file: tep_hiclass_suite.covmat
2026-05-25 03:55:38 [INFO]   Removing old file: tep_hiclass_suite.checkpoint
2026-05-25 03:55:39 [PROCESS] Launching Cobaya MCMC with REAL Planck + BAO + SN...
2026-05-25 03:55:39 [INFO]   Config: /Users/matthewsmawfield/www/Temporal Equivalence Principle/TEP-HC/data/cobaya/tep_hiclass_suite.yaml
2026-05-25 03:55:39 [INFO]   Hardware: M4 Pro detected, using 10 performance cores
2026-05-25 03:55:39 [WARNING]   WARNING: This requires real Planck likelihood data.
2026-05-25 03:55:39 [ERROR]   NO FALLBACK. NO MOCK DATA. NO SYNTHETIC DATA. EVER.
2026-05-25 03:55:39 [INFO]   Running single-threaded (1 chain mode)
2026-05-25 03:55:39 [PROCESS]   MCMC running (log: /Users/matthewsmawfield/www/Temporal Equivalence Principle/TEP-HC/logs/cobaya_run.log)
2026-05-25 03:55:39 [INFO]   This will take hours. Check progress file for status.
2026-05-25 03:55:45 [ERROR] 
  ✗ Step FAILED (no fallback used): Cobaya exited with code 1.
Likely cause: Planck likelihood not installed.
Install with: cobaya-install planck_2018_lowl.TT planck_2018_lowl.EE planck_2018_lensing.native -p /path/to/packages
2026-05-25 03:55:45 [ERROR] 
Step 07 failed after 6.3s
2026-05-25 03:55:45 [ERROR] Error: Cobaya exited with code 1.
Likely cause: Planck likelihood not installed.
Install with: cobaya-install planck_2018_lowl.TT planck_2018_lowl.EE planck_2018_lensing.native -p /path/to/packages
2026-05-25 03:55:45 [WARNING] 
Pipeline halted. Use --continue-on-error to proceed.
2026-05-25 03:55:45 [INFO] ======================================================================
2026-05-25 03:55:45 [INFO] PIPELINE EXECUTION SUMMARY
2026-05-25 03:55:45 [INFO] ======================================================================
2026-05-25 03:55:45 [INFO] 
2026-05-25 03:55:45 [INFO] 
Execution Statistics
2026-05-25 03:55:45 [INFO] ====================
2026-05-25 03:55:45 [INFO] Metric          | Count | Time (s)
2026-05-25 03:55:45 [INFO] ----------------------------------
2026-05-25 03:55:45 [INFO] Steps Completed | 2     | -       
2026-05-25 03:55:45 [INFO] Steps Skipped   | 0     | -       
2026-05-25 03:55:45 [INFO] Steps Failed    | 1     | -       
2026-05-25 03:55:45 [INFO] Total Time      | -     | 7.7     
2026-05-25 03:55:45 [INFO] 
2026-05-25 03:55:45 [INFO] Step Timing Breakdown:
2026-05-25 03:55:45 [INFO]   04_cmb              :    1.5s
2026-05-25 03:55:45 [INFO]   05_cobaya           :    0.0s
2026-05-25 03:55:45 [INFO]   06_mcmc             :    6.3s
2026-05-25 03:55:45 [INFO] 
2026-05-25 03:55:45 [WARNING] Status: FAILED
2026-05-25 03:55:45 [INFO] 
2026-05-25 03:55:45 [INFO] Results directory: /Users/matthewsmawfield/www/Temporal Equivalence Principle/TEP-HC/results
2026-05-25 03:55:45 [INFO] Logs directory: /Users/matthewsmawfield/www/Temporal Equivalence Principle/TEP-HC/logs
2026-05-25 03:55:45 [INFO] 
2026-05-25 03:55:45 [INFO] ======================================================================
2026-05-25 03:55:45 [INFO] Pipeline results saved to: /Users/matthewsmawfield/www/Temporal Equivalence Principle/TEP-HC/results/pipeline_results.json
2026-05-25 04:01:24 [INFO] STEP 06_mcmc: MCMC Execution with hi_class (Real Data Only)
2026-05-25 04:01:24 [PROCESS] Launching Cobaya MCMC with REAL Planck + BAO + SN...
2026-05-25 04:01:24 [INFO]   Config: /Users/matthewsmawfield/www/Temporal Equivalence Principle/TEP-HC/data/cobaya/tep_hiclass_suite.yaml
2026-05-25 04:01:24 [INFO]   Hardware: M4 Pro detected, using 10 performance cores
2026-05-25 04:01:24 [WARNING]   WARNING: This requires real Planck likelihood data.
2026-05-25 04:01:24 [ERROR]   NO FALLBACK. NO MOCK DATA. NO SYNTHETIC DATA. EVER.
2026-05-25 04:01:24 [INFO]   Running single-threaded (1 chain mode)
2026-05-25 04:01:24 [PROCESS]   MCMC running (log: /Users/matthewsmawfield/www/Temporal Equivalence Principle/TEP-HC/logs/cobaya_run.log)
2026-05-25 04:01:24 [INFO]   This will take hours. Check progress file for status.
2026-05-25 04:01:57 [ERROR] 
  ✗ Step FAILED (no fallback used): Cobaya exited with code 1.
Likely cause: Planck likelihood not installed.
Install with: cobaya-install planck_2018_lowl.TT planck_2018_lowl.EE planck_2018_lensing.native -p /path/to/packages
2026-05-25 04:01:57 [ERROR] 
Step 07 failed after 32.6s
2026-05-25 04:01:57 [ERROR] Error: Cobaya exited with code 1.
Likely cause: Planck likelihood not installed.
Install with: cobaya-install planck_2018_lowl.TT planck_2018_lowl.EE planck_2018_lensing.native -p /path/to/packages
2026-05-25 04:01:57 [WARNING] 
Pipeline halted. Use --continue-on-error to proceed.
2026-05-25 04:01:57 [INFO] ======================================================================
2026-05-25 04:01:57 [INFO] PIPELINE EXECUTION SUMMARY
2026-05-25 04:01:57 [INFO] ======================================================================
2026-05-25 04:01:57 [INFO] 
2026-05-25 04:01:57 [INFO] 
Execution Statistics
2026-05-25 04:01:57 [INFO] ====================
2026-05-25 04:01:57 [INFO] Metric          | Count | Time (s)
2026-05-25 04:01:57 [INFO] ----------------------------------
2026-05-25 04:01:57 [INFO] Steps Completed | 2     | -       
2026-05-25 04:01:57 [INFO] Steps Skipped   | 0     | -       
2026-05-25 04:01:57 [INFO] Steps Failed    | 1     | -       
2026-05-25 04:01:57 [INFO] Total Time      | -     | 36.3    
2026-05-25 04:01:57 [INFO] 
2026-05-25 04:01:57 [INFO] Step Timing Breakdown:
2026-05-25 04:01:57 [INFO]   04_cmb              :    3.7s
2026-05-25 04:01:57 [INFO]   05_cobaya           :    0.0s
2026-05-25 04:01:57 [INFO]   06_mcmc             :   32.6s
2026-05-25 04:01:57 [INFO] 
2026-05-25 04:01:57 [WARNING] Status: FAILED
2026-05-25 04:01:57 [INFO] 
2026-05-25 04:01:57 [INFO] Results directory: /Users/matthewsmawfield/www/Temporal Equivalence Principle/TEP-HC/results
2026-05-25 04:01:57 [INFO] Logs directory: /Users/matthewsmawfield/www/Temporal Equivalence Principle/TEP-HC/logs
2026-05-25 04:01:57 [INFO] 
2026-05-25 04:01:57 [INFO] ======================================================================
2026-05-25 04:01:57 [INFO] Pipeline results saved to: /Users/matthewsmawfield/www/Temporal Equivalence Principle/TEP-HC/results/pipeline_results.json
2026-05-25 05:44:26 [INFO] STEP 06_mcmc: MCMC Execution with hi_class (Real Data Only)
2026-05-25 05:44:26 [PROCESS] Launching Cobaya MCMC with REAL Planck + BAO + SN...
2026-05-25 05:44:26 [INFO]   Config: /Users/matthewsmawfield/www/Temporal Equivalence Principle/TEP-HC/data/cobaya/tep_hiclass_suite.yaml
2026-05-25 05:44:26 [INFO]   Hardware: M4 Pro detected, using 10 performance cores
2026-05-25 05:44:26 [WARNING]   WARNING: This requires real Planck likelihood data.
2026-05-25 05:44:26 [ERROR]   NO FALLBACK. NO MOCK DATA. NO SYNTHETIC DATA. EVER.
2026-05-25 05:44:26 [INFO]   Running single-threaded (1 chain mode)
2026-05-25 05:44:26 [PROCESS]   MCMC running (log: /Users/matthewsmawfield/www/Temporal Equivalence Principle/TEP-HC/logs/cobaya_run.log)
2026-05-25 05:44:26 [INFO]   This will take hours. Check progress file for status.
2026-05-25 08:24:52 [ERROR] 
  ✗ Step FAILED (no fallback used): Cobaya failed during execution: [blockedproposer] *ERROR* The given covmat is not a positive-definite, symmetric square matrix.
2026-05-25 08:24:52 [ERROR] 
Step 07 failed after 9625.6s
2026-05-25 08:24:52 [ERROR] Error: Cobaya failed during execution: [blockedproposer] *ERROR* The given covmat is not a positive-definite, symmetric square matrix.
2026-05-25 08:24:52 [WARNING] 
Pipeline halted. Use --continue-on-error to proceed.
2026-05-25 08:24:52 [INFO] ======================================================================
2026-05-25 08:24:52 [INFO] PIPELINE EXECUTION SUMMARY
2026-05-25 08:24:52 [INFO] ======================================================================
2026-05-25 08:24:52 [INFO] 
2026-05-25 08:24:52 [INFO] 
Execution Statistics
2026-05-25 08:24:52 [INFO] ====================
2026-05-25 08:24:52 [INFO] Metric          | Count | Time (s)
2026-05-25 08:24:52 [INFO] ----------------------------------
2026-05-25 08:24:52 [INFO] Steps Completed | 7     | -       
2026-05-25 08:24:52 [INFO] Steps Skipped   | 0     | -       
2026-05-25 08:24:52 [INFO] Steps Failed    | 1     | -       
2026-05-25 08:24:52 [INFO] Total Time      | -     | 9631.9  
2026-05-25 08:24:52 [INFO] 
2026-05-25 08:24:52 [INFO] Step Timing Breakdown:
2026-05-25 08:24:52 [INFO]   00_setup            :    1.2s
2026-05-25 08:24:52 [INFO]   00b_install         :    3.8s
2026-05-25 08:24:52 [INFO]   01_tep_module       :    0.0s
2026-05-25 08:24:52 [INFO]   02_background       :    0.0s
2026-05-25 08:24:52 [INFO]   03_alphas           :    0.0s
2026-05-25 08:24:52 [INFO]   04_cmb              :    1.3s
2026-05-25 08:24:52 [INFO]   05_cobaya           :    0.0s
2026-05-25 08:24:52 [INFO]   06_mcmc             : 9625.5s
2026-05-25 08:24:52 [INFO] 
2026-05-25 08:24:52 [WARNING] Status: FAILED
2026-05-25 08:24:52 [INFO] 
2026-05-25 08:24:52 [INFO] Results directory: /Users/matthewsmawfield/www/Temporal Equivalence Principle/TEP-HC/results
2026-05-25 08:24:52 [INFO] Logs directory: /Users/matthewsmawfield/www/Temporal Equivalence Principle/TEP-HC/logs
2026-05-25 08:24:52 [INFO] 
2026-05-25 08:24:52 [INFO] ======================================================================
2026-05-25 08:24:52 [INFO] Pipeline results saved to: /Users/matthewsmawfield/www/Temporal Equivalence Principle/TEP-HC/results/pipeline_results.json
2026-05-25 12:03:26 [INFO] STEP 06_mcmc: MCMC Execution with hi_class (Real Data Only)
2026-05-25 12:03:26 [INFO]   Removing old file: tep_hiclass_suite.1.txt
2026-05-25 12:03:26 [INFO]   Removing old file: tep_hiclass_suite.progress
2026-05-25 12:03:26 [INFO]   Removing old file: tep_hiclass_suite.covmat
2026-05-25 12:03:26 [INFO]   Removing old file: tep_hiclass_suite.checkpoint
2026-05-25 12:03:26 [INFO]   Removing old file: tep_hiclass_suite.updated.yaml
2026-05-25 12:03:26 [INFO]   Removing old file: tep_hiclass_suite.input.yaml
2026-05-25 12:03:26 [PROCESS] Launching Cobaya MCMC with REAL Planck + BAO + SN...
2026-05-25 12:03:26 [INFO]   Config: /Users/matthewsmawfield/www/Temporal Equivalence Principle/TEP-HC/data/cobaya/tep_hiclass_suite.yaml
2026-05-25 12:03:26 [INFO]   Hardware: M4 Pro detected, using 10 performance cores
2026-05-25 12:03:26 [WARNING]   WARNING: This requires real Planck likelihood data.
2026-05-25 12:03:26 [ERROR]   NO FALLBACK. NO MOCK DATA. NO SYNTHETIC DATA. EVER.
2026-05-25 12:03:26 [INFO]   Running single-threaded (1 chain mode)
2026-05-25 12:03:26 [PROCESS]   MCMC running (log: /Users/matthewsmawfield/www/Temporal Equivalence Principle/TEP-HC/logs/cobaya_run.log)
2026-05-25 12:03:26 [INFO]   This will take hours. Check progress file for status.
2026-05-25 18:53:58 [ERROR] 
  ✗ Step FAILED (no fallback used): Cobaya exited with code -15.
Likely cause: Planck likelihood not installed.
Install with: cobaya-install planck_2018_lowl.TT planck_2018_lowl.EE planck_2018_lensing.native -p /path/to/packages
2026-06-03 20:35:26 [INFO] STEP 06_mcmc: MCMC Execution with hi_class (Real Data Only)
2026-06-03 20:35:26 [INFO]   Removing old file: tep_hiclass_suite.1.txt
2026-06-03 20:35:26 [INFO]   Removing old file: tep_hiclass_suite.progress
2026-06-03 20:35:26 [INFO]   Removing old file: tep_hiclass_suite.covmat
2026-06-03 20:35:26 [INFO]   Removing old file: tep_hiclass_suite.checkpoint
2026-06-03 20:35:26 [INFO]   Removing old file: lcdm_comparison.1.txt
2026-06-03 20:35:26 [INFO]   Removing old file: lcdm_comparison.progress
2026-06-03 20:35:26 [INFO]   Removing old file: lcdm_comparison.covmat
2026-06-03 20:35:26 [INFO]   Removing old file: lcdm_comparison.checkpoint
2026-06-03 20:35:26 [INFO]   Removing old file: lcdm_comparison.updated.yaml
2026-06-03 20:35:26 [INFO]   Removing old file: lcdm_comparison.input.yaml
2026-06-03 20:35:26 [PROCESS] Launching Cobaya MCMC with REAL Planck + BAO + SN...
2026-06-03 20:35:26 [INFO]   Config: /Users/matthewsmawfield/www/Temporal Equivalence Principle/TEP-HC/data/cobaya/tep_hiclass_suite.yaml
2026-06-03 20:35:26 [INFO]   Hardware: M4 Pro detected, using 10 performance cores
2026-06-03 20:35:26 [WARNING]   WARNING: This requires real Planck likelihood data.
2026-06-03 20:35:26 [ERROR]   NO FALLBACK. NO MOCK DATA. NO SYNTHETIC DATA. EVER.
2026-06-03 20:35:26 [INFO]   Running single-threaded (1 chain mode)
2026-06-03 20:35:26 [PROCESS]   MCMC running (log: /Users/matthewsmawfield/www/Temporal Equivalence Principle/TEP-HC/logs/cobaya_run.log)
2026-06-03 20:35:26 [INFO]   This will take hours. Check progress file for status.
2026-06-03 20:35:37 [ERROR] 
  ✗ Step FAILED (no fallback used): Cobaya exited with code 1.
Likely cause: Planck likelihood not installed.
Install with: cobaya-install planck_2018_lowl.TT planck_2018_lowl.EE planck_2018_lensing.native -p /path/to/packages
2026-06-03 20:35:37 [ERROR] 
Step 08 failed after 11.1s
2026-06-03 20:35:37 [ERROR] Error: Cobaya exited with code 1.
Likely cause: Planck likelihood not installed.
Install with: cobaya-install planck_2018_lowl.TT planck_2018_lowl.EE planck_2018_lensing.native -p /path/to/packages
2026-06-03 20:35:37 [WARNING] 
Pipeline halted. Use --continue-on-error to proceed.
2026-06-03 20:35:37 [INFO] ======================================================================
2026-06-03 20:35:37 [INFO] PIPELINE EXECUTION SUMMARY
2026-06-03 20:35:37 [INFO] ======================================================================
2026-06-03 20:35:37 [INFO] 
2026-06-03 20:35:37 [INFO] 
Execution Statistics
2026-06-03 20:35:37 [INFO] ====================
2026-06-03 20:35:37 [INFO] Metric          | Count | Time (s)
2026-06-03 20:35:37 [INFO] ----------------------------------
2026-06-03 20:35:37 [INFO] Steps Completed | 8     | -       
2026-06-03 20:35:37 [INFO] Steps Skipped   | 0     | -       
2026-06-03 20:35:37 [INFO] Steps Failed    | 1     | -       
2026-06-03 20:35:37 [INFO] Total Time      | -     | 50.5    
2026-06-03 20:35:37 [INFO] 
2026-06-03 20:35:37 [INFO] Step Timing Breakdown:
2026-06-03 20:35:37 [INFO]   00_setup            :    4.1s
2026-06-03 20:35:37 [INFO]   00b_install         :   10.7s
2026-06-03 20:35:37 [INFO]   01_tep_module       :    0.0s
2026-06-03 20:35:37 [INFO]   02_background       :    0.0s
2026-06-03 20:35:37 [INFO]   03_alphas           :    0.0s
2026-06-03 20:35:37 [INFO]   04_cmb              :    2.7s
2026-06-03 20:35:37 [INFO]   04b_jordan_frame    :   21.7s
2026-06-03 20:35:37 [INFO]   05_cobaya           :    0.0s
2026-06-03 20:35:37 [INFO]   06_mcmc             :   11.2s
2026-06-03 20:35:37 [INFO] 
2026-06-03 20:35:37 [WARNING] Status: FAILED
2026-06-03 20:35:37 [INFO] 
2026-06-03 20:35:37 [INFO] Results directory: /Users/matthewsmawfield/www/Temporal Equivalence Principle/TEP-HC/results
2026-06-03 20:35:37 [INFO] Logs directory: /Users/matthewsmawfield/www/Temporal Equivalence Principle/TEP-HC/logs
2026-06-03 20:35:37 [INFO] 
2026-06-03 20:35:37 [INFO] ======================================================================
2026-06-03 20:35:37 [INFO] Pipeline results saved to: /Users/matthewsmawfield/www/Temporal Equivalence Principle/TEP-HC/results/pipeline_results.json
2026-06-03 21:10:43 [INFO] STEP 06_mcmc: MCMC Execution with hi_class (Real Data Only)
2026-06-03 21:10:43 [INFO]   Removing old file: tep_hiclass_suite.updated.yaml
2026-06-03 21:10:43 [INFO]   Removing old file: tep_hiclass_suite.input.yaml
2026-06-03 21:10:43 [PROCESS] Launching Cobaya MCMC with REAL Planck + BAO + SN...
2026-06-03 21:10:43 [INFO]   Config: /Users/matthewsmawfield/www/Temporal Equivalence Principle/TEP-HC/data/cobaya/tep_hiclass_suite.yaml
2026-06-03 21:10:43 [INFO]   Hardware: M4 Pro detected, using 10 performance cores
2026-06-03 21:10:43 [WARNING]   WARNING: This requires real Planck likelihood data.
2026-06-03 21:10:43 [ERROR]   NO FALLBACK. NO MOCK DATA. NO SYNTHETIC DATA. EVER.
2026-06-03 21:10:43 [INFO]   Running single-threaded (1 chain mode)
2026-06-03 21:10:43 [PROCESS]   MCMC running (log: /Users/matthewsmawfield/www/Temporal Equivalence Principle/TEP-HC/logs/cobaya_run.log)
2026-06-03 21:10:43 [INFO]   This will take hours. Check progress file for status.
2026-06-03 21:10:47 [ERROR] 
  ✗ Step FAILED (no fallback used): Cobaya exited with code 1.
Likely cause: Planck likelihood not installed.
Install with: cobaya-install planck_2018_lowl.TT planck_2018_lowl.EE planck_2018_lensing.native -p /path/to/packages
2026-06-03 21:10:47 [ERROR] 
Step 08 failed after 3.8s
2026-06-03 21:10:47 [ERROR] Error: Cobaya exited with code 1.
Likely cause: Planck likelihood not installed.
Install with: cobaya-install planck_2018_lowl.TT planck_2018_lowl.EE planck_2018_lensing.native -p /path/to/packages
2026-06-03 21:10:47 [WARNING] 
Pipeline halted. Use --continue-on-error to proceed.
2026-06-03 21:10:47 [INFO] ======================================================================
2026-06-03 21:10:47 [INFO] PIPELINE EXECUTION SUMMARY
2026-06-03 21:10:47 [INFO] ======================================================================
2026-06-03 21:10:47 [INFO] 
2026-06-03 21:10:47 [INFO] 
Execution Statistics
2026-06-03 21:10:47 [INFO] ====================
2026-06-03 21:10:47 [INFO] Metric          | Count | Time (s)
2026-06-03 21:10:47 [INFO] ----------------------------------
2026-06-03 21:10:47 [INFO] Steps Completed | 8     | -       
2026-06-03 21:10:47 [INFO] Steps Skipped   | 0     | -       
2026-06-03 21:10:47 [INFO] Steps Failed    | 1     | -       
2026-06-03 21:10:47 [INFO] Total Time      | -     | 15.5    
2026-06-03 21:10:47 [INFO] 
2026-06-03 21:10:47 [INFO] Step Timing Breakdown:
2026-06-03 21:10:47 [INFO]   00_setup            :    0.9s
2026-06-03 21:10:47 [INFO]   00b_install         :    3.0s
2026-06-03 21:10:47 [INFO]   01_tep_module       :    0.0s
2026-06-03 21:10:47 [INFO]   02_background       :    0.0s
2026-06-03 21:10:47 [INFO]   03_alphas           :    0.0s
2026-06-03 21:10:47 [INFO]   04_cmb              :    0.9s
2026-06-03 21:10:47 [INFO]   04b_jordan_frame    :    6.9s
2026-06-03 21:10:47 [INFO]   05_cobaya           :    0.0s
2026-06-03 21:10:47 [INFO]   06_mcmc             :    3.8s
2026-06-03 21:10:47 [INFO] 
2026-06-03 21:10:47 [WARNING] Status: FAILED
2026-06-03 21:10:47 [INFO] 
2026-06-03 21:10:47 [INFO] Results directory: /Users/matthewsmawfield/www/Temporal Equivalence Principle/TEP-HC/results
2026-06-03 21:10:47 [INFO] Logs directory: /Users/matthewsmawfield/www/Temporal Equivalence Principle/TEP-HC/logs
2026-06-03 21:10:47 [INFO] 
2026-06-03 21:10:47 [INFO] ======================================================================
2026-06-03 21:10:47 [INFO] Pipeline results saved to: /Users/matthewsmawfield/www/Temporal Equivalence Principle/TEP-HC/results/pipeline_results.json
2026-06-03 21:31:47 [INFO] STEP 06_mcmc: MCMC Execution with hi_class (Real Data Only)
2026-06-03 21:31:47 [INFO]   Removing old file: tep_hiclass_suite.updated.yaml
2026-06-03 21:31:47 [INFO]   Removing old file: tep_hiclass_suite.input.yaml
2026-06-03 21:31:47 [PROCESS] Launching Cobaya MCMC with REAL Planck + BAO + SN...
2026-06-03 21:31:47 [INFO]   Config: /Users/matthewsmawfield/www/Temporal Equivalence Principle/TEP-HC/data/cobaya/tep_hiclass_suite.yaml
2026-06-03 21:31:47 [INFO]   Hardware: M4 Pro detected, using 10 performance cores
2026-06-03 21:31:47 [WARNING]   WARNING: This requires real Planck likelihood data.
2026-06-03 21:31:47 [ERROR]   NO FALLBACK. NO MOCK DATA. NO SYNTHETIC DATA. EVER.
2026-06-03 21:31:47 [INFO]   Running single-threaded (1 chain mode)
2026-06-03 21:31:47 [PROCESS]   MCMC running (log: /Users/matthewsmawfield/www/Temporal Equivalence Principle/TEP-HC/logs/cobaya_run.log)
2026-06-03 21:31:47 [INFO]   This will take hours. Check progress file for status.
2026-06-03 21:31:51 [ERROR] 
  ✗ Step FAILED (no fallback used): Cobaya exited with code 1.
Likely cause: Planck likelihood not installed.
Install with: cobaya-install planck_2018_lowl.TT planck_2018_lowl.EE planck_2018_lensing.native -p /path/to/packages
2026-06-03 21:31:51 [ERROR] 
Step 08 failed after 4.1s
2026-06-03 21:31:51 [ERROR] Error: Cobaya exited with code 1.
Likely cause: Planck likelihood not installed.
Install with: cobaya-install planck_2018_lowl.TT planck_2018_lowl.EE planck_2018_lensing.native -p /path/to/packages
2026-06-03 21:31:51 [WARNING] 
Pipeline halted. Use --continue-on-error to proceed.
2026-06-03 21:31:51 [INFO] ======================================================================
2026-06-03 21:31:51 [INFO] PIPELINE EXECUTION SUMMARY
2026-06-03 21:31:51 [INFO] ======================================================================
2026-06-03 21:31:51 [INFO] 
2026-06-03 21:31:51 [INFO] 
Execution Statistics
2026-06-03 21:31:51 [INFO] ====================
2026-06-03 21:31:51 [INFO] Metric          | Count | Time (s)
2026-06-03 21:31:51 [INFO] ----------------------------------
2026-06-03 21:31:51 [INFO] Steps Completed | 8     | -       
2026-06-03 21:31:51 [INFO] Steps Skipped   | 0     | -       
2026-06-03 21:31:51 [INFO] Steps Failed    | 1     | -       
2026-06-03 21:31:51 [INFO] Total Time      | -     | 14.9    
2026-06-03 21:31:51 [INFO] 
2026-06-03 21:31:51 [INFO] Step Timing Breakdown:
2026-06-03 21:31:51 [INFO]   00_setup            :    1.1s
2026-06-03 21:31:51 [INFO]   00b_install         :    2.5s
2026-06-03 21:31:51 [INFO]   01_tep_module       :    0.0s
2026-06-03 21:31:51 [INFO]   02_background       :    0.0s
2026-06-03 21:31:51 [INFO]   03_alphas           :    0.0s
2026-06-03 21:31:51 [INFO]   04_cmb              :    1.4s
2026-06-03 21:31:51 [INFO]   04b_jordan_frame    :    5.8s
2026-06-03 21:31:51 [INFO]   05_cobaya           :    0.0s
2026-06-03 21:31:51 [INFO]   06_mcmc             :    4.1s
2026-06-03 21:31:51 [INFO] 
2026-06-03 21:31:51 [WARNING] Status: FAILED
2026-06-03 21:31:51 [INFO] 
2026-06-03 21:31:51 [INFO] Results directory: /Users/matthewsmawfield/www/Temporal Equivalence Principle/TEP-HC/results
2026-06-03 21:31:51 [INFO] Logs directory: /Users/matthewsmawfield/www/Temporal Equivalence Principle/TEP-HC/logs
2026-06-03 21:31:51 [INFO] 
2026-06-03 21:31:51 [INFO] ======================================================================
2026-06-03 21:31:51 [INFO] Pipeline results saved to: /Users/matthewsmawfield/www/Temporal Equivalence Principle/TEP-HC/results/pipeline_results.json
2026-06-03 21:36:26 [INFO] STEP 06_mcmc: MCMC Execution with hi_class (Real Data Only)
2026-06-03 21:36:26 [INFO]   Removing old file: tep_hiclass_suite.updated.yaml
2026-06-03 21:36:26 [INFO]   Removing old file: tep_hiclass_suite.input.yaml
2026-06-03 21:36:26 [PROCESS] Launching Cobaya MCMC with REAL Planck + BAO + SN...
2026-06-03 21:36:26 [INFO]   Config: /Users/matthewsmawfield/www/Temporal Equivalence Principle/TEP-HC/data/cobaya/tep_hiclass_suite.yaml
2026-06-03 21:36:26 [INFO]   Hardware: M4 Pro detected, using 10 performance cores
2026-06-03 21:36:26 [WARNING]   WARNING: This requires real Planck likelihood data.
2026-06-03 21:36:26 [ERROR]   NO FALLBACK. NO MOCK DATA. NO SYNTHETIC DATA. EVER.
2026-06-03 21:36:26 [INFO]   Running single-threaded (1 chain mode)
2026-06-03 21:36:26 [PROCESS]   MCMC running (log: /Users/matthewsmawfield/www/Temporal Equivalence Principle/TEP-HC/logs/cobaya_run.log)
2026-06-03 21:36:26 [INFO]   This will take hours. Check progress file for status.
2026-06-03 21:36:29 [ERROR] 
  ✗ Step FAILED (no fallback used): Cobaya exited with code 1.
Actual error: cobaya.log.LoggedError: The following parameters appear both as input parameters and as extra arguments: {'epsilon_T'}. Please, remove one of the definitions of each.
If Planck likelihood not installed, run:
  cobaya-install planck_2018_lowl.TT planck_2018_lowl.EE planck_2018_lensing.native -p /Users/matthewsmawfield/www/Temporal Equivalence Principle/TEP-HC/data/external/cobaya_packages
2026-06-03 21:36:29 [ERROR] 
Step 08 failed after 3.7s
2026-06-03 21:36:29 [ERROR] Error: Cobaya exited with code 1.
Actual error: cobaya.log.LoggedError: The following parameters appear both as input parameters and as extra arguments: {'epsilon_T'}. Please, remove one of the definitions of each.
If Planck likelihood not installed, run:
  cobaya-install planck_2018_lowl.TT planck_2018_lowl.EE planck_2018_lensing.native -p /Users/matthewsmawfield/www/Temporal Equivalence Principle/TEP-HC/data/external/cobaya_packages
2026-06-03 21:36:29 [WARNING] 
Pipeline halted. Use --continue-on-error to proceed.
2026-06-03 21:36:29 [INFO] ======================================================================
2026-06-03 21:36:29 [INFO] PIPELINE EXECUTION SUMMARY
2026-06-03 21:36:29 [INFO] ======================================================================
2026-06-03 21:36:29 [INFO] 
2026-06-03 21:36:29 [INFO] 
Execution Statistics
2026-06-03 21:36:29 [INFO] ====================
2026-06-03 21:36:29 [INFO] Metric          | Count | Time (s)
2026-06-03 21:36:29 [INFO] ----------------------------------
2026-06-03 21:36:29 [INFO] Steps Completed | 8     | -       
2026-06-03 21:36:29 [INFO] Steps Skipped   | 0     | -       
2026-06-03 21:36:29 [INFO] Steps Failed    | 1     | -       
2026-06-03 21:36:29 [INFO] Total Time      | -     | 13.5    
2026-06-03 21:36:29 [INFO] 
2026-06-03 21:36:29 [INFO] Step Timing Breakdown:
2026-06-03 21:36:29 [INFO]   00_setup            :    0.6s
2026-06-03 21:36:29 [INFO]   00b_install         :    2.5s
2026-06-03 21:36:29 [INFO]   01_tep_module       :    0.0s
2026-06-03 21:36:29 [INFO]   02_background       :    0.0s
2026-06-03 21:36:29 [INFO]   03_alphas           :    0.0s
2026-06-03 21:36:29 [INFO]   04_cmb              :    0.8s
2026-06-03 21:36:29 [INFO]   04b_jordan_frame    :    5.8s
2026-06-03 21:36:29 [INFO]   05_cobaya           :    0.0s
2026-06-03 21:36:29 [INFO]   06_mcmc             :    3.8s
2026-06-03 21:36:29 [INFO] 
2026-06-03 21:36:29 [WARNING] Status: FAILED
2026-06-03 21:36:29 [INFO] 
2026-06-03 21:36:29 [INFO] Results directory: /Users/matthewsmawfield/www/Temporal Equivalence Principle/TEP-HC/results
2026-06-03 21:36:29 [INFO] Logs directory: /Users/matthewsmawfield/www/Temporal Equivalence Principle/TEP-HC/logs
2026-06-03 21:36:29 [INFO] 
2026-06-03 21:36:29 [INFO] ======================================================================
2026-06-03 21:36:29 [INFO] Pipeline results saved to: /Users/matthewsmawfield/www/Temporal Equivalence Principle/TEP-HC/results/pipeline_results.json
2026-06-03 21:38:24 [INFO] STEP 06_mcmc: MCMC Execution with hi_class (Real Data Only)
2026-06-03 21:38:24 [INFO]   Removing old file: tep_hiclass_suite.updated.yaml
2026-06-03 21:38:24 [INFO]   Removing old file: tep_hiclass_suite.input.yaml
2026-06-03 21:38:24 [PROCESS] Launching Cobaya MCMC with REAL Planck + BAO + SN...
2026-06-03 21:38:24 [INFO]   Config: /Users/matthewsmawfield/www/Temporal Equivalence Principle/TEP-HC/data/cobaya/tep_hiclass_suite.yaml
2026-06-03 21:38:24 [INFO]   Hardware: M4 Pro detected, using 10 performance cores
2026-06-03 21:38:24 [WARNING]   WARNING: This requires real Planck likelihood data.
2026-06-03 21:38:24 [ERROR]   NO FALLBACK. NO MOCK DATA. NO SYNTHETIC DATA. EVER.
2026-06-03 21:38:24 [INFO]   Running single-threaded (1 chain mode)
2026-06-03 21:38:24 [PROCESS]   MCMC running (log: /Users/matthewsmawfield/www/Temporal Equivalence Principle/TEP-HC/logs/cobaya_run.log)
2026-06-03 21:38:24 [INFO]   This will take hours. Check progress file for status.
2026-06-03 21:38:28 [ERROR] 
  ✗ Step FAILED (no fallback used): Cobaya exited with code 1.
Actual error: cobaya.log.LoggedError: The following parameters appear both as input parameters and as extra arguments: {'epsilon_T'}. Please, remove one of the definitions of each.
If Planck likelihood not installed, run:
  cobaya-install planck_2018_lowl.TT planck_2018_lowl.EE planck_2018_lensing.native -p /Users/matthewsmawfield/www/Temporal Equivalence Principle/TEP-HC/data/external/cobaya_packages
2026-06-03 21:38:28 [ERROR] 
Step 08 failed after 3.6s
2026-06-03 21:38:28 [ERROR] Error: Cobaya exited with code 1.
Actual error: cobaya.log.LoggedError: The following parameters appear both as input parameters and as extra arguments: {'epsilon_T'}. Please, remove one of the definitions of each.
If Planck likelihood not installed, run:
  cobaya-install planck_2018_lowl.TT planck_2018_lowl.EE planck_2018_lensing.native -p /Users/matthewsmawfield/www/Temporal Equivalence Principle/TEP-HC/data/external/cobaya_packages
2026-06-03 21:38:28 [WARNING] 
Pipeline halted. Use --continue-on-error to proceed.
2026-06-03 21:38:28 [INFO] ======================================================================
2026-06-03 21:38:28 [INFO] PIPELINE EXECUTION SUMMARY
2026-06-03 21:38:28 [INFO] ======================================================================
2026-06-03 21:38:28 [INFO] 
2026-06-03 21:38:28 [INFO] 
Execution Statistics
2026-06-03 21:38:28 [INFO] ====================
2026-06-03 21:38:28 [INFO] Metric          | Count | Time (s)
2026-06-03 21:38:28 [INFO] ----------------------------------
2026-06-03 21:38:28 [INFO] Steps Completed | 8     | -       
2026-06-03 21:38:28 [INFO] Steps Skipped   | 0     | -       
2026-06-03 21:38:28 [INFO] Steps Failed    | 1     | -       
2026-06-03 21:38:28 [INFO] Total Time      | -     | 13.5    
2026-06-03 21:38:28 [INFO] 
2026-06-03 21:38:28 [INFO] Step Timing Breakdown:
2026-06-03 21:38:28 [INFO]   00_setup            :    0.6s
2026-06-03 21:38:28 [INFO]   00b_install         :    2.6s
2026-06-03 21:38:28 [INFO]   01_tep_module       :    0.0s
2026-06-03 21:38:28 [INFO]   02_background       :    0.0s
2026-06-03 21:38:28 [INFO]   03_alphas           :    0.0s
2026-06-03 21:38:28 [INFO]   04_cmb              :    0.8s
2026-06-03 21:38:28 [INFO]   04b_jordan_frame    :    5.8s
2026-06-03 21:38:28 [INFO]   05_cobaya           :    0.0s
2026-06-03 21:38:28 [INFO]   06_mcmc             :    3.6s
2026-06-03 21:38:28 [INFO] 
2026-06-03 21:38:28 [WARNING] Status: FAILED
2026-06-03 21:38:28 [INFO] 
2026-06-03 21:38:28 [INFO] Results directory: /Users/matthewsmawfield/www/Temporal Equivalence Principle/TEP-HC/results
2026-06-03 21:38:28 [INFO] Logs directory: /Users/matthewsmawfield/www/Temporal Equivalence Principle/TEP-HC/logs
2026-06-03 21:38:28 [INFO] 
2026-06-03 21:38:28 [INFO] ======================================================================
2026-06-03 21:38:28 [INFO] Pipeline results saved to: /Users/matthewsmawfield/www/Temporal Equivalence Principle/TEP-HC/results/pipeline_results.json
2026-06-03 21:40:21 [INFO] STEP 06_mcmc: MCMC Execution with hi_class (Real Data Only)
2026-06-03 21:40:21 [INFO]   Removing old file: tep_hiclass_suite.updated.yaml
2026-06-03 21:40:21 [INFO]   Removing old file: tep_hiclass_suite.input.yaml
2026-06-03 21:40:21 [PROCESS] Launching Cobaya MCMC with REAL Planck + BAO + SN...
2026-06-03 21:40:21 [INFO]   Config: /Users/matthewsmawfield/www/Temporal Equivalence Principle/TEP-HC/data/cobaya/tep_hiclass_suite.yaml
2026-06-03 21:40:21 [INFO]   Hardware: M4 Pro detected, using 10 performance cores
2026-06-03 21:40:21 [WARNING]   WARNING: This requires real Planck likelihood data.
2026-06-03 21:40:21 [ERROR]   NO FALLBACK. NO MOCK DATA. NO SYNTHETIC DATA. EVER.
2026-06-03 21:40:21 [INFO]   Running single-threaded (1 chain mode)
2026-06-03 21:40:21 [PROCESS]   MCMC running (log: /Users/matthewsmawfield/www/Temporal Equivalence Principle/TEP-HC/logs/cobaya_run.log)
2026-06-03 21:40:21 [INFO]   This will take hours. Check progress file for status.
2026-06-03 22:22:30 [PROCESS]   Verifying generated chains...
2026-06-03 22:22:30 [SUCCESS]   ✓ Fresh chain verified: tep_hiclass_suite.1.txt (2080416 bytes, 5000/5000 unique)
2026-06-03 22:22:30 [SUCCESS] 
  ✓ Real MCMC completed successfully
2026-06-03 22:22:30 [SUCCESS] 
Step 08 completed in 2528.9s
2026-06-03 22:22:30 [INFO] 
2026-06-03 22:22:30 [INFO] ----------------------------------------------------------------------
2026-06-03 22:22:30 [INFO] 
2026-06-03 22:22:30 [INFO] >>> STEP 09: POSTERIOR ANALYSIS
2026-06-03 22:22:30 [INFO] 
2026-06-03 23:03:13 [INFO] STEP 06_mcmc: MCMC Execution with hi_class (Real Data Only)
2026-06-03 23:03:13 [PROCESS] Launching Cobaya MCMC with REAL Planck + BAO + SN...
2026-06-03 23:03:13 [INFO]   Config: /Users/matthewsmawfield/www/Temporal Equivalence Principle/TEP-HC/data/cobaya/tep_hiclass_suite.yaml
2026-06-03 23:03:13 [INFO]   Hardware: M4 Pro detected, using 10 performance cores
2026-06-03 23:03:13 [WARNING]   WARNING: This requires real Planck likelihood data.
2026-06-03 23:03:13 [ERROR]   NO FALLBACK. NO MOCK DATA. NO SYNTHETIC DATA. EVER.
2026-06-03 23:03:13 [INFO]   Running single-threaded (1 chain mode)
2026-06-03 23:03:13 [PROCESS]   MCMC running (log: /Users/matthewsmawfield/www/Temporal Equivalence Principle/TEP-HC/logs/cobaya_run.log)
2026-06-03 23:03:13 [INFO]   This will take hours. Check progress file for status.
2026-06-04 03:17:16 [ERROR] 
  ✗ Step FAILED (no fallback used): Cobaya exited with code -15.
Actual error: Unknown error
If Planck likelihood not installed, run:
  cobaya-install planck_2018_lowl.TT planck_2018_lowl.EE planck_2018_lensing.native -p /Users/matthewsmawfield/www/Temporal Equivalence Principle/TEP-HC/data/external/cobaya_packages
2026-06-04 03:17:16 [ERROR] 
Step 08 failed after 15243.2s
2026-06-04 03:17:16 [ERROR] Error: Cobaya exited with code -15.
Actual error: Unknown error
If Planck likelihood not installed, run:
  cobaya-install planck_2018_lowl.TT planck_2018_lowl.EE planck_2018_lensing.native -p /Users/matthewsmawfield/www/Temporal Equivalence Principle/TEP-HC/data/external/cobaya_packages
2026-06-04 03:17:16 [WARNING] 
Pipeline halted. Use --continue-on-error to proceed.
2026-06-04 03:17:16 [INFO] ======================================================================
2026-06-04 03:17:16 [INFO] PIPELINE EXECUTION SUMMARY
2026-06-04 03:17:16 [INFO] ======================================================================
2026-06-04 03:17:16 [INFO] 
2026-06-04 03:17:16 [INFO] 
Execution Statistics
2026-06-04 03:17:16 [INFO] ====================
2026-06-04 03:17:16 [INFO] Metric          | Count | Time (s)
2026-06-04 03:17:16 [INFO] ----------------------------------
2026-06-04 03:17:16 [INFO] Steps Completed | 8     | -       
2026-06-04 03:17:16 [INFO] Steps Skipped   | 0     | -       
2026-06-04 03:17:16 [INFO] Steps Failed    | 1     | -       
2026-06-04 03:17:16 [INFO] Total Time      | -     | 15254.7 
2026-06-04 03:17:16 [INFO] 
2026-06-04 03:17:16 [INFO] Step Timing Breakdown:
2026-06-04 03:17:16 [INFO]   00_setup            :    1.5s
2026-06-04 03:17:16 [INFO]   00b_install         :    2.9s
2026-06-04 03:17:16 [INFO]   01_tep_module       :    0.0s
2026-06-04 03:17:16 [INFO]   02_background       :    0.0s
2026-06-04 03:17:16 [INFO]   03_alphas           :    0.0s
2026-06-04 03:17:16 [INFO]   04_cmb              :    1.3s
2026-06-04 03:17:16 [INFO]   04b_jordan_frame    :    5.8s
2026-06-04 03:17:16 [INFO]   05_cobaya           :    0.0s
2026-06-04 03:17:16 [INFO]   06_mcmc             : 15243.2s
2026-06-04 03:17:16 [INFO] 
2026-06-04 03:17:16 [WARNING] Status: FAILED
2026-06-04 03:17:16 [INFO] 
2026-06-04 03:17:16 [INFO] Results directory: /Users/matthewsmawfield/www/Temporal Equivalence Principle/TEP-HC/results
2026-06-04 03:17:16 [INFO] Logs directory: /Users/matthewsmawfield/www/Temporal Equivalence Principle/TEP-HC/logs
2026-06-04 03:17:16 [INFO] 
2026-06-04 03:17:16 [INFO] ======================================================================
2026-06-04 03:17:16 [INFO] Pipeline results saved to: /Users/matthewsmawfield/www/Temporal Equivalence Principle/TEP-HC/results/pipeline_results.json
2026-06-04 03:50:39 [INFO] STEP 06_mcmc: MCMC Execution with hi_class (Real Data Only)
2026-06-04 03:50:39 [INFO]   Removing old file: tep_hiclass_suite.1.txt
2026-06-04 03:50:39 [INFO]   Removing old file: tep_hiclass_suite.progress
2026-06-04 03:50:39 [INFO]   Removing old file: tep_hiclass_suite.covmat
2026-06-04 03:50:39 [INFO]   Removing old file: tep_hiclass_suite.checkpoint
2026-06-04 03:50:39 [INFO]   Removing old file: tep_hiclass_suite.updated.yaml
2026-06-04 03:50:39 [INFO]   Removing old file: tep_hiclass_suite.input.yaml
2026-06-04 03:50:39 [INFO]   Removing old file: tep_hiclass_suite.input.yaml.locked
2026-06-04 03:50:39 [PROCESS] Launching Cobaya MCMC with REAL Planck + BAO + SN...
2026-06-04 03:50:39 [INFO]   Config: /Users/matthewsmawfield/www/Temporal Equivalence Principle/TEP-HC/data/cobaya/tep_hiclass_suite.yaml
2026-06-04 03:50:39 [INFO]   Hardware: M4 Pro detected, using 10 performance cores
2026-06-04 03:50:39 [WARNING]   WARNING: This requires real Planck likelihood data.
2026-06-04 03:50:39 [ERROR]   NO FALLBACK. NO MOCK DATA. NO SYNTHETIC DATA. EVER.
2026-06-04 03:50:39 [INFO]   Running single-threaded (1 chain mode)
2026-06-04 03:50:39 [PROCESS]   MCMC running (log: /Users/matthewsmawfield/www/Temporal Equivalence Principle/TEP-HC/logs/cobaya_run.log)
2026-06-04 03:50:39 [INFO]   This will take hours. Check progress file for status.
2026-06-04 03:50:49 [ERROR] 
  ✗ Step FAILED (no fallback used): Cobaya exited with code 1.
Actual error: cobaya.log.LoggedError: Could not find random point giving finite posterior after 320 tries
If Planck likelihood not installed, run:
  cobaya-install planck_2018_lowl.TT planck_2018_lowl.EE planck_2018_lensing.native -p /Users/matthewsmawfield/www/Temporal Equivalence Principle/TEP-HC/data/external/cobaya_packages
2026-06-04 03:51:40 [INFO] STEP 06_mcmc: MCMC Execution with hi_class (Real Data Only)
2026-06-04 03:51:40 [INFO]   Removing old file: tep_hiclass_suite.1.txt
2026-06-04 03:51:40 [INFO]   Removing old file: tep_hiclass_suite.progress
2026-06-04 03:51:40 [INFO]   Removing old file: tep_hiclass_suite.covmat
2026-06-04 03:51:40 [INFO]   Removing old file: tep_hiclass_suite.checkpoint
2026-06-04 03:51:40 [INFO]   Removing old file: tep_hiclass_suite.updated.yaml
2026-06-04 03:51:40 [INFO]   Removing old file: tep_hiclass_suite.input.yaml
2026-06-04 03:51:41 [PROCESS] Launching Cobaya MCMC with REAL Planck + BAO + SN...
2026-06-04 03:51:41 [INFO]   Config: /Users/matthewsmawfield/www/Temporal Equivalence Principle/TEP-HC/data/cobaya/tep_hiclass_suite.yaml
2026-06-04 03:51:41 [INFO]   Hardware: M4 Pro detected, using 10 performance cores
2026-06-04 03:51:41 [WARNING]   WARNING: This requires real Planck likelihood data.
2026-06-04 03:51:41 [ERROR]   NO FALLBACK. NO MOCK DATA. NO SYNTHETIC DATA. EVER.
2026-06-04 03:51:41 [INFO]   Running single-threaded (1 chain mode)
2026-06-04 03:51:41 [PROCESS]   MCMC running (log: /Users/matthewsmawfield/www/Temporal Equivalence Principle/TEP-HC/logs/cobaya_run.log)
2026-06-04 03:51:41 [INFO]   This will take hours. Check progress file for status.
2026-06-04 03:51:50 [ERROR] 
  ✗ Step FAILED (no fallback used): Cobaya exited with code 1.
Actual error: cobaya.log.LoggedError: Could not find random point giving finite posterior after 320 tries
If Planck likelihood not installed, run:
  cobaya-install planck_2018_lowl.TT planck_2018_lowl.EE planck_2018_lensing.native -p /Users/matthewsmawfield/www/Temporal Equivalence Principle/TEP-HC/data/external/cobaya_packages
2026-06-04 03:57:12 [INFO] STEP 06_mcmc: MCMC Execution with hi_class (Real Data Only)
2026-06-04 03:57:12 [INFO]   Removing old file: tep_hiclass_suite.1.txt
2026-06-04 03:57:12 [INFO]   Removing old file: tep_hiclass_suite.progress
2026-06-04 03:57:12 [INFO]   Removing old file: tep_hiclass_suite.updated.yaml
2026-06-04 03:57:12 [INFO]   Removing old file: tep_hiclass_suite.input.yaml
2026-06-04 03:57:12 [PROCESS] Launching Cobaya MCMC with REAL Planck + BAO + SN...
2026-06-04 03:57:12 [INFO]   Config: /Users/matthewsmawfield/www/Temporal Equivalence Principle/TEP-HC/data/cobaya/tep_hiclass_suite.yaml
2026-06-04 03:57:12 [INFO]   Hardware: M4 Pro detected, using 10 performance cores
2026-06-04 03:57:12 [WARNING]   WARNING: This requires real Planck likelihood data.
2026-06-04 03:57:12 [ERROR]   NO FALLBACK. NO MOCK DATA. NO SYNTHETIC DATA. EVER.
2026-06-04 03:57:12 [INFO]   Running single-threaded (1 chain mode)
2026-06-04 03:57:12 [PROCESS]   MCMC running (log: /Users/matthewsmawfield/www/Temporal Equivalence Principle/TEP-HC/logs/cobaya_run.log)
2026-06-04 03:57:12 [INFO]   This will take hours. Check progress file for status.
2026-06-04 03:57:20 [ERROR] 
  ✗ Step FAILED (no fallback used): Cobaya exited with code 1.
Actual error: cobaya.log.LoggedError: Could not find random point giving finite posterior after 280 tries
If Planck likelihood not installed, run:
  cobaya-install planck_2018_lowl.TT planck_2018_lowl.EE planck_2018_lensing.native -p /Users/matthewsmawfield/www/Temporal Equivalence Principle/TEP-HC/data/external/cobaya_packages
2026-06-04 03:58:57 [INFO] STEP 06_mcmc: MCMC Execution with hi_class (Real Data Only)
2026-06-04 03:58:57 [INFO]   Removing old file: tep_hiclass_suite.1.txt
2026-06-04 03:58:57 [INFO]   Removing old file: tep_hiclass_suite.progress
2026-06-04 03:58:57 [INFO]   Removing old file: tep_hiclass_suite.covmat
2026-06-04 03:58:57 [INFO]   Removing old file: tep_hiclass_suite.updated.yaml
2026-06-04 03:58:57 [INFO]   Removing old file: tep_hiclass_suite.input.yaml
2026-06-04 03:58:57 [PROCESS] Launching Cobaya MCMC with REAL Planck + BAO + SN...
2026-06-04 03:58:57 [INFO]   Config: /Users/matthewsmawfield/www/Temporal Equivalence Principle/TEP-HC/data/cobaya/tep_hiclass_suite.yaml
2026-06-04 03:58:57 [INFO]   Hardware: M4 Pro detected, using 10 performance cores
2026-06-04 03:58:57 [WARNING]   WARNING: This requires real Planck likelihood data.
2026-06-04 03:58:57 [ERROR]   NO FALLBACK. NO MOCK DATA. NO SYNTHETIC DATA. EVER.
2026-06-04 03:58:57 [INFO]   Running single-threaded (1 chain mode)
2026-06-04 03:58:57 [PROCESS]   MCMC running (log: /Users/matthewsmawfield/www/Temporal Equivalence Principle/TEP-HC/logs/cobaya_run.log)
2026-06-04 03:58:57 [INFO]   This will take hours. Check progress file for status.
2026-06-04 04:54:44 [ERROR] 
  ✗ Step FAILED (no fallback used): Cobaya exited with code 1.
Actual error: cobaya.log.LoggedError: The chain has been stuck for 240 attempts, stopping sampling. Make sure the reference point is sensible and initial covmat. For parameters not included in an initial covmat, the 'proposal' width set for each parameter should be of order of the expected conditional posterior width, which may be much smaller than the marginalized posterior width - choose a smaller rather than larger value if in doubt. You can also decrease the 'proposal_scale' option for mcmc, though small values will sample less efficiently once things converge. Or make your starting 'ref'tighter around an expected best-fit value
If Planck likelihood not installed, run:
  cobaya-install planck_2018_lowl.TT planck_2018_lowl.EE planck_2018_lensing.native -p /Users/matthewsmawfield/www/Temporal Equivalence Principle/TEP-HC/data/external/cobaya_packages
2026-06-04 04:55:09 [INFO] STEP 06_mcmc: MCMC Execution with hi_class (Real Data Only)
2026-06-04 04:55:09 [INFO]   Removing old file: tep_hiclass_suite.1.txt
2026-06-04 04:55:09 [INFO]   Removing old file: tep_hiclass_suite.progress
2026-06-04 04:55:09 [INFO]   Removing old file: tep_hiclass_suite.covmat
2026-06-04 04:55:09 [INFO]   Removing old file: tep_hiclass_suite.checkpoint
2026-06-04 04:55:09 [INFO]   Removing old file: tep_hiclass_suite.updated.yaml
2026-06-04 04:55:09 [INFO]   Removing old file: tep_hiclass_suite.input.yaml
2026-06-04 04:55:09 [PROCESS] Launching Cobaya MCMC with REAL Planck + BAO + SN...
2026-06-04 04:55:09 [INFO]   Config: /Users/matthewsmawfield/www/Temporal Equivalence Principle/TEP-HC/data/cobaya/tep_hiclass_suite.yaml
2026-06-04 04:55:09 [INFO]   Hardware: M4 Pro detected, using 10 performance cores
2026-06-04 04:55:09 [WARNING]   WARNING: This requires real Planck likelihood data.
2026-06-04 04:55:09 [ERROR]   NO FALLBACK. NO MOCK DATA. NO SYNTHETIC DATA. EVER.
2026-06-04 04:55:09 [INFO]   Running single-threaded (1 chain mode)
2026-06-04 04:55:09 [PROCESS]   MCMC running (log: /Users/matthewsmawfield/www/Temporal Equivalence Principle/TEP-HC/logs/cobaya_run.log)
2026-06-04 04:55:09 [INFO]   This will take hours. Check progress file for status.
2026-06-04 05:22:03 [ERROR] 
  ✗ Step FAILED (no fallback used): Cobaya exited with code 1.
Actual error: cobaya.log.LoggedError: The chain has been stuck for 240 attempts, stopping sampling. Make sure the reference point is sensible and initial covmat. For parameters not included in an initial covmat, the 'proposal' width set for each parameter should be of order of the expected conditional posterior width, which may be much smaller than the marginalized posterior width - choose a smaller rather than larger value if in doubt. You can also decrease the 'proposal_scale' option for mcmc, though small values will sample less efficiently once things converge. Or make your starting 'ref'tighter around an expected best-fit value
If Planck likelihood not installed, run:
  cobaya-install planck_2018_lowl.TT planck_2018_lowl.EE planck_2018_lensing.native -p /Users/matthewsmawfield/www/Temporal Equivalence Principle/TEP-HC/data/external/cobaya_packages
2026-06-04 05:22:34 [INFO] STEP 06_mcmc: MCMC Execution with hi_class (Real Data Only)
2026-06-04 05:22:34 [INFO]   Removing old file: tep_hiclass_suite.1.txt
2026-06-04 05:22:34 [INFO]   Removing old file: tep_hiclass_suite.progress
2026-06-04 05:22:34 [INFO]   Removing old file: tep_hiclass_suite.covmat
2026-06-04 05:22:34 [INFO]   Removing old file: tep_hiclass_suite.checkpoint
2026-06-04 05:22:34 [INFO]   Removing old file: tep_hiclass_suite.updated.yaml
2026-06-04 05:22:34 [INFO]   Removing old file: tep_hiclass_suite.input.yaml
2026-06-04 05:22:34 [PROCESS] Launching Cobaya MCMC with REAL Planck + BAO + SN...
2026-06-04 05:22:34 [INFO]   Config: /Users/matthewsmawfield/www/Temporal Equivalence Principle/TEP-HC/data/cobaya/tep_hiclass_suite.yaml
2026-06-04 05:22:34 [INFO]   Hardware: M4 Pro detected, using 10 performance cores
2026-06-04 05:22:34 [WARNING]   WARNING: This requires real Planck likelihood data.
2026-06-04 05:22:34 [ERROR]   NO FALLBACK. NO MOCK DATA. NO SYNTHETIC DATA. EVER.
2026-06-04 05:22:34 [INFO]   Running single-threaded (1 chain mode)
2026-06-04 05:22:34 [PROCESS]   MCMC running (log: /Users/matthewsmawfield/www/Temporal Equivalence Principle/TEP-HC/logs/cobaya_run.log)
2026-06-04 05:22:34 [INFO]   This will take hours. Check progress file for status.
2026-06-04 11:35:14 [PROCESS]   Verifying generated chains...
2026-06-04 11:35:14 [SUCCESS]   ✓ Fresh chain verified: tep_hiclass_suite.1.txt (7475936 bytes, 17970/17970 unique)
2026-06-04 11:35:14 [SUCCESS] 
  ✓ Real MCMC completed successfully
2026-06-04 15:13:38 [INFO] STEP 06_mcmc: MCMC Execution with hi_class (Real Data Only)
2026-06-04 15:13:38 [INFO]   Removing old file: tep_hiclass_suite.1.txt
2026-06-04 15:13:38 [INFO]   Removing old file: tep_hiclass_suite.progress
2026-06-04 15:13:38 [INFO]   Removing old file: tep_hiclass_suite.covmat
2026-06-04 15:13:38 [INFO]   Removing old file: tep_hiclass_suite.checkpoint
2026-06-04 15:13:38 [INFO]   Removing old file: tep_hiclass_suite.updated.yaml
2026-06-04 15:13:38 [INFO]   Removing old file: tep_hiclass_suite.input.yaml
2026-06-04 15:13:38 [PROCESS] Launching Cobaya MCMC with REAL Planck + BAO + SN...
2026-06-04 15:13:38 [INFO]   Config: /Users/matthewsmawfield/www/Temporal Equivalence Principle/TEP-HC/data/cobaya/tep_hiclass_suite.yaml
2026-06-04 15:13:38 [INFO]   Hardware: M4 Pro detected, using 10 performance cores
2026-06-04 15:13:38 [WARNING]   WARNING: This requires real Planck likelihood data.
2026-06-04 15:13:38 [ERROR]   NO FALLBACK. NO MOCK DATA. NO SYNTHETIC DATA. EVER.
2026-06-04 15:13:38 [INFO]   Running single-threaded (1 chain mode)
2026-06-04 15:13:38 [PROCESS]   MCMC running (log: /Users/matthewsmawfield/www/Temporal Equivalence Principle/TEP-HC/logs/cobaya_run.log)
2026-06-04 15:13:38 [INFO]   This will take hours. Check progress file for status.
2026-06-04 15:13:45 [ERROR] 
  ✗ Step FAILED (no fallback used): Cobaya exited with code 1.
Actual error: cobaya.log.LoggedError: Input parameters defined as functions can only depend on other input parameters. In particular, an input parameter cannot depend on ['sigma8']. Use an explicit Theory calculator for more complex dependencies.
If Planck likelihood not installed, run:
  cobaya-install planck_2018_lowl.TT planck_2018_lowl.EE planck_2018_lensing.native -p /Users/matthewsmawfield/www/Temporal Equivalence Principle/TEP-HC/data/external/cobaya_packages
2026-06-04 15:14:27 [INFO] STEP 06_mcmc: MCMC Execution with hi_class (Real Data Only)
2026-06-04 15:14:27 [INFO]   Removing old file: tep_hiclass_suite.updated.yaml
2026-06-04 15:14:27 [INFO]   Removing old file: tep_hiclass_suite.input.yaml
2026-06-04 15:14:27 [PROCESS] Launching Cobaya MCMC with REAL Planck + BAO + SN...
2026-06-04 15:14:27 [INFO]   Config: /Users/matthewsmawfield/www/Temporal Equivalence Principle/TEP-HC/data/cobaya/tep_hiclass_suite.yaml
2026-06-04 15:14:27 [INFO]   Hardware: M4 Pro detected, using 10 performance cores
2026-06-04 15:14:27 [WARNING]   WARNING: This requires real Planck likelihood data.
2026-06-04 15:14:27 [ERROR]   NO FALLBACK. NO MOCK DATA. NO SYNTHETIC DATA. EVER.
2026-06-04 15:14:27 [INFO]   Running single-threaded (1 chain mode)
2026-06-04 15:14:27 [PROCESS]   MCMC running (log: /Users/matthewsmawfield/www/Temporal Equivalence Principle/TEP-HC/logs/cobaya_run.log)
2026-06-04 15:14:27 [INFO]   This will take hours. Check progress file for status.
2026-06-04 17:33:37 [ERROR] 
  ✗ Step FAILED (no fallback used): Cobaya exited with code -9.
Actual error: Unknown error
If Planck likelihood not installed, run:
  cobaya-install planck_2018_lowl.TT planck_2018_lowl.EE planck_2018_lensing.native -p /Users/matthewsmawfield/www/Temporal Equivalence Principle/TEP-HC/data/external/cobaya_packages
2026-06-04 17:59:49 [INFO] STEP 06_mcmc: MCMC Execution with hi_class (Real Data Only)
2026-06-04 17:59:49 [INFO]   Removing old file: tep_hiclass_suite.1.txt
2026-06-04 17:59:49 [INFO]   Removing old file: tep_hiclass_suite.progress
2026-06-04 17:59:49 [INFO]   Removing old file: tep_hiclass_suite.covmat
2026-06-04 17:59:49 [INFO]   Removing old file: tep_hiclass_suite.checkpoint
2026-06-04 17:59:49 [INFO]   Removing old file: tep_hiclass_suite.updated.yaml
2026-06-04 17:59:49 [INFO]   Removing old file: tep_hiclass_suite.input.yaml
2026-06-04 17:59:49 [INFO]   Removing old file: tep_hiclass_suite.input.yaml.locked
2026-06-04 17:59:49 [PROCESS] Launching Cobaya MCMC with REAL Planck + BAO + SN...
2026-06-04 17:59:49 [INFO]   Config: /Users/matthewsmawfield/www/Temporal Equivalence Principle/TEP-HC/data/cobaya/tep_hiclass_suite.yaml
2026-06-04 17:59:49 [INFO]   Hardware: M4 Pro detected, using 10 performance cores
2026-06-04 17:59:49 [WARNING]   WARNING: This requires real Planck likelihood data.
2026-06-04 17:59:49 [ERROR]   NO FALLBACK. NO MOCK DATA. NO SYNTHETIC DATA. EVER.
2026-06-04 17:59:49 [INFO]   Running single-threaded (1 chain mode)
2026-06-04 17:59:49 [PROCESS]   MCMC running (log: /Users/matthewsmawfield/www/Temporal Equivalence Principle/TEP-HC/logs/cobaya_run.log)
2026-06-04 17:59:49 [INFO]   This will take hours. Check progress file for status.
2026-06-05 03:08:41 [PROCESS]   Verifying generated chains...
2026-06-05 03:08:41 [SUCCESS]   ✓ Fresh chain verified: tep_hiclass_suite.1.txt (2799792 bytes, 6480/6480 unique)
2026-06-05 03:08:41 [SUCCESS] 
  ✓ Real MCMC completed successfully
2026-06-05 20:42:35 [INFO] STEP 06_mcmc: MCMC Execution with hi_class (Real Data Only)
2026-06-05 20:42:35 [INFO]   Removing old file: tep_hiclass_suite.1.txt
2026-06-05 20:42:35 [INFO]   Removing old file: tep_hiclass_suite.progress
2026-06-05 20:42:35 [INFO]   Removing old file: tep_hiclass_suite.covmat
2026-06-05 20:42:35 [INFO]   Removing old file: tep_hiclass_suite.checkpoint
2026-06-05 20:42:35 [INFO]   Removing old file: tep_hiclass_suite.updated.yaml
2026-06-05 20:42:35 [INFO]   Removing old file: tep_hiclass_suite.input.yaml
2026-06-05 20:42:35 [PROCESS] Launching Cobaya MCMC with REAL Planck + BAO + SN...
2026-06-05 20:42:35 [INFO]   Config: /Users/matthewsmawfield/www/Temporal Equivalence Principle/TEP-HC/data/cobaya/tep_hiclass_suite.yaml
2026-06-05 20:42:35 [INFO]   Hardware: M4 Pro detected, using 10 performance cores
2026-06-05 20:42:35 [WARNING]   WARNING: This requires real Planck likelihood data.
2026-06-05 20:42:35 [ERROR]   NO FALLBACK. NO MOCK DATA. NO SYNTHETIC DATA. EVER.
2026-06-05 20:42:35 [INFO]   Running single-threaded (1 chain mode)
2026-06-05 20:42:35 [PROCESS]   MCMC running (log: /Users/matthewsmawfield/www/Temporal Equivalence Principle/TEP-HC/logs/cobaya_run.log)
2026-06-05 20:42:35 [INFO]   This will take hours. Check progress file for status.
2026-06-06 02:11:34 [PROCESS]   Verifying generated chains...
2026-06-06 02:11:34 [SUCCESS]   ✓ Fresh chain verified: tep_hiclass_suite.1.txt (11746512 bytes, 27190/27190 unique)
2026-06-06 02:11:34 [SUCCESS] 
  ✓ Real MCMC completed successfully
2026-06-06 02:11:34 [SUCCESS] 
Step 07 completed in 19739.0s
2026-06-06 02:11:34 [INFO] 
2026-06-06 02:11:34 [INFO] ----------------------------------------------------------------------
2026-06-06 02:11:34 [INFO] 
2026-06-06 02:11:34 [INFO] >>> STEP 08: POSTERIOR ANALYSIS
2026-06-06 02:11:34 [INFO] 
