2026-05-25 06:33:47 [INFO] STEP 07_posteriors: Posterior Analysis (Rigorous Audit)
2026-05-25 06:33:47 [WARNING] SCOPE: hi_class with fixed TEP alphas. ΛCDM baseline parameters.
2026-05-25 06:33:47 [INFO]   Found 1 chain files
2026-05-25 06:33:47 [SUCCESS]   ✓ Loaded 2,200 samples from 1 chains
2026-05-25 06:33:47 [INFO]     A_s: 0.00000 ± 0.00000
2026-05-25 06:33:47 [INFO]     n_s: 1.15880 ± 0.05259
2026-05-25 06:33:47 [INFO]     H0: 69.26356 ± 2.09000
2026-05-25 06:33:47 [INFO]     omega_b: 0.02570 ± 0.00358
2026-05-25 06:33:47 [INFO]     omega_cdm: 0.11628 ± 0.00351
2026-05-25 06:33:47 [INFO]     tau_reio: 0.05561 ± 0.01045
2026-05-25 06:33:47 [INFO]     A_planck: 1.04614 ± 0.03881
2026-05-25 06:33:47 [SUCCESS]   ✓ Saved summary to /Users/matthewsmawfield/www/Temporal Equivalence Principle/TEP-HC/results/07_mcmc_summary_full.json
2026-05-25 11:13:44 [INFO] STEP 07_posteriors: Posterior Analysis (Rigorous Audit)
2026-05-25 11:13:44 [WARNING] SCOPE: hi_class with fixed TEP alphas. ΛCDM baseline parameters.
2026-05-25 11:13:44 [INFO]   Found 1 chain files
2026-05-25 11:13:44 [SUCCESS]   ✓ Loaded 10,000 samples from 1 chains
2026-05-25 11:13:44 [INFO]     A_s: 0.00000 ± 0.00000
2026-05-25 11:13:44 [INFO]     n_s: 1.18065 ± 0.02878
2026-05-25 11:13:44 [INFO]     H0: 70.06490 ± 2.23404
2026-05-25 11:13:44 [INFO]     omega_b: 0.02703 ± 0.00352
2026-05-25 11:13:44 [INFO]     omega_cdm: 0.11657 ± 0.00437
2026-05-25 11:13:44 [INFO]     tau_reio: 0.05745 ± 0.01012
2026-05-25 11:13:44 [INFO]     A_planck: 1.04418 ± 0.04260
2026-05-25 11:13:44 [SUCCESS]   ✓ Saved summary to /Users/matthewsmawfield/www/Temporal Equivalence Principle/TEP-HC/results/07_mcmc_summary_full.json
2026-05-28 04:26:14 [INFO] STEP 07_posteriors: Posterior Analysis (Rigorous Audit)
2026-05-28 04:26:14 [WARNING] SCOPE: hi_class with fixed TEP alphas. ΛCDM baseline parameters.
2026-05-28 04:26:14 [SUCCESS]   ✓ Loaded 150 samples from 1 chains (tep_hiclass_suite)
2026-05-28 04:26:14 [SUCCESS]   ✓ Loaded 2,500 samples from 1 chains (lcdm_comparison)
2026-05-28 04:26:14 [INFO] TEP-MG constraints:
2026-05-28 04:26:14 [INFO]     A_s: 3.11552 ± 0.00951
2026-05-28 04:26:14 [INFO]     n_s: 0.99206 ± 0.00213
2026-05-28 04:26:14 [INFO]     H0: 66.63338 ± 0.54141
2026-05-28 04:26:14 [INFO]     omega_b: 0.02180 ± 0.00040
2026-05-28 04:26:14 [INFO]     omega_cdm: 0.11718 ± 0.00158
2026-05-28 04:26:14 [INFO]     tau_reio: 0.04109 ± 0.00721
2026-05-28 04:26:14 [INFO]     A_planck: 1.08647 ± 0.00648
2026-05-28 04:26:14 [INFO] LCDM constraints:
2026-05-28 04:26:14 [INFO]     A_s: 3.10414 ± 0.03331
2026-05-28 04:26:14 [INFO]     n_s: 0.98642 ± 0.00411
2026-05-28 04:26:14 [INFO]     H0: 69.16162 ± 0.60246
2026-05-28 04:26:14 [INFO]     omega_b: 0.02220 ± 0.00020
2026-05-28 04:26:14 [INFO]     omega_cdm: 0.11608 ± 0.00130
2026-05-28 04:26:14 [INFO]     tau_reio: 0.03958 ± 0.00887
2026-05-28 04:26:14 [INFO]     A_planck: 1.05490 ± 0.02144
2026-05-28 04:26:14 [INFO] Comparison:
2026-05-28 04:26:14 [INFO]     Δχ² = -956.664
2026-05-28 04:26:14 [INFO]     ΔA_s: 0.01138 (joint σ = 0.03464)
2026-05-28 04:26:14 [INFO]     Δn_s: 0.00564 (joint σ = 0.00463)
2026-05-28 04:26:14 [INFO]     ΔH0: -2.52824 (joint σ = 0.80999)
2026-05-28 04:26:14 [INFO]     Δomega_b: -0.00039 (joint σ = 0.00045)
2026-05-28 04:26:14 [INFO]     Δomega_cdm: 0.00110 (joint σ = 0.00205)
2026-05-28 04:26:14 [INFO]     Δtau_reio: 0.00151 (joint σ = 0.01143)
2026-05-28 04:26:14 [INFO]     ΔA_planck: 0.03156 (joint σ = 0.02240)
2026-05-28 04:26:14 [SUCCESS]   ✓ Saved summary to /Users/matthewsmawfield/www/Temporal Equivalence Principle/TEP-HC/results/07_mcmc_summary_full.json
2026-05-28 04:29:07 [INFO] STEP 07_posteriors: Posterior Analysis (Rigorous Audit)
2026-05-28 04:29:07 [WARNING] SCOPE: hi_class with fixed TEP alphas. ΛCDM baseline parameters.
2026-05-28 04:29:07 [SUCCESS]   ✓ Loaded 220 samples from 1 chains (tep_hiclass_suite)
2026-05-28 04:29:07 [SUCCESS]   ✓ Loaded 2,500 samples from 1 chains (lcdm_comparison)
2026-05-28 04:29:07 [INFO] TEP-MG constraints:
2026-05-28 04:29:07 [INFO]     A_s: 2.292e-09 ± 0.00000
2026-05-28 04:29:07 [INFO]     n_s: 0.99466 ± 0.00239
2026-05-28 04:29:07 [INFO]     H0: 66.01026 ± 0.84589
2026-05-28 04:29:07 [INFO]     omega_b: 0.02053 ± 0.00123
2026-05-28 04:29:07 [INFO]     omega_cdm: 0.11492 ± 0.00311
2026-05-28 04:29:07 [INFO]     tau_reio: 0.04478 ± 0.00417
2026-05-28 04:29:07 [INFO]     A_planck: 1.09103 ± 0.00689
2026-05-28 04:29:07 [INFO] LCDM constraints:
2026-05-28 04:29:07 [INFO]     A_s: 2.230e-09 ± 0.00000
2026-05-28 04:29:07 [INFO]     n_s: 0.98642 ± 0.00411
2026-05-28 04:29:07 [INFO]     H0: 69.16162 ± 0.60246
2026-05-28 04:29:07 [INFO]     omega_b: 0.02220 ± 0.00020
2026-05-28 04:29:07 [INFO]     omega_cdm: 0.11608 ± 0.00130
2026-05-28 04:29:07 [INFO]     tau_reio: 0.03958 ± 0.00887
2026-05-28 04:29:07 [INFO]     A_planck: 1.05490 ± 0.02144
2026-05-28 04:29:07 [INFO] Comparison:
2026-05-28 04:29:07 [INFO]     Δχ² = -962.849
2026-05-28 04:29:07 [INFO]     ΔA_s: 0.00000 (joint σ = 0.00000)
2026-05-28 04:29:07 [INFO]     Δn_s: 0.00825 (joint σ = 0.00476)
2026-05-28 04:29:07 [INFO]     ΔH0: -3.15136 (joint σ = 1.03850)
2026-05-28 04:29:07 [INFO]     Δomega_b: -0.00166 (joint σ = 0.00125)
2026-05-28 04:29:07 [INFO]     Δomega_cdm: -0.00116 (joint σ = 0.00337)
2026-05-28 04:29:07 [INFO]     Δtau_reio: 0.00520 (joint σ = 0.00980)
2026-05-28 04:29:07 [INFO]     ΔA_planck: 0.03613 (joint σ = 0.02252)
2026-05-28 04:29:07 [SUCCESS]   ✓ Saved summary to /Users/matthewsmawfield/www/Temporal Equivalence Principle/TEP-HC/results/07_mcmc_summary_full.json
2026-05-28 23:11:21 [INFO] STEP 07_posteriors: Posterior Analysis (Rigorous Audit)
2026-05-28 23:11:21 [WARNING] SCOPE: hi_class with fixed TEP alphas. ΛCDM baseline parameters.
2026-05-28 23:11:21 [WARNING]   ! Could not parse chain files for: tep_hiclass_suite
2026-05-28 23:11:21 [ERROR] Step failed: No TEP MCMC chains found.
2026-05-28 23:12:05 [INFO] STEP 07_posteriors: Posterior Analysis (Rigorous Audit)
2026-05-28 23:12:05 [WARNING] SCOPE: hi_class with fixed TEP alphas. ΛCDM baseline parameters.
2026-05-28 23:12:05 [SUCCESS]   ✓ Loaded 2,460 samples from 1 chains (tep_hiclass_prod)
2026-05-28 23:12:05 [SUCCESS]   ✓ Loaded 2,500 samples from 1 chains (lcdm_comparison)
2026-05-28 23:12:05 [INFO] TEP-MG constraints:
2026-05-28 23:12:05 [INFO]     A_s: 2.293e-09 ± 0.00000
2026-05-28 23:12:05 [INFO]     n_s: 0.99456 ± 0.00541
2026-05-28 23:12:05 [INFO]     H0: 67.08327 ± 1.86634
2026-05-28 23:12:05 [INFO]     omega_b: 0.02207 ± 0.00286
2026-05-28 23:12:05 [INFO]     omega_cdm: 0.11839 ± 0.00430
2026-05-28 23:12:05 [INFO]     tau_reio: 0.04840 ± 0.00778
2026-05-28 23:12:05 [INFO]     A_planck: 1.08756 ± 0.01246
2026-05-28 23:12:05 [INFO] LCDM constraints:
2026-05-28 23:12:05 [INFO]     A_s: 2.230e-09 ± 0.00000
2026-05-28 23:12:05 [INFO]     n_s: 0.98642 ± 0.00411
2026-05-28 23:12:05 [INFO]     H0: 69.16162 ± 0.60246
2026-05-28 23:12:05 [INFO]     omega_b: 0.02220 ± 0.00020
2026-05-28 23:12:05 [INFO]     omega_cdm: 0.11608 ± 0.00130
2026-05-28 23:12:05 [INFO]     tau_reio: 0.03958 ± 0.00887
2026-05-28 23:12:05 [INFO]     A_planck: 1.05490 ± 0.02144
2026-05-28 23:12:05 [INFO] Comparison:
2026-05-28 23:12:05 [INFO]     Δχ² = -963.094
2026-05-28 23:12:05 [INFO]     ΔA_s: 0.00000 (joint σ = 0.00000)
2026-05-28 23:12:05 [INFO]     Δn_s: 0.00814 (joint σ = 0.00679)
2026-05-28 23:12:05 [INFO]     ΔH0: -2.07835 (joint σ = 1.96117)
2026-05-28 23:12:05 [INFO]     Δomega_b: -0.00013 (joint σ = 0.00287)
2026-05-28 23:12:05 [INFO]     Δomega_cdm: 0.00231 (joint σ = 0.00449)
2026-05-28 23:12:05 [INFO]     Δtau_reio: 0.00882 (joint σ = 0.01179)
2026-05-28 23:12:05 [INFO]     ΔA_planck: 0.03266 (joint σ = 0.02480)
2026-05-28 23:12:05 [SUCCESS]   ✓ Saved summary to /Users/matthewsmawfield/www/Temporal Equivalence Principle/TEP-HC/results/07_mcmc_summary_full.json
2026-05-28 23:20:40 [INFO] STEP 07_posteriors: Posterior Analysis (Rigorous Audit)
2026-05-28 23:20:40 [WARNING] SCOPE: hi_class with fixed TEP alphas. ΛCDM baseline parameters.
2026-05-28 23:20:40 [SUCCESS]   ✓ Loaded 2,770 samples from 1 chains (tep_hiclass_prod)
2026-05-28 23:20:40 [SUCCESS]   ✓ Loaded 2,500 samples from 1 chains (lcdm_comparison)
2026-05-28 23:20:40 [INFO] TEP-MG constraints:
2026-05-28 23:20:40 [INFO]     A_s: 2.292e-09 ± 0.00000
2026-05-28 23:20:40 [INFO]     n_s: 0.99495 ± 0.00525
2026-05-28 23:20:40 [INFO]     H0: 66.95435 ± 1.82928
2026-05-28 23:20:40 [INFO]     omega_b: 0.02188 ± 0.00281
2026-05-28 23:20:40 [INFO]     omega_cdm: 0.11858 ± 0.00429
2026-05-28 23:20:40 [INFO]     tau_reio: 0.04831 ± 0.00788
2026-05-28 23:20:40 [INFO]     A_planck: 1.08760 ± 0.01208
2026-05-28 23:20:40 [INFO] LCDM constraints:
2026-05-28 23:20:40 [INFO]     A_s: 2.230e-09 ± 0.00000
2026-05-28 23:20:40 [INFO]     n_s: 0.98642 ± 0.00411
2026-05-28 23:20:40 [INFO]     H0: 69.16162 ± 0.60246
2026-05-28 23:20:40 [INFO]     omega_b: 0.02220 ± 0.00020
2026-05-28 23:20:40 [INFO]     omega_cdm: 0.11608 ± 0.00130
2026-05-28 23:20:40 [INFO]     tau_reio: 0.03958 ± 0.00887
2026-05-28 23:20:40 [INFO]     A_planck: 1.05490 ± 0.02144
2026-05-28 23:20:40 [INFO] Comparison:
2026-05-28 23:20:40 [INFO]     Δχ² = -963.094
2026-05-28 23:20:40 [INFO]     ΔA_s: 0.00000 (joint σ = 0.00000)
2026-05-28 23:20:40 [INFO]     Δn_s: 0.00853 (joint σ = 0.00666)
2026-05-28 23:20:40 [INFO]     ΔH0: -2.20727 (joint σ = 1.92593)
2026-05-28 23:20:40 [INFO]     Δomega_b: -0.00032 (joint σ = 0.00282)
2026-05-28 23:20:40 [INFO]     Δomega_cdm: 0.00250 (joint σ = 0.00448)
2026-05-28 23:20:40 [INFO]     Δtau_reio: 0.00873 (joint σ = 0.01186)
2026-05-28 23:20:40 [INFO]     ΔA_planck: 0.03270 (joint σ = 0.02461)
2026-05-28 23:20:40 [SUCCESS]   ✓ Saved summary to /Users/matthewsmawfield/www/Temporal Equivalence Principle/TEP-HC/results/07_mcmc_summary_full.json
2026-05-28 23:20:56 [INFO] STEP 07_posteriors: Posterior Analysis (Rigorous Audit)
2026-05-28 23:20:56 [WARNING] SCOPE: hi_class with fixed TEP alphas. ΛCDM baseline parameters.
2026-05-28 23:20:56 [SUCCESS]   ✓ Loaded 2,770 samples from 1 chains (tep_hiclass_prod)
2026-05-28 23:20:56 [SUCCESS]   ✓ Loaded 2,500 samples from 1 chains (lcdm_comparison)
2026-05-28 23:20:56 [INFO] TEP-MG constraints:
2026-05-28 23:20:56 [INFO]     A_s: 2.292e-09 ± 0.00000
2026-05-28 23:20:56 [INFO]     n_s: 0.99495 ± 0.00525
2026-05-28 23:20:56 [INFO]     H0: 66.95435 ± 1.82928
2026-05-28 23:20:56 [INFO]     omega_b: 0.02188 ± 0.00281
2026-05-28 23:20:56 [INFO]     omega_cdm: 0.11858 ± 0.00429
2026-05-28 23:20:56 [INFO]     tau_reio: 0.04831 ± 0.00788
2026-05-28 23:20:56 [INFO]     A_planck: 1.08760 ± 0.01208
2026-05-28 23:20:56 [INFO] LCDM constraints:
2026-05-28 23:20:56 [INFO]     A_s: 2.230e-09 ± 0.00000
2026-05-28 23:20:56 [INFO]     n_s: 0.98642 ± 0.00411
2026-05-28 23:20:56 [INFO]     H0: 69.16162 ± 0.60246
2026-05-28 23:20:56 [INFO]     omega_b: 0.02220 ± 0.00020
2026-05-28 23:20:56 [INFO]     omega_cdm: 0.11608 ± 0.00130
2026-05-28 23:20:56 [INFO]     tau_reio: 0.03958 ± 0.00887
2026-05-28 23:20:56 [INFO]     A_planck: 1.05490 ± 0.02144
2026-05-28 23:20:56 [INFO] Comparison:
2026-05-28 23:20:56 [INFO]     Δχ² = -963.094
2026-05-28 23:20:56 [INFO]     ΔA_s: 0.00000 (joint σ = 0.00000)
2026-05-28 23:20:56 [INFO]     Δn_s: 0.00853 (joint σ = 0.00666)
2026-05-28 23:20:56 [INFO]     ΔH0: -2.20727 (joint σ = 1.92593)
2026-05-28 23:20:56 [INFO]     Δomega_b: -0.00032 (joint σ = 0.00282)
2026-05-28 23:20:56 [INFO]     Δomega_cdm: 0.00250 (joint σ = 0.00448)
2026-05-28 23:20:56 [INFO]     Δtau_reio: 0.00873 (joint σ = 0.01186)
2026-05-28 23:20:56 [INFO]     ΔA_planck: 0.03270 (joint σ = 0.02461)
2026-05-28 23:20:56 [SUCCESS]   ✓ Saved summary to /Users/matthewsmawfield/www/Temporal Equivalence Principle/TEP-HC/results/07_mcmc_summary_full.json
2026-05-28 23:26:15 [INFO] STEP 07_posteriors: Posterior Analysis (Rigorous Audit)
2026-05-28 23:26:15 [WARNING] SCOPE: hi_class with fixed TEP alphas. ΛCDM baseline parameters.
2026-05-28 23:26:15 [SUCCESS]   ✓ Loaded 2,900 samples from 1 chains (tep_hiclass_prod)
2026-05-28 23:26:15 [INFO] TEP-MG constraints:
2026-05-28 23:26:15 [INFO]     A_s: 2.293e-09 ± 0.00000
2026-05-28 23:26:15 [INFO]     n_s: 0.99503 ± 0.00512
2026-05-28 23:26:15 [INFO]     H0: 66.88516 ± 1.82504
2026-05-28 23:26:15 [INFO]     omega_b: 0.02176 ± 0.00279
2026-05-28 23:26:15 [INFO]     omega_cdm: 0.11860 ± 0.00424
2026-05-28 23:26:15 [INFO]     tau_reio: 0.04841 ± 0.00786
2026-05-28 23:26:15 [INFO]     A_planck: 1.08771 ± 0.01198
2026-05-28 23:26:15 [SUCCESS]   ✓ Saved summary to /Users/matthewsmawfield/www/Temporal Equivalence Principle/TEP-HC/results/07_mcmc_summary_full.json
2026-05-29 01:22:10 [INFO] STEP 07_posteriors: Posterior Analysis (Rigorous Audit)
2026-05-29 01:22:10 [WARNING] SCOPE: hi_class with fixed TEP alphas. ΛCDM baseline parameters.
2026-05-29 01:22:10 [SUCCESS]   ✓ Loaded 5,000 samples from 1 chains (tep_hiclass_prod)
2026-05-29 01:22:10 [INFO] TEP-MG constraints:
2026-05-29 01:22:10 [INFO]     A_s: 2.306e-09 ± 0.00000
2026-05-29 01:22:10 [INFO]     n_s: 0.99415 ± 0.00620
2026-05-29 01:22:10 [INFO]     H0: 66.61261 ± 1.94685
2026-05-29 01:22:10 [INFO]     omega_b: 0.02138 ± 0.00279
2026-05-29 01:22:10 [INFO]     omega_cdm: 0.11792 ± 0.00442
2026-05-29 01:22:10 [INFO]     tau_reio: 0.05046 ± 0.00743
2026-05-29 01:22:10 [INFO]     A_planck: 1.08864 ± 0.01118
2026-05-29 01:22:10 [SUCCESS]   ✓ Saved summary to /Users/matthewsmawfield/www/Temporal Equivalence Principle/TEP-HC/results/07_mcmc_summary_full.json
2026-05-29 07:37:52 [INFO] STEP 07_posteriors: Posterior Analysis (Rigorous Audit)
2026-05-29 07:37:52 [WARNING] SCOPE: hi_class with fixed TEP alphas. ΛCDM baseline parameters.
2026-05-29 07:37:52 [WARNING]   ! No chain files found for prefix: tep_hiclass_chain
2026-05-29 07:37:52 [SUCCESS]   ✓ Loaded 5,000 samples from 1 chains (tep_hiclass_prod)
2026-05-29 07:37:52 [INFO] Cross-chain Gelman-Rubin R-1:
2026-05-29 07:37:52 [INFO]     A_s: R-1 = inf
2026-05-29 07:37:52 [INFO]     n_s: R-1 = inf
2026-05-29 07:37:52 [INFO]     H0: R-1 = inf
2026-05-29 07:37:52 [INFO]     omega_b: R-1 = inf
2026-05-29 07:37:52 [INFO]     omega_cdm: R-1 = inf
2026-05-29 07:37:52 [INFO]     tau_reio: R-1 = inf
2026-05-29 07:37:52 [INFO]     A_planck: R-1 = inf
2026-05-29 07:37:52 [WARNING]   Max R-1 across parameters: inf
2026-05-29 07:37:52 [INFO] TEP-MG constraints (combined, 4 chains):
2026-05-29 07:37:52 [INFO]     A_s: 2.306e-09 ± 0.00000
2026-05-29 07:37:52 [INFO]     n_s: 0.99415 ± 0.00620
2026-05-29 07:37:52 [INFO]     H0: 66.61261 ± 1.94685
2026-05-29 07:37:52 [INFO]     omega_b: 0.02138 ± 0.00279
2026-05-29 07:37:52 [INFO]     omega_cdm: 0.11792 ± 0.00442
2026-05-29 07:37:52 [INFO]     tau_reio: 0.05046 ± 0.00743
2026-05-29 07:37:52 [INFO]     A_planck: 1.08864 ± 0.01118
2026-05-29 07:37:52 [SUCCESS]   ✓ Saved summary to /Users/matthewsmawfield/www/Temporal Equivalence Principle/TEP-HC/results/07_mcmc_summary_full.json
2026-05-29 07:39:39 [INFO] STEP 07_posteriors: Posterior Analysis (Rigorous Audit)
2026-05-29 07:39:39 [WARNING] SCOPE: hi_class with fixed TEP alphas. ΛCDM baseline parameters.
2026-05-29 07:39:39 [SUCCESS]   ✓ Loaded 20,000 samples from 4 chains (tep_hiclass_chain)
2026-05-29 07:39:39 [INFO] Cross-chain Gelman-Rubin R-1:
2026-05-29 07:39:39 [INFO]     A_s: R-1 = 0.0029
2026-05-29 07:39:39 [INFO]     n_s: R-1 = 0.0160
2026-05-29 07:39:39 [INFO]     H0: R-1 = 0.0074
2026-05-29 07:39:39 [INFO]     omega_b: R-1 = 0.0098
2026-05-29 07:39:39 [INFO]     omega_cdm: R-1 = 0.0104
2026-05-29 07:39:39 [INFO]     tau_reio: R-1 = 0.0031
2026-05-29 07:39:39 [INFO]     A_planck: R-1 = 0.0029
2026-05-29 07:39:39 [INFO]   Max R-1 across parameters: 0.0160
2026-05-29 07:39:39 [INFO] TEP-MG constraints (combined, 4 chains):
2026-05-29 07:39:39 [INFO]     A_s: 2.291e-09 ± 0.00000
2026-05-29 07:39:39 [INFO]     n_s: 0.99533 ± 0.00502
2026-05-29 07:39:39 [INFO]     H0: 66.03516 ± 1.54361
2026-05-29 07:39:39 [INFO]     omega_b: 0.02067 ± 0.00226
2026-05-29 07:39:39 [INFO]     omega_cdm: 0.11657 ± 0.00364
2026-05-29 07:39:39 [INFO]     tau_reio: 0.04814 ± 0.00774
2026-05-29 07:39:39 [INFO]     A_planck: 1.08726 ± 0.01379
2026-05-29 07:39:39 [SUCCESS]   ✓ Saved summary to /Users/matthewsmawfield/www/Temporal Equivalence Principle/TEP-HC/results/07_mcmc_summary_full.json
2026-05-29 14:40:06 [INFO] STEP 07_posteriors: Posterior Analysis (Rigorous Audit)
2026-05-29 14:40:06 [WARNING] SCOPE: hi_class with fixed TEP alphas. ΛCDM baseline parameters.
2026-05-29 14:40:06 [SUCCESS]   ✓ Loaded 20,000 samples from 4 chains (tep_hiclass_chain)
2026-05-29 14:40:06 [INFO] Cross-chain Gelman-Rubin R-1:
2026-05-29 14:40:06 [INFO]     A_s: R-1 = 0.0029
2026-05-29 14:40:06 [INFO]     n_s: R-1 = 0.0160
2026-05-29 14:40:06 [INFO]     H0: R-1 = 0.0074
2026-05-29 14:40:06 [INFO]     omega_b: R-1 = 0.0098
2026-05-29 14:40:06 [INFO]     omega_cdm: R-1 = 0.0104
2026-05-29 14:40:06 [INFO]     tau_reio: R-1 = 0.0031
2026-05-29 14:40:06 [INFO]     A_planck: R-1 = 0.0029
2026-05-29 14:40:06 [INFO]   Max R-1 across parameters: 0.0160
2026-05-29 14:40:06 [INFO] TEP-MG constraints (combined, 4 chains):
2026-05-29 14:40:06 [INFO]     A_s: 2.291e-09 ± 0.00000
2026-05-29 14:40:06 [INFO]     n_s: 0.99533 ± 0.00502
2026-05-29 14:40:06 [INFO]     H0: 66.03516 ± 1.54361
2026-05-29 14:40:06 [INFO]     omega_b: 0.02067 ± 0.00226
2026-05-29 14:40:06 [INFO]     omega_cdm: 0.11657 ± 0.00364
2026-05-29 14:40:06 [INFO]     tau_reio: 0.04814 ± 0.00774
2026-05-29 14:40:06 [INFO]     A_planck: 1.08726 ± 0.01379
2026-05-29 14:40:06 [SUCCESS]   ✓ Saved summary to /Users/matthewsmawfield/www/Temporal Equivalence Principle/TEP-HC/results/07_mcmc_summary_full.json
2026-06-01 10:49:32 [INFO] STEP 07_posteriors: Posterior Analysis (Rigorous Audit)
2026-06-01 10:49:32 [INFO] SCOPE: hi_class with native TEP background-only implementation.
2026-06-01 10:49:32 [INFO] Reference: TEP-C0 (Paper 14) native TEP + full Planck finds n_s = 0.9623 +- 0.0046.
2026-06-01 10:49:32 [SUCCESS]   ✓ Loaded 20,000 samples from 4 chains (tep_hiclass_chain)
2026-06-01 10:49:32 [INFO] Cross-chain Gelman-Rubin R-1:
2026-06-01 10:49:32 [INFO]     A_s: R-1 = 0.0029
2026-06-01 10:49:32 [INFO]     n_s: R-1 = 0.0160
2026-06-01 10:49:32 [INFO]     H0: R-1 = 0.0074
2026-06-01 10:49:32 [INFO]     omega_b: R-1 = 0.0098
2026-06-01 10:49:32 [INFO]     omega_cdm: R-1 = 0.0104
2026-06-01 10:49:32 [INFO]     tau_reio: R-1 = 0.0031
2026-06-01 10:49:32 [INFO]     A_planck: R-1 = 0.0029
2026-06-01 10:49:32 [INFO]   Max R-1 across parameters: 0.0160
2026-06-01 10:49:32 [INFO] TEP constraints (combined, 4 chains):
2026-06-01 10:49:32 [INFO]     A_s: 2.291e-09 ± 0.00000
2026-06-01 10:49:32 [INFO]     n_s: 0.99533 ± 0.00502
2026-06-01 10:49:32 [INFO]     H0: 66.03516 ± 1.54361
2026-06-01 10:49:32 [INFO]     omega_b: 0.02067 ± 0.00226
2026-06-01 10:49:32 [INFO]     omega_cdm: 0.11657 ± 0.00364
2026-06-01 10:49:32 [INFO]     tau_reio: 0.04814 ± 0.00774
2026-06-01 10:49:32 [INFO]     A_planck: 1.08726 ± 0.01379
2026-06-01 10:49:32 [SUCCESS]   ✓ Saved summary to /Users/matthewsmawfield/www/Temporal Equivalence Principle/TEP-HC/results/07_mcmc_summary_full.json
2026-06-03 22:22:30 [INFO] STEP 07_posteriors: Posterior Analysis (Rigorous Audit)
2026-06-03 22:22:30 [INFO] SCOPE: hi_class with native TEP background-only implementation.
2026-06-03 22:22:30 [INFO] Reference: TEP-C0 (Paper 26) native TEP + full Planck finds n_s = 0.9623 +- 0.0046.
2026-06-03 22:22:30 [SUCCESS]   ✓ Loaded 20,000 samples from 4 chains (tep_hiclass_chain)
2026-06-03 22:22:30 [INFO] Cross-chain Gelman-Rubin R-1:
2026-06-03 22:22:30 [INFO]     A_s: R-1 = 0.0029
2026-06-03 22:22:30 [INFO]     n_s: R-1 = 0.0160
2026-06-03 22:22:30 [INFO]     H0: R-1 = 0.0074
2026-06-03 22:22:30 [INFO]     omega_b: R-1 = 0.0098
2026-06-03 22:22:30 [INFO]     omega_cdm: R-1 = 0.0104
2026-06-03 22:22:30 [INFO]     tau_reio: R-1 = 0.0031
2026-06-03 22:22:30 [INFO]     A_planck: R-1 = 0.0029
2026-06-03 22:22:30 [INFO]   Max R-1 across parameters: 0.0160
2026-06-03 22:22:30 [INFO] TEP constraints (combined, 4 chains):
2026-06-03 22:22:30 [INFO]     A_s: 2.291e-09 ± 0.00000
2026-06-03 22:22:30 [INFO]     n_s: 0.99533 ± 0.00502
2026-06-03 22:22:30 [INFO]     H0: 66.03516 ± 1.54361
2026-06-03 22:22:30 [INFO]     omega_b: 0.02067 ± 0.00226
2026-06-03 22:22:30 [INFO]     omega_cdm: 0.11657 ± 0.00364
2026-06-03 22:22:30 [INFO]     tau_reio: 0.04814 ± 0.00774
2026-06-03 22:22:30 [INFO]     A_planck: 1.08726 ± 0.01379
2026-06-03 22:22:30 [SUCCESS]   ✓ Saved summary to /Users/matthewsmawfield/www/Temporal Equivalence Principle/TEP-HC/results/07_mcmc_summary_full.json
2026-06-03 22:22:30 [SUCCESS] 
Step 09 completed in 0.1s
2026-06-03 22:22:30 [INFO] 
2026-06-03 22:22:30 [INFO] ----------------------------------------------------------------------
2026-06-03 22:22:30 [INFO] 
2026-06-03 22:22:30 [INFO] ======================================================================
2026-06-03 22:22:30 [INFO] PIPELINE EXECUTION SUMMARY
2026-06-03 22:22:30 [INFO] ======================================================================
2026-06-03 22:22:30 [INFO] 
2026-06-03 22:22:30 [INFO] 
Execution Statistics
2026-06-03 22:22:30 [INFO] ====================
2026-06-03 22:22:30 [INFO] Metric          | Count | Time (s)
2026-06-03 22:22:30 [INFO] ----------------------------------
2026-06-03 22:22:30 [INFO] Steps Completed | 10    | -       
2026-06-03 22:22:30 [INFO] Steps Skipped   | 0     | -       
2026-06-03 22:22:30 [INFO] Steps Failed    | 0     | -       
2026-06-03 22:22:30 [INFO] Total Time      | -     | 2538.7  
2026-06-03 22:22:30 [INFO] 
2026-06-03 22:22:30 [INFO] Step Timing Breakdown:
2026-06-03 22:22:30 [INFO]   00_setup            :    0.6s
2026-06-03 22:22:30 [INFO]   00b_install         :    2.5s
2026-06-03 22:22:30 [INFO]   01_tep_module       :    0.0s
2026-06-03 22:22:30 [INFO]   02_background       :    0.0s
2026-06-03 22:22:30 [INFO]   03_alphas           :    0.0s
2026-06-03 22:22:30 [INFO]   04_cmb              :    0.8s
2026-06-03 22:22:30 [INFO]   04b_jordan_frame    :    5.8s
2026-06-03 22:22:30 [INFO]   05_cobaya           :    0.0s
2026-06-03 22:22:30 [INFO]   06_mcmc             : 2528.9s
2026-06-03 22:22:30 [INFO]   07_posteriors       :    0.1s
2026-06-03 22:22:30 [INFO] 
2026-06-03 22:22:30 [SUCCESS] Status: ALL STEPS COMPLETED SUCCESSFULLY
2026-06-03 22:22:30 [INFO] 
2026-06-03 22:22:30 [INFO] Results directory: /Users/matthewsmawfield/www/Temporal Equivalence Principle/TEP-HC/results
2026-06-03 22:22:30 [INFO] Logs directory: /Users/matthewsmawfield/www/Temporal Equivalence Principle/TEP-HC/logs
2026-06-03 22:22:30 [INFO] 
2026-06-03 22:22:30 [INFO] ======================================================================
2026-06-03 22:22:30 [INFO] Pipeline results saved to: /Users/matthewsmawfield/www/Temporal Equivalence Principle/TEP-HC/results/pipeline_results.json
2026-06-04 14:58:11 [INFO] STEP 07_posteriors: Posterior Analysis (Rigorous Audit)
2026-06-04 14:58:11 [INFO] SCOPE: hi_class with native TEP background-only implementation.
2026-06-04 14:58:11 [INFO] Reference: TEP-C0 (Paper 26) native TEP + full Planck finds n_s = 0.9623 +- 0.0046.
2026-06-04 14:58:11 [SUCCESS]   ✓ Loaded 20,000 samples from 4 chains (tep_hiclass_chain)
2026-06-04 14:58:11 [INFO] Cross-chain Gelman-Rubin R-1:
2026-06-04 14:58:11 [INFO]     A_s: R-1 = 0.0029
2026-06-04 14:58:11 [INFO]     n_s: R-1 = 0.0160
2026-06-04 14:58:11 [INFO]     H0: R-1 = 0.0074
2026-06-04 14:58:11 [INFO]     omega_b: R-1 = 0.0098
2026-06-04 14:58:11 [INFO]     omega_cdm: R-1 = 0.0104
2026-06-04 14:58:11 [INFO]     tau_reio: R-1 = 0.0031
2026-06-04 14:58:11 [INFO]     A_planck: R-1 = 0.0029
2026-06-04 14:58:11 [INFO]   Max R-1 across parameters: 0.0160
2026-06-04 14:58:11 [INFO] TEP constraints (combined, 4 chains):
2026-06-04 14:58:11 [INFO]     A_s: 2.291e-09 ± 0.00000
2026-06-04 14:58:11 [INFO]     n_s: 0.99533 ± 0.00502
2026-06-04 14:58:11 [INFO]     H0: 66.03516 ± 1.54361
2026-06-04 14:58:11 [INFO]     omega_b: 0.02067 ± 0.00226
2026-06-04 14:58:11 [INFO]     omega_cdm: 0.11657 ± 0.00364
2026-06-04 14:58:11 [INFO]     tau_reio: 0.04814 ± 0.00774
2026-06-04 14:58:11 [INFO]     A_planck: 1.08726 ± 0.01379
2026-06-04 14:58:11 [SUCCESS]   ✓ Saved summary to /Users/matthewsmawfield/www/Temporal Equivalence Principle/TEP-HC/results/07_mcmc_summary_full.json
2026-06-04 14:58:26 [INFO] STEP 07_posteriors: Posterior Analysis (Rigorous Audit)
2026-06-04 14:58:26 [INFO] SCOPE: hi_class with native TEP background-only implementation.
2026-06-04 14:58:26 [INFO] Reference: TEP-C0 (Paper 26) native TEP + full Planck finds n_s = 0.9623 +- 0.0046.
2026-06-04 14:58:26 [SUCCESS]   ✓ Loaded 20,000 samples from 4 chains (tep_hiclass_chain)
2026-06-04 14:58:26 [INFO] Cross-chain Gelman-Rubin R-1:
2026-06-04 14:58:26 [INFO]     A_s: R-1 = 0.0029
2026-06-04 14:58:26 [INFO]     n_s: R-1 = 0.0160
2026-06-04 14:58:26 [INFO]     H0: R-1 = 0.0074
2026-06-04 14:58:26 [INFO]     omega_b: R-1 = 0.0098
2026-06-04 14:58:26 [INFO]     omega_cdm: R-1 = 0.0104
2026-06-04 14:58:26 [INFO]     tau_reio: R-1 = 0.0031
2026-06-04 14:58:26 [INFO]     A_planck: R-1 = 0.0029
2026-06-04 14:58:26 [ERROR] Step failed: 'Parameter epsilon_T not found in chain header'
2026-06-04 14:58:53 [INFO] STEP 07_posteriors: Posterior Analysis (Rigorous Audit)
2026-06-04 14:58:53 [INFO] SCOPE: hi_class with native TEP background-only implementation.
2026-06-04 14:58:53 [INFO] Reference: TEP-C0 (Paper 26) native TEP + full Planck finds n_s = 0.9623 +- 0.0046.
2026-06-04 14:58:53 [SUCCESS]   ✓ Loaded 17,970 samples from 1 chains (tep_hiclass_suite)
2026-06-04 14:58:53 [INFO] Cross-chain Gelman-Rubin R-1:
2026-06-04 14:58:53 [INFO]     A_s: R-1 = inf
2026-06-04 14:58:53 [INFO]     n_s: R-1 = inf
2026-06-04 14:58:53 [INFO]     H0: R-1 = inf
2026-06-04 14:58:53 [INFO]     omega_b: R-1 = inf
2026-06-04 14:58:53 [INFO]     omega_cdm: R-1 = inf
2026-06-04 14:58:53 [INFO]     tau_reio: R-1 = inf
2026-06-04 14:58:53 [INFO]     A_planck: R-1 = inf
2026-06-04 14:58:53 [INFO]     epsilon_T: R-1 = inf
2026-06-04 14:58:53 [WARNING]   Max R-1 across parameters: inf
2026-06-04 14:58:53 [INFO] TEP constraints (combined, 4 chains):
2026-06-04 14:58:53 [INFO]     A_s: 0.00144 ± 0.00326
2026-06-04 14:58:53 [INFO]     n_s: 0.95532 ± 0.02378
2026-06-04 14:58:53 [INFO]     H0: 52.25532 ± 8.12452
2026-06-04 14:58:53 [INFO]     omega_b: 0.00892 ± 0.00683
2026-06-04 14:58:53 [INFO]     omega_cdm: 0.16557 ± 0.09616
2026-06-04 14:58:53 [INFO]     tau_reio: 0.04564 ± 0.04046
2026-06-04 14:58:53 [INFO]     A_planck: 0.82613 ± 0.45137
2026-06-04 14:58:53 [INFO]     epsilon_T: 0.27417 ± 0.47239
2026-06-04 14:58:53 [SUCCESS]   ✓ Saved summary to /Users/matthewsmawfield/www/Temporal Equivalence Principle/TEP-HC/results/07_mcmc_summary_full.json
2026-06-04 17:33:52 [INFO] STEP 07_posteriors: Posterior Analysis (Rigorous Audit)
2026-06-04 17:33:52 [INFO] SCOPE: hi_class with native TEP background-only implementation.
2026-06-04 17:33:52 [INFO] Reference: TEP-C0 (Paper 26) native TEP + full Planck finds n_s = 0.9623 +- 0.0046.
2026-06-04 17:33:52 [SUCCESS]   ✓ Loaded 490 samples from 1 chains (tep_hiclass_suite)
2026-06-04 17:33:52 [INFO] Cross-chain Gelman-Rubin R-1:
2026-06-04 17:33:52 [INFO]     A_s: R-1 = inf
2026-06-04 17:33:52 [INFO]     n_s: R-1 = inf
2026-06-04 17:33:52 [INFO]     H0: R-1 = inf
2026-06-04 17:33:52 [INFO]     omega_b: R-1 = inf
2026-06-04 17:33:52 [INFO]     omega_cdm: R-1 = inf
2026-06-04 17:33:52 [INFO]     tau_reio: R-1 = inf
2026-06-04 17:33:52 [INFO]     A_planck: R-1 = inf
2026-06-04 17:33:52 [INFO]     epsilon_T: R-1 = inf
2026-06-04 17:33:52 [INFO]     sigma8: R-1 = inf
2026-06-04 17:33:52 [WARNING]   Max R-1 across parameters: inf
2026-06-04 17:33:52 [INFO] TEP constraints (combined, 4 chains):
2026-06-04 17:33:52 [INFO]     A_s: 1.821e-09 ± 0.00000
2026-06-04 17:33:52 [INFO]     n_s: 0.94249 ± 0.00392
2026-06-04 17:33:52 [INFO]     H0: 47.07583 ± 0.34606
2026-06-04 17:33:52 [INFO]     omega_b: 0.00504 ± 0.00004
2026-06-04 17:33:52 [INFO]     omega_cdm: 0.21659 ± 0.00325
2026-06-04 17:33:52 [INFO]     tau_reio: 0.01956 ± 0.00394
2026-06-04 17:33:52 [INFO]     A_planck: 1.03424 ± 0.03557
2026-06-04 17:33:52 [INFO]     epsilon_T: 2.811e-04 ± 0.00044
2026-06-04 17:33:52 [INFO]     sigma8: 0.98066 ± 0.01141
2026-06-04 17:33:52 [INFO]     S8: 1.79043 ± 0.02083
2026-06-04 17:33:52 [SUCCESS]   ✓ Saved summary to /Users/matthewsmawfield/www/Temporal Equivalence Principle/TEP-HC/results/07_mcmc_summary_full.json
2026-06-05 03:09:08 [INFO] STEP 07_posteriors: Posterior Analysis (Rigorous Audit)
2026-06-05 03:09:08 [INFO] SCOPE: hi_class with native TEP background-only implementation.
2026-06-05 03:09:08 [INFO] Reference: TEP-C0 (Paper 26) native TEP + full Planck finds n_s = 0.9623 +- 0.0046.
2026-06-05 03:09:08 [SUCCESS]   ✓ Loaded 6,480 samples from 1 chains (tep_hiclass_suite)
2026-06-05 03:09:08 [INFO] Cross-chain Gelman-Rubin R-1:
2026-06-05 03:09:08 [INFO]     A_s: R-1 = inf
2026-06-05 03:09:08 [INFO]     n_s: R-1 = inf
2026-06-05 03:09:08 [INFO]     H0: R-1 = inf
2026-06-05 03:09:08 [INFO]     omega_b: R-1 = inf
2026-06-05 03:09:08 [INFO]     omega_cdm: R-1 = inf
2026-06-05 03:09:08 [INFO]     tau_reio: R-1 = inf
2026-06-05 03:09:08 [INFO]     A_planck: R-1 = inf
2026-06-05 03:09:08 [INFO]     epsilon_T: R-1 = inf
2026-06-05 03:09:08 [INFO]     sigma8: R-1 = inf
2026-06-05 03:09:08 [WARNING]   Max R-1 across parameters: inf
2026-06-05 03:09:08 [INFO] TEP constraints (combined, 4 chains):
2026-06-05 03:09:08 [INFO]     A_s: 1.878e-09 ± 0.00000
2026-06-05 03:09:08 [INFO]     n_s: 0.94202 ± 0.00186
2026-06-05 03:09:08 [INFO]     H0: 46.93545 ± 0.38680
2026-06-05 03:09:08 [INFO]     omega_b: 0.00504 ± 0.00004
2026-06-05 03:09:08 [INFO]     omega_cdm: 0.21527 ± 0.00363
2026-06-05 03:09:08 [INFO]     tau_reio: 0.02171 ± 0.00560
2026-06-05 03:09:08 [INFO]     A_planck: 1.07694 ± 0.02087
2026-06-05 03:09:08 [INFO]     epsilon_T: 3.077e-04 ± 0.00032
2026-06-05 03:09:08 [INFO]     sigma8: 0.99252 ± 0.00904
2026-06-05 03:09:08 [INFO]     S8: 1.81209 ± 0.01650
2026-06-05 03:09:08 [SUCCESS]   ✓ Saved summary to /Users/matthewsmawfield/www/Temporal Equivalence Principle/TEP-HC/results/07_mcmc_summary_full.json
2026-06-05 08:05:27 [INFO] STEP 07_posteriors: Posterior Analysis (Rigorous Audit)
2026-06-05 08:05:27 [INFO] SCOPE: hi_class with native TEP background-only implementation.
2026-06-05 08:05:27 [INFO] Reference: TEP-C0 (Paper 26) native TEP + full Planck finds n_s = 0.9623 +- 0.0046.
2026-06-05 08:05:27 [SUCCESS]   ✓ Loaded 30,720 samples from 1 chains (tep_hiclass_suite)
2026-06-05 08:05:27 [INFO] Cross-chain Gelman-Rubin R-1:
2026-06-05 08:05:27 [INFO]     A_s: R-1 = inf
2026-06-05 08:05:27 [INFO]     n_s: R-1 = inf
2026-06-05 08:05:27 [INFO]     H0: R-1 = inf
2026-06-05 08:05:27 [INFO]     omega_b: R-1 = inf
2026-06-05 08:05:27 [INFO]     omega_cdm: R-1 = inf
2026-06-05 08:05:27 [INFO]     tau_reio: R-1 = inf
2026-06-05 08:05:27 [INFO]     A_planck: R-1 = inf
2026-06-05 08:05:27 [INFO]     epsilon_T: R-1 = inf
2026-06-05 08:05:27 [INFO]     sigma8: R-1 = inf
2026-06-05 08:05:27 [WARNING]   Max R-1 across parameters: inf
2026-06-05 08:05:27 [INFO] TEP constraints (combined, 4 chains):
2026-06-05 08:05:27 [INFO]     A_s: 1.880e-09 ± 0.00000
2026-06-05 08:05:27 [INFO]     n_s: 0.94203 ± 0.00204
2026-06-05 08:05:27 [INFO]     H0: 44.90228 ± 2.01133
2026-06-05 08:05:27 [INFO]     omega_b: 0.00504 ± 0.00004
2026-06-05 08:05:27 [INFO]     omega_cdm: 0.21649 ± 0.00385
2026-06-05 08:05:27 [INFO]     tau_reio: 0.02170 ± 0.00565
2026-06-05 08:05:27 [INFO]     A_planck: 1.08039 ± 0.01710
2026-06-05 08:05:27 [INFO]     epsilon_T: 2.590e-04 ± 0.00026
2026-06-05 08:05:27 [INFO]     sigma8: 0.95325 ± 0.03946
2026-06-05 08:05:27 [INFO]     S8: 1.82452 ± 0.01830
2026-06-05 08:05:27 [SUCCESS]   ✓ Saved summary to /Users/matthewsmawfield/www/Temporal Equivalence Principle/TEP-HC/results/07_mcmc_summary_full.json
2026-06-05 10:41:31 [INFO] STEP 07_posteriors: Posterior Analysis (Rigorous Audit)
2026-06-05 10:41:31 [INFO] SCOPE: hi_class with native TEP background-only implementation.
2026-06-05 10:41:31 [INFO] Reference: TEP-C0 (Paper 26) native TEP + full Planck finds n_s = 0.9623 +- 0.0046.
2026-06-05 10:41:31 [SUCCESS]   ✓ Loaded 4,480 samples from 1 chains (tep_hiclass_suite)
2026-06-05 10:41:31 [INFO] Cross-chain Gelman-Rubin R-1:
2026-06-05 10:41:31 [INFO]     A_s: R-1 = inf
2026-06-05 10:41:31 [INFO]     n_s: R-1 = inf
2026-06-05 10:41:31 [INFO]     H0: R-1 = inf
2026-06-05 10:41:31 [INFO]     omega_b: R-1 = inf
2026-06-05 10:41:31 [INFO]     omega_cdm: R-1 = inf
2026-06-05 10:41:31 [INFO]     tau_reio: R-1 = inf
2026-06-05 10:41:31 [INFO]     A_planck: R-1 = inf
2026-06-05 10:41:31 [INFO]     epsilon_T: R-1 = inf
2026-06-05 10:41:31 [INFO]     sigma8: R-1 = inf
2026-06-05 10:41:31 [WARNING]   Max R-1 across parameters: inf
2026-06-05 10:41:31 [INFO] TEP constraints (combined, 4 chains):
2026-06-05 10:41:31 [INFO]     A_s: 2.310e-09 ± 0.00000
2026-06-05 10:41:31 [INFO]     n_s: 0.99660 ± 0.00331
2026-06-05 10:41:31 [INFO]     H0: 66.72751 ± 1.59611
2026-06-05 10:41:31 [INFO]     omega_b: 0.02135 ± 0.00235
2026-06-05 10:41:31 [INFO]     omega_cdm: 0.11518 ± 0.00414
2026-06-05 10:41:31 [INFO]     tau_reio: 0.04948 ± 0.00710
2026-06-05 10:41:31 [INFO]     A_planck: 1.08817 ± 0.01150
2026-06-05 10:41:31 [INFO]     epsilon_T: 0.00508 ± 0.00415
2026-06-05 10:41:31 [INFO]     sigma8: 0.85762 ± 0.01537
2026-06-05 10:41:31 [INFO]     S8: 0.86713 ± 0.02546
2026-06-05 10:41:31 [SUCCESS]   ✓ Saved summary to /Users/matthewsmawfield/www/Temporal Equivalence Principle/TEP-HC/results/07_mcmc_summary_full.json
2026-06-05 20:23:39 [INFO] STEP 07_posteriors: Posterior Analysis (Rigorous Audit)
2026-06-05 20:23:39 [INFO] SCOPE: hi_class with native TEP background-only implementation.
2026-06-05 20:23:39 [INFO] Reference: TEP-C0 (Paper 26) native TEP + full Planck finds n_s = 0.9623 +- 0.0046.
2026-06-05 20:23:39 [SUCCESS]   ✓ Loaded 4,480 samples from 1 chains (tep_hiclass_suite)
2026-06-05 20:23:39 [INFO] Gelman-Rubin R-1: N/A (1 chain loaded; requires >= 2 chains)
2026-06-05 20:23:39 [INFO] TEP constraints (combined, 1 chain):
2026-06-05 20:23:39 [INFO]     A_s: 2.310e-09 ± 0.00000
2026-06-05 20:23:39 [INFO]     n_s: 0.99660 ± 0.00331
2026-06-05 20:23:39 [INFO]     H0: 66.72751 ± 1.59611
2026-06-05 20:23:39 [INFO]     omega_b: 0.02135 ± 0.00235
2026-06-05 20:23:39 [INFO]     omega_cdm: 0.11518 ± 0.00414
2026-06-05 20:23:39 [INFO]     tau_reio: 0.04948 ± 0.00710
2026-06-05 20:23:39 [INFO]     A_planck: 1.08817 ± 0.01150
2026-06-05 20:23:39 [INFO]     epsilon_T: 0.00508 ± 0.00415
2026-06-05 20:23:39 [INFO]     sigma8: 0.85762 ± 0.01537
2026-06-05 20:23:39 [INFO]     S8: 0.86713 ± 0.02546
2026-06-05 20:23:39 [SUCCESS]   ✓ Saved summary to /Users/matthewsmawfield/www/Temporal Equivalence Principle/TEP-HC/results/07_mcmc_summary_full.json
2026-06-05 20:23:39 [SUCCESS] 
Step 08 completed in 0.0s
2026-06-05 20:23:39 [INFO] 
2026-06-05 20:23:39 [INFO] ----------------------------------------------------------------------
2026-06-05 20:23:39 [INFO] 
2026-06-05 20:23:39 [INFO] >>> STEP 09: RESULTS SYNTHESIS
2026-06-05 20:23:39 [INFO] 
2026-06-06 02:11:34 [INFO] STEP 07_posteriors: Posterior Analysis (Rigorous Audit)
2026-06-06 02:11:34 [INFO] SCOPE: hi_class with native TEP background-only implementation.
2026-06-06 02:11:34 [INFO] Reference: TEP-C0 (Paper 26) native TEP + full Planck finds n_s = 0.9623 +- 0.0046.
2026-06-06 02:11:34 [SUCCESS]   ✓ Loaded 27,190 samples from 1 chains (tep_hiclass_suite)
2026-06-06 02:11:34 [INFO] Gelman-Rubin R-1: N/A (1 chain loaded; requires >= 2 chains)
2026-06-06 02:11:34 [INFO] TEP constraints (combined, 1 chain):
2026-06-06 02:11:34 [INFO]     A_s: 2.307e-09 ± 0.00000
2026-06-06 02:11:34 [INFO]     n_s: 0.99561 ± 0.00424
2026-06-06 02:11:34 [INFO]     H0: 66.62840 ± 1.69707
2026-06-06 02:11:34 [INFO]     omega_b: 0.02118 ± 0.00251
2026-06-06 02:11:34 [INFO]     omega_cdm: 0.11535 ± 0.00419
2026-06-06 02:11:34 [INFO]     tau_reio: 0.04912 ± 0.00746
2026-06-06 02:11:34 [INFO]     A_planck: 1.08778 ± 0.01221
2026-06-06 02:11:34 [INFO]     epsilon_T: 0.00563 ± 0.00434
2026-06-06 02:11:34 [INFO]     sigma8: 0.85867 ± 0.01655
2026-06-06 02:11:34 [INFO]     S8: 0.86956 ± 0.02766
2026-06-06 02:11:34 [SUCCESS]   ✓ Saved summary to /Users/matthewsmawfield/www/Temporal Equivalence Principle/TEP-HC/results/07_mcmc_summary_full.json
2026-06-06 02:11:34 [SUCCESS] 
Step 08 completed in 0.2s
2026-06-06 02:11:34 [INFO] 
2026-06-06 02:11:34 [INFO] ----------------------------------------------------------------------
2026-06-06 02:11:34 [INFO] 
2026-06-06 02:11:34 [INFO] >>> STEP 09: RESULTS SYNTHESIS
2026-06-06 02:11:34 [INFO] 
2026-06-08 04:47:19 [INFO] STEP 07_posteriors: Posterior Analysis (Rigorous Audit)
2026-06-08 04:47:19 [INFO] SCOPE: hi_class with native TEP background-only implementation.
2026-06-08 04:47:19 [INFO] Reference: TEP-C0 (Paper 26) native TEP + full Planck finds n_s = 0.9619 +- 0.0046.
2026-06-08 04:47:20 [SUCCESS]   ✓ Loaded 27,190 samples from 1 chains (tep_hiclass_suite)
2026-06-08 04:47:20 [INFO] Gelman-Rubin R-1: N/A (1 chain loaded; requires >= 2 chains)
2026-06-08 04:47:20 [INFO] TEP constraints (combined, 1 chain):
2026-06-08 04:47:20 [INFO]     A_s: 2.307e-09 ± 0.00000
2026-06-08 04:47:20 [INFO]     n_s: 0.99561 ± 0.00424
2026-06-08 04:47:20 [INFO]     H0: 66.62840 ± 1.69707
2026-06-08 04:47:20 [INFO]     omega_b: 0.02118 ± 0.00251
2026-06-08 04:47:20 [INFO]     omega_cdm: 0.11535 ± 0.00419
2026-06-08 04:47:20 [INFO]     tau_reio: 0.04912 ± 0.00746
2026-06-08 04:47:20 [INFO]     A_planck: 1.08778 ± 0.01221
2026-06-08 04:47:20 [INFO]     epsilon_T: 0.00563 ± 0.00434
2026-06-08 04:47:20 [INFO]     sigma8: 0.85867 ± 0.01655
2026-06-08 04:47:20 [INFO]     S8: 0.86956 ± 0.02766
2026-06-08 04:47:20 [SUCCESS]   ✓ Saved summary to /Users/matthewsmawfield/www/Temporal Equivalence Principle/TEP-HC/results/07_mcmc_summary_full.json
